This is pdfTeX, Version 3.1415926-2.5-1.40.14 (TeX Live 2013/Debian) (format=pdflatex 2016.6.6)  7 JUN 2016 14:47
entering extended mode
 restricted \write18 enabled.
 %&-line parsing enabled.
**Feathertheme.tex
(./Feathertheme.tex
LaTeX2e <2011/06/27>
Babel <3.9h> and hyphenation patterns for 78 languages loaded.
(/usr/share/texmf/tex/latex/beamer/base/beamer.cls
(/usr/share/texmf/tex/latex/beamer/base/beamerbasercs.sty
Package: beamerbasercs 2012/11/13 (rcs-revision cb16a617839f)
)
Document Class: beamer 2012/10/15 development version 3.24 A class for typesett
ing presentations (rcs-revision 24853e6b98cf)
(/usr/share/texmf/tex/latex/beamer/base/beamerbasemodes.sty
Package: beamerbasemodes 2012/04/15 (rcs-revision cc6557182d97)
\beamer@tempbox=\box26
\beamer@tempcount=\count79
\c@beamerpauses=\count80

(/usr/share/texmf/tex/latex/beamer/base/beamerbasedecode.sty
Package: beamerbasedecode 2010/05/01 (rcs-revision efa082c6111d)
\beamer@slideinframe=\count81
\beamer@minimum=\count82
)
\beamer@commentbox=\box27
\beamer@modecount=\count83
)
(/usr/share/texlive/texmf-dist/tex/generic/oberdiek/ifpdf.sty
Package: ifpdf 2011/01/30 v2.3 Provides the ifpdf switch (HO)
Package ifpdf Info: pdfTeX in PDF mode is detected.
)
\headheight=\dimen102
\headdp=\dimen103
\footheight=\dimen104
\sidebarheight=\dimen105
\beamer@tempdim=\dimen106
\beamer@finalheight=\dimen107
\beamer@animht=\dimen108
\beamer@animdp=\dimen109
\beamer@animwd=\dimen110
\beamer@leftmargin=\dimen111
\beamer@rightmargin=\dimen112
\beamer@leftsidebar=\dimen113
\beamer@rightsidebar=\dimen114
\beamer@boxsize=\dimen115
\beamer@vboxoffset=\dimen116
\beamer@descdefault=\dimen117
\beamer@descriptionwidth=\dimen118
\beamer@lastskip=\skip41
\beamer@areabox=\box28
\beamer@animcurrent=\box29
\beamer@animshowbox=\box30
\beamer@sectionbox=\box31
\beamer@logobox=\box32
\beamer@linebox=\box33
\beamer@sectioncount=\count84
\beamer@subsubsectionmax=\count85
\beamer@subsectionmax=\count86
\beamer@sectionmax=\count87
\beamer@totalheads=\count88
\beamer@headcounter=\count89
\beamer@partstartpage=\count90
\beamer@sectionstartpage=\count91
\beamer@subsectionstartpage=\count92
\beamer@animationtempa=\count93
\beamer@animationtempb=\count94
\beamer@xpos=\count95
\beamer@ypos=\count96
\beamer@showpartnumber=\count97
\beamer@currentsubsection=\count98
\beamer@coveringdepth=\count99
\beamer@sectionadjust=\count100
\beamer@tocsectionnumber=\count101

(/usr/share/texmf/tex/latex/beamer/base/beamerbaseoptions.sty
Package: beamerbaseoptions 2010/04/27 (rcs-revision 982469101dd6)

(/usr/share/texlive/texmf-dist/tex/latex/graphics/keyval.sty
Package: keyval 1999/03/16 v1.13 key=value parser (DPC)
\KV@toks@=\toks14
))
\beamer@paperwidth=\skip42
\beamer@paperheight=\skip43

(/usr/share/texlive/texmf-dist/tex/latex/geometry/geometry.sty
Package: geometry 2010/09/12 v5.6 Page Geometry

(/usr/share/texlive/texmf-dist/tex/generic/oberdiek/ifvtex.sty
Package: ifvtex 2010/03/01 v1.5 Detect VTeX and its facilities (HO)
Package ifvtex Info: VTeX not detected.
)
(/usr/share/texlive/texmf-dist/tex/generic/ifxetex/ifxetex.sty
Package: ifxetex 2010/09/12 v0.6 Provides ifxetex conditional
)
\Gm@cnth=\count102
\Gm@cntv=\count103
\c@Gm@tempcnt=\count104
\Gm@bindingoffset=\dimen119
\Gm@wd@mp=\dimen120
\Gm@odd@mp=\dimen121
\Gm@even@mp=\dimen122
\Gm@layoutwidth=\dimen123
\Gm@layoutheight=\dimen124
\Gm@layouthoffset=\dimen125
\Gm@layoutvoffset=\dimen126
\Gm@dimlist=\toks15
)
(/usr/share/texlive/texmf-dist/tex/latex/base/size10.clo
File: size10.clo 2007/10/19 v1.4h Standard LaTeX file (size option)
)
(/usr/share/texmf/tex/latex/pgf/basiclayer/pgfcore.sty
(/usr/share/texlive/texmf-dist/tex/latex/graphics/graphicx.sty
Package: graphicx 1999/02/16 v1.0f Enhanced LaTeX Graphics (DPC,SPQR)

(/usr/share/texlive/texmf-dist/tex/latex/graphics/graphics.sty
Package: graphics 2009/02/05 v1.0o Standard LaTeX Graphics (DPC,SPQR)

(/usr/share/texlive/texmf-dist/tex/latex/graphics/trig.sty
Package: trig 1999/03/16 v1.09 sin cos tan (DPC)
)
(/usr/share/texlive/texmf-dist/tex/latex/latexconfig/graphics.cfg
File: graphics.cfg 2010/04/23 v1.9 graphics configuration of TeX Live
)
Package graphics Info: Driver file: pdftex.def on input line 91.

(/usr/share/texlive/texmf-dist/tex/latex/pdftex-def/pdftex.def
File: pdftex.def 2011/05/27 v0.06d Graphics/color for pdfTeX

(/usr/share/texlive/texmf-dist/tex/generic/oberdiek/infwarerr.sty
Package: infwarerr 2010/04/08 v1.3 Providing info/warning/error messages (HO)
)
(/usr/share/texlive/texmf-dist/tex/generic/oberdiek/ltxcmds.sty
Package: ltxcmds 2011/11/09 v1.22 LaTeX kernel commands for general use (HO)
)
\Gread@gobject=\count105
))
\Gin@req@height=\dimen127
\Gin@req@width=\dimen128
)
(/usr/share/texmf/tex/latex/pgf/systemlayer/pgfsys.sty
(/usr/share/texmf/tex/latex/pgf/utilities/pgfrcs.sty
(/usr/share/texmf/tex/generic/pgf/utilities/pgfutil-common.tex
\pgfutil@everybye=\toks16
)
(/usr/share/texmf/tex/generic/pgf/utilities/pgfutil-latex.def
\pgfutil@abb=\box34

(/usr/share/texlive/texmf-dist/tex/latex/ms/everyshi.sty
Package: everyshi 2001/05/15 v3.00 EveryShipout Package (MS)
))
(/usr/share/texmf/tex/generic/pgf/utilities/pgfrcs.code.tex
Package: pgfrcs 2010/10/25 v2.10 (rcs-revision 1.24)
))
(/usr/share/texmf/tex/generic/pgf/systemlayer/pgfsys.code.tex
Package: pgfsys 2010/06/30 v2.10 (rcs-revision 1.37)

(/usr/share/texmf/tex/generic/pgf/utilities/pgfkeys.code.tex
\pgfkeys@pathtoks=\toks17
\pgfkeys@temptoks=\toks18

(/usr/share/texmf/tex/generic/pgf/utilities/pgfkeysfiltered.code.tex
\pgfkeys@tmptoks=\toks19
))
\pgf@x=\dimen129
\pgf@y=\dimen130
\pgf@xa=\dimen131
\pgf@ya=\dimen132
\pgf@xb=\dimen133
\pgf@yb=\dimen134
\pgf@xc=\dimen135
\pgf@yc=\dimen136
\w@pgf@writea=\write3
\r@pgf@reada=\read1
\c@pgf@counta=\count106
\c@pgf@countb=\count107
\c@pgf@countc=\count108
\c@pgf@countd=\count109

(/usr/share/texmf/tex/generic/pgf/systemlayer/pgf.cfg
File: pgf.cfg 2008/05/14  (rcs-revision 1.7)
)
Package pgfsys Info: Driver file for pgf: pgfsys-pdftex.def on input line 900.

(/usr/share/texmf/tex/generic/pgf/systemlayer/pgfsys-pdftex.def
File: pgfsys-pdftex.def 2009/05/22  (rcs-revision 1.26)

(/usr/share/texmf/tex/generic/pgf/systemlayer/pgfsys-common-pdf.def
File: pgfsys-common-pdf.def 2008/05/19  (rcs-revision 1.10)
)))
(/usr/share/texmf/tex/generic/pgf/systemlayer/pgfsyssoftpath.code.tex
File: pgfsyssoftpath.code.tex 2008/07/18  (rcs-revision 1.7)
\pgfsyssoftpath@smallbuffer@items=\count110
\pgfsyssoftpath@bigbuffer@items=\count111
)
(/usr/share/texmf/tex/generic/pgf/systemlayer/pgfsysprotocol.code.tex
File: pgfsysprotocol.code.tex 2006/10/16  (rcs-revision 1.4)
))
(/usr/share/texmf/tex/latex/xcolor/xcolor.sty
Package: xcolor 2007/01/21 v2.11 LaTeX color extensions (UK)

(/usr/share/texlive/texmf-dist/tex/latex/latexconfig/color.cfg
File: color.cfg 2007/01/18 v1.5 color configuration of teTeX/TeXLive
)
Package xcolor Info: Driver file: pdftex.def on input line 225.
Package xcolor Info: Model `cmy' substituted by `cmy0' on input line 1337.
Package xcolor Info: Model `hsb' substituted by `rgb' on input line 1341.
Package xcolor Info: Model `RGB' extended on input line 1353.
Package xcolor Info: Model `HTML' substituted by `rgb' on input line 1355.
Package xcolor Info: Model `Hsb' substituted by `hsb' on input line 1356.
Package xcolor Info: Model `tHsb' substituted by `hsb' on input line 1357.
Package xcolor Info: Model `HSB' substituted by `hsb' on input line 1358.
Package xcolor Info: Model `Gray' substituted by `gray' on input line 1359.
Package xcolor Info: Model `wave' substituted by `hsb' on input line 1360.
)
(/usr/share/texmf/tex/generic/pgf/basiclayer/pgfcore.code.tex
Package: pgfcore 2010/04/11 v2.10 (rcs-revision 1.7)

(/usr/share/texmf/tex/generic/pgf/math/pgfmath.code.tex
(/usr/share/texmf/tex/generic/pgf/math/pgfmathcalc.code.tex
(/usr/share/texmf/tex/generic/pgf/math/pgfmathutil.code.tex)
(/usr/share/texmf/tex/generic/pgf/math/pgfmathparser.code.tex
\pgfmath@dimen=\dimen137
\pgfmath@count=\count112
\pgfmath@box=\box35
\pgfmath@toks=\toks20
\pgfmath@stack@operand=\toks21
\pgfmath@stack@operation=\toks22
)
(/usr/share/texmf/tex/generic/pgf/math/pgfmathfunctions.code.tex
(/usr/share/texmf/tex/generic/pgf/math/pgfmathfunctions.basic.code.tex)
(/usr/share/texmf/tex/generic/pgf/math/pgfmathfunctions.trigonometric.code.tex)
(/usr/share/texmf/tex/generic/pgf/math/pgfmathfunctions.random.code.tex)
(/usr/share/texmf/tex/generic/pgf/math/pgfmathfunctions.comparison.code.tex)
(/usr/share/texmf/tex/generic/pgf/math/pgfmathfunctions.base.code.tex)
(/usr/share/texmf/tex/generic/pgf/math/pgfmathfunctions.round.code.tex)
(/usr/share/texmf/tex/generic/pgf/math/pgfmathfunctions.misc.code.tex)))
(/usr/share/texmf/tex/generic/pgf/math/pgfmathfloat.code.tex
\c@pgfmathroundto@lastzeros=\count113
))
(/usr/share/texmf/tex/generic/pgf/basiclayer/pgfcorepoints.code.tex
File: pgfcorepoints.code.tex 2010/04/09  (rcs-revision 1.20)
\pgf@picminx=\dimen138
\pgf@picmaxx=\dimen139
\pgf@picminy=\dimen140
\pgf@picmaxy=\dimen141
\pgf@pathminx=\dimen142
\pgf@pathmaxx=\dimen143
\pgf@pathminy=\dimen144
\pgf@pathmaxy=\dimen145
\pgf@xx=\dimen146
\pgf@xy=\dimen147
\pgf@yx=\dimen148
\pgf@yy=\dimen149
\pgf@zx=\dimen150
\pgf@zy=\dimen151
)
(/usr/share/texmf/tex/generic/pgf/basiclayer/pgfcorepathconstruct.code.tex
File: pgfcorepathconstruct.code.tex 2010/08/03  (rcs-revision 1.24)
\pgf@path@lastx=\dimen152
\pgf@path@lasty=\dimen153
)
(/usr/share/texmf/tex/generic/pgf/basiclayer/pgfcorepathusage.code.tex
File: pgfcorepathusage.code.tex 2008/04/22  (rcs-revision 1.12)
\pgf@shorten@end@additional=\dimen154
\pgf@shorten@start@additional=\dimen155
)
(/usr/share/texmf/tex/generic/pgf/basiclayer/pgfcorescopes.code.tex
File: pgfcorescopes.code.tex 2010/09/08  (rcs-revision 1.34)
\pgfpic=\box36
\pgf@hbox=\box37
\pgf@layerbox@main=\box38
\pgf@picture@serial@count=\count114
)
(/usr/share/texmf/tex/generic/pgf/basiclayer/pgfcoregraphicstate.code.tex
File: pgfcoregraphicstate.code.tex 2008/04/22  (rcs-revision 1.9)
\pgflinewidth=\dimen156
)
(/usr/share/texmf/tex/generic/pgf/basiclayer/pgfcoretransformations.code.tex
File: pgfcoretransformations.code.tex 2009/06/10  (rcs-revision 1.11)
\pgf@pt@x=\dimen157
\pgf@pt@y=\dimen158
\pgf@pt@temp=\dimen159
)
(/usr/share/texmf/tex/generic/pgf/basiclayer/pgfcorequick.code.tex
File: pgfcorequick.code.tex 2008/10/09  (rcs-revision 1.3)
)
(/usr/share/texmf/tex/generic/pgf/basiclayer/pgfcoreobjects.code.tex
File: pgfcoreobjects.code.tex 2006/10/11  (rcs-revision 1.2)
)
(/usr/share/texmf/tex/generic/pgf/basiclayer/pgfcorepathprocessing.code.tex
File: pgfcorepathprocessing.code.tex 2008/10/09  (rcs-revision 1.8)
)
(/usr/share/texmf/tex/generic/pgf/basiclayer/pgfcorearrows.code.tex
File: pgfcorearrows.code.tex 2008/04/23  (rcs-revision 1.11)
)
(/usr/share/texmf/tex/generic/pgf/basiclayer/pgfcoreshade.code.tex
File: pgfcoreshade.code.tex 2008/11/23  (rcs-revision 1.13)
\pgf@max=\dimen160
\pgf@sys@shading@range@num=\count115
)
(/usr/share/texmf/tex/generic/pgf/basiclayer/pgfcoreimage.code.tex
File: pgfcoreimage.code.tex 2010/03/25  (rcs-revision 1.16)

(/usr/share/texmf/tex/generic/pgf/basiclayer/pgfcoreexternal.code.tex
File: pgfcoreexternal.code.tex 2010/09/01  (rcs-revision 1.17)
\pgfexternal@startupbox=\box39
))
(/usr/share/texmf/tex/generic/pgf/basiclayer/pgfcorelayers.code.tex
File: pgfcorelayers.code.tex 2010/08/27  (rcs-revision 1.2)
)
(/usr/share/texmf/tex/generic/pgf/basiclayer/pgfcoretransparency.code.tex
File: pgfcoretransparency.code.tex 2008/01/17  (rcs-revision 1.2)
)
(/usr/share/texmf/tex/generic/pgf/basiclayer/pgfcorepatterns.code.tex
File: pgfcorepatterns.code.tex 2009/07/02  (rcs-revision 1.3)
)))
(/usr/share/texmf/tex/latex/pgf/utilities/xxcolor.sty
Package: xxcolor 2003/10/24 ver 0.1
\XC@nummixins=\count116
\XC@countmixins=\count117
)
(/usr/share/texlive/texmf-dist/tex/latex/hyperref/hyperref.sty
Package: hyperref 2012/11/06 v6.83m Hypertext links for LaTeX

(/usr/share/texlive/texmf-dist/tex/generic/oberdiek/hobsub-hyperref.sty
Package: hobsub-hyperref 2012/05/28 v1.13 Bundle oberdiek, subset hyperref (HO)


(/usr/share/texlive/texmf-dist/tex/generic/oberdiek/hobsub-generic.sty
Package: hobsub-generic 2012/05/28 v1.13 Bundle oberdiek, subset generic (HO)
Package: hobsub 2012/05/28 v1.13 Construct package bundles (HO)
Package hobsub Info: Skipping package `infwarerr' (already loaded).
Package hobsub Info: Skipping package `ltxcmds' (already loaded).
Package: ifluatex 2010/03/01 v1.3 Provides the ifluatex switch (HO)
Package ifluatex Info: LuaTeX not detected.
Package hobsub Info: Skipping package `ifvtex' (already loaded).
Package: intcalc 2007/09/27 v1.1 Expandable calculations with integers (HO)
Package hobsub Info: Skipping package `ifpdf' (already loaded).
Package: etexcmds 2011/02/16 v1.5 Avoid name clashes with e-TeX commands (HO)
Package etexcmds Info: Could not find \expanded.
(etexcmds)             That can mean that you are not using pdfTeX 1.50 or
(etexcmds)             that some package has redefined \expanded.
(etexcmds)             In the latter case, load this package earlier.
Package: kvsetkeys 2012/04/25 v1.16 Key value parser (HO)
Package: kvdefinekeys 2011/04/07 v1.3 Define keys (HO)
Package: pdftexcmds 2011/11/29 v0.20 Utility functions of pdfTeX for LuaTeX (HO
)
Package pdftexcmds Info: LuaTeX not detected.
Package pdftexcmds Info: \pdf@primitive is available.
Package pdftexcmds Info: \pdf@ifprimitive is available.
Package pdftexcmds Info: \pdfdraftmode found.
Package: pdfescape 2011/11/25 v1.13 Implements pdfTeX's escape features (HO)
Package: bigintcalc 2012/04/08 v1.3 Expandable calculations on big integers (HO
)
Package: bitset 2011/01/30 v1.1 Handle bit-vector datatype (HO)
Package: uniquecounter 2011/01/30 v1.2 Provide unlimited unique counter (HO)
)
Package hobsub Info: Skipping package `hobsub' (already loaded).
Package: letltxmacro 2010/09/02 v1.4 Let assignment for LaTeX macros (HO)
Package: hopatch 2012/05/28 v1.2 Wrapper for package hooks (HO)
Package: xcolor-patch 2011/01/30 xcolor patch
Package: atveryend 2011/06/30 v1.8 Hooks at the very end of document (HO)
Package atveryend Info: \enddocument detected (standard20110627).
Package: atbegshi 2011/10/05 v1.16 At begin shipout hook (HO)
Package: refcount 2011/10/16 v3.4 Data extraction from label references (HO)
Package: hycolor 2011/01/30 v1.7 Color options for hyperref/bookmark (HO)
)
(/usr/share/texlive/texmf-dist/tex/latex/oberdiek/auxhook.sty
Package: auxhook 2011/03/04 v1.3 Hooks for auxiliary files (HO)
)
(/usr/share/texlive/texmf-dist/tex/latex/oberdiek/kvoptions.sty
Package: kvoptions 2011/06/30 v3.11 Key value format for package options (HO)
)
\@linkdim=\dimen161
\Hy@linkcounter=\count118
\Hy@pagecounter=\count119

(/usr/share/texlive/texmf-dist/tex/latex/hyperref/pd1enc.def
File: pd1enc.def 2012/11/06 v6.83m Hyperref: PDFDocEncoding definition (HO)
)
\Hy@SavedSpaceFactor=\count120

(/usr/share/texlive/texmf-dist/tex/latex/latexconfig/hyperref.cfg
File: hyperref.cfg 2002/06/06 v1.2 hyperref configuration of TeXLive
)
Package hyperref Info: Option `bookmarks' set `true' on input line 4319.
Package hyperref Info: Option `bookmarksopen' set `true' on input line 4319.
Package hyperref Info: Option `implicit' set `false' on input line 4319.
Package hyperref Info: Hyper figures OFF on input line 4443.
Package hyperref Info: Link nesting OFF on input line 4448.
Package hyperref Info: Hyper index ON on input line 4451.
Package hyperref Info: Plain pages OFF on input line 4458.
Package hyperref Info: Backreferencing OFF on input line 4463.
Package hyperref Info: Implicit mode OFF; no redefinition of LaTeX internals.
Package hyperref Info: Bookmarks ON on input line 4688.
\c@Hy@tempcnt=\count121

(/usr/share/texlive/texmf-dist/tex/latex/url/url.sty
\Urlmuskip=\muskip10
Package: url 2013/09/16  ver 3.4  Verb mode for urls, etc.
)
LaTeX Info: Redefining \url on input line 5041.
\XeTeXLinkMargin=\dimen162
\Fld@menulength=\count122
\Field@Width=\dimen163
\Fld@charsize=\dimen164
Package hyperref Info: Hyper figures OFF on input line 6295.
Package hyperref Info: Link nesting OFF on input line 6300.
Package hyperref Info: Hyper index ON on input line 6303.
Package hyperref Info: backreferencing OFF on input line 6310.
Package hyperref Info: Link coloring OFF on input line 6315.
Package hyperref Info: Link coloring with OCG OFF on input line 6320.
Package hyperref Info: PDF/A mode OFF on input line 6325.
LaTeX Info: Redefining \ref on input line 6365.
LaTeX Info: Redefining \pageref on input line 6369.
\Hy@abspage=\count123


Package hyperref Message: Stopped early.

)

Package hyperref Message: Driver (autodetected): hpdftex.

(/usr/share/texlive/texmf-dist/tex/latex/hyperref/hpdftex.def
File: hpdftex.def 2012/11/06 v6.83m Hyperref driver for pdfTeX
\Fld@listcount=\count124
\c@bookmark@seq@number=\count125

(/usr/share/texlive/texmf-dist/tex/latex/oberdiek/rerunfilecheck.sty
Package: rerunfilecheck 2011/04/15 v1.7 Rerun checks for auxiliary files (HO)
Package uniquecounter Info: New unique counter `rerunfilecheck' on input line 2
82.
))
(/usr/share/texmf/tex/latex/beamer/base/beamerbaserequires.sty
Package: beamerbaserequires 2010/05/01  (rcs-revision efa082c6111d)

(/usr/share/texmf/tex/latex/beamer/base/beamerbasecompatibility.sty
Package: beamerbasecompatibility 2012/05/01  (rcs-revision 67c48b3b652d)
)
(/usr/share/texmf/tex/latex/beamer/base/beamerbasefont.sty
Package: beamerbasefont 2012/09/19  (rcs-revision 733629cd0c6c)

(/usr/share/texlive/texmf-dist/tex/latex/amsfonts/amssymb.sty
Package: amssymb 2013/01/14 v3.01 AMS font symbols

(/usr/share/texlive/texmf-dist/tex/latex/amsfonts/amsfonts.sty
Package: amsfonts 2013/01/14 v3.01 Basic AMSFonts support
\@emptytoks=\toks23
\symAMSa=\mathgroup4
\symAMSb=\mathgroup5
LaTeX Font Info:    Overwriting math alphabet `\mathfrak' in version `bold'
(Font)                  U/euf/m/n --> U/euf/b/n on input line 106.
)))
(/usr/share/texmf/tex/latex/beamer/base/beamerbasetranslator.sty
Package: beamerbasetranslator 2010/06/11  (rcs-revision 85fd1cc7fc42)

(/usr/share/texmf/tex/latex/beamer/base/translator/translator.sty
Package: translator 2010/06/12 ver 1.10

(/usr/share/texmf/tex/latex/beamer/base/translator/translator-language-mappings
.tex))) (/usr/share/texmf/tex/latex/beamer/base/beamerbasemisc.sty
Package: beamerbasemisc 2012/02/24  (rcs-revision 2ff5461be705)
)
(/usr/share/texmf/tex/latex/beamer/base/beamerbasetwoscreens.sty
Package: beamerbasetwoscreens 2010/05/01  (rcs-revision efa082c6111d)
)
(/usr/share/texmf/tex/latex/beamer/base/beamerbaseoverlay.sty
Package: beamerbaseoverlay 2012/11/11  (rcs-revision 6afbc49b1109)
\beamer@argscount=\count126
\beamer@lastskipcover=\skip44
\beamer@trivlistdepth=\count127
)
(/usr/share/texmf/tex/latex/beamer/base/beamerbasetitle.sty
Package: beamerbasetitle 2010/09/21  (rcs-revision f0446ed0b6ae)
)
(/usr/share/texmf/tex/latex/beamer/base/beamerbasesection.sty
Package: beamerbasesection 2012/11/11  (rcs-revision 0056eef6f17f)
\c@lecture=\count128
\c@part=\count129
\c@section=\count130
\c@subsection=\count131
\c@subsubsection=\count132
)
(/usr/share/texmf/tex/latex/beamer/base/beamerbaseframe.sty
Package: beamerbaseframe 2012/09/13  (rcs-revision dcd846607320)
\beamer@framebox=\box40
\beamer@frametitlebox=\box41
\beamer@zoombox=\box42
\beamer@zoomcount=\count133
\beamer@zoomframecount=\count134
\beamer@frametextheight=\dimen165
\c@subsectionslide=\count135
\beamer@frametopskip=\skip45
\beamer@framebottomskip=\skip46
\beamer@frametopskipautobreak=\skip47
\beamer@framebottomskipautobreak=\skip48
\beamer@envbody=\toks24
\framewidth=\dimen166
\c@framenumber=\count136
)
(/usr/share/texmf/tex/latex/beamer/base/beamerbaseverbatim.sty
Package: beamerbaseverbatim 2012/08/30  (rcs-revision dfdb135076b3)
\beamer@verbatimfileout=\write4
)
(/usr/share/texmf/tex/latex/beamer/base/beamerbaseframesize.sty
Package: beamerbaseframesize 2011/09/12  (rcs-revision 70f9d8411e54)
\beamer@splitbox=\box43
\beamer@autobreakcount=\count137
\beamer@autobreaklastheight=\dimen167
\beamer@frametitletoks=\toks25
\beamer@framesubtitletoks=\toks26
)
(/usr/share/texmf/tex/latex/beamer/base/beamerbaseframecomponents.sty
Package: beamerbaseframecomponents 2012/09/13  (rcs-revision dcd846607320)
\beamer@footins=\box44
)
(/usr/share/texmf/tex/latex/beamer/base/beamerbasecolor.sty
Package: beamerbasecolor 2010/06/06  (rcs-revision d1a9b48be06d)
)
(/usr/share/texmf/tex/latex/beamer/base/beamerbasenotes.sty
Package: beamerbasenotes 2010/05/01  (rcs-revision efa082c6111d)
\beamer@frameboxcopy=\box45
)
(/usr/share/texmf/tex/latex/beamer/base/beamerbasetoc.sty
Package: beamerbasetoc 2012/10/02  (rcs-revision 5ed0f4010e8a)
)
(/usr/share/texmf/tex/latex/beamer/base/beamerbasetemplates.sty
Package: beamerbasetemplates 2010/05/01  (rcs-revision efa082c6111d)
\beamer@sbttoks=\toks27

(/usr/share/texmf/tex/latex/beamer/base/beamerbaseauxtemplates.sty
Package: beamerbaseauxtemplates 2012/05/01  (rcs-revision 67c48b3b652d)

(/usr/share/texmf/tex/latex/beamer/base/beamerbaseboxes.sty
Package: beamerbaseboxes 2012/05/13  (rcs-revision 56972908a390)
\bmb@box=\box46
\bmb@colorbox=\box47
\bmb@boxshadow=\box48
\bmb@boxshadowball=\box49
\bmb@boxshadowballlarge=\box50
\bmb@temp=\dimen168
\bmb@dima=\dimen169
\bmb@dimb=\dimen170
\bmb@prevheight=\dimen171
)
\beamer@blockheadheight=\dimen172
))
(/usr/share/texmf/tex/latex/beamer/base/beamerbaselocalstructure.sty
Package: beamerbaselocalstructure 2012/11/13  (rcs-revision ddfba79dac19)

(/usr/share/texlive/texmf-dist/tex/latex/tools/enumerate.sty
Package: enumerate 1999/03/05 v3.00 enumerate extensions (DPC)
\@enLab=\toks28
)
\c@figure=\count138
\c@table=\count139
\abovecaptionskip=\skip49
\belowcaptionskip=\skip50
)
(/usr/share/texmf/tex/latex/beamer/base/beamerbasenavigation.sty
Package: beamerbasenavigation 2012/04/03  (rcs-revision 42a0f21a412d)
\beamer@section@min@dim=\dimen173
)
(/usr/share/texmf/tex/latex/beamer/base/beamerbasetheorems.sty
Package: beamerbasetheorems 2010/06/06  (rcs-revision 7e7cc5e53e9d)

(/usr/share/texlive/texmf-dist/tex/latex/amsmath/amsmath.sty
Package: amsmath 2013/01/14 v2.14 AMS math features
\@mathmargin=\skip51

For additional information on amsmath, use the `?' option.
(/usr/share/texlive/texmf-dist/tex/latex/amsmath/amstext.sty
Package: amstext 2000/06/29 v2.01

(/usr/share/texlive/texmf-dist/tex/latex/amsmath/amsgen.sty
File: amsgen.sty 1999/11/30 v2.0
\@emptytoks=\toks29
\ex@=\dimen174
))
(/usr/share/texlive/texmf-dist/tex/latex/amsmath/amsbsy.sty
Package: amsbsy 1999/11/29 v1.2d
\pmbraise@=\dimen175
)
(/usr/share/texlive/texmf-dist/tex/latex/amsmath/amsopn.sty
Package: amsopn 1999/12/14 v2.01 operator names
)
\inf@bad=\count140
LaTeX Info: Redefining \frac on input line 210.
\uproot@=\count141
\leftroot@=\count142
LaTeX Info: Redefining \overline on input line 306.
\classnum@=\count143
\DOTSCASE@=\count144
LaTeX Info: Redefining \ldots on input line 378.
LaTeX Info: Redefining \dots on input line 381.
LaTeX Info: Redefining \cdots on input line 466.
\Mathstrutbox@=\box51
\strutbox@=\box52
\big@size=\dimen176
LaTeX Font Info:    Redeclaring font encoding OML on input line 566.
LaTeX Font Info:    Redeclaring font encoding OMS on input line 567.
\macc@depth=\count145
\c@MaxMatrixCols=\count146
\dotsspace@=\muskip11
\c@parentequation=\count147
\dspbrk@lvl=\count148
\tag@help=\toks30
\row@=\count149
\column@=\count150
\maxfields@=\count151
\andhelp@=\toks31
\eqnshift@=\dimen177
\alignsep@=\dimen178
\tagshift@=\dimen179
\tagwidth@=\dimen180
\totwidth@=\dimen181
\lineht@=\dimen182
\@envbody=\toks32
\multlinegap=\skip52
\multlinetaggap=\skip53
\mathdisplay@stack=\toks33
LaTeX Info: Redefining \[ on input line 2665.
LaTeX Info: Redefining \] on input line 2666.
)
(/usr/share/texlive/texmf-dist/tex/latex/amscls/amsthm.sty
Package: amsthm 2004/08/06 v2.20
\thm@style=\toks34
\thm@bodyfont=\toks35
\thm@headfont=\toks36
\thm@notefont=\toks37
\thm@headpunct=\toks38
\thm@preskip=\skip54
\thm@postskip=\skip55
\thm@headsep=\skip56
\dth@everypar=\toks39
)
\c@theorem=\count152
)
(/usr/share/texmf/tex/latex/beamer/base/beamerbasethemes.sty
Package: beamerbasethemes 2010/05/01  (rcs-revision efa082c6111d)
))
(/usr/share/texmf/tex/latex/beamer/base/themes/theme/beamerthemedefault.sty
Package: beamerthemedefault 2010/06/17  (rcs-revision d02a7cf4d8ae)

(/usr/share/texmf/tex/latex/beamer/base/themes/font/beamerfontthemedefault.sty
Package: beamerfontthemedefault 2010/06/17  (rcs-revision d02a7cf4d8ae)
)
(/usr/share/texmf/tex/latex/beamer/base/themes/color/beamercolorthemedefault.st
y
Package: beamercolorthemedefault 2010/06/17  (rcs-revision d02a7cf4d8ae)
)
(/usr/share/texmf/tex/latex/beamer/base/themes/inner/beamerinnerthemedefault.st
y
Package: beamerinnerthemedefault 2012/05/01  (rcs-revision 67c48b3b652d)
\beamer@dima=\dimen183
\beamer@dimb=\dimen184
)
(/usr/share/texmf/tex/latex/beamer/base/themes/outer/beamerouterthemedefault.st
y
Package: beamerouterthemedefault 2012/10/02  (rcs-revision 5ed0f4010e8a)
))) (./beamerthemeFeather.sty
Package: beamerthemeFeather 2014/04/08 v1.0.0 The Feather Beamer Theme

(/usr/share/texmf/tex/latex/pgf/frontendlayer/tikz.sty
(/usr/share/texmf/tex/latex/pgf/basiclayer/pgf.sty
Package: pgf 2008/01/15 v2.10 (rcs-revision 1.12)

(/usr/share/texmf/tex/generic/pgf/modules/pgfmoduleshapes.code.tex
File: pgfmoduleshapes.code.tex 2010/09/09  (rcs-revision 1.13)
\pgfnodeparttextbox=\box53
)
(/usr/share/texmf/tex/generic/pgf/modules/pgfmoduleplot.code.tex
File: pgfmoduleplot.code.tex 2010/10/22  (rcs-revision 1.8)
)
(/usr/share/texmf/tex/latex/pgf/compatibility/pgfcomp-version-0-65.sty
Package: pgfcomp-version-0-65 2007/07/03 v2.10 (rcs-revision 1.7)
\pgf@nodesepstart=\dimen185
\pgf@nodesepend=\dimen186
)
(/usr/share/texmf/tex/latex/pgf/compatibility/pgfcomp-version-1-18.sty
Package: pgfcomp-version-1-18 2007/07/23 v2.10 (rcs-revision 1.1)
))
(/usr/share/texmf/tex/latex/pgf/utilities/pgffor.sty
(/usr/share/texmf/tex/latex/pgf/utilities/pgfkeys.sty
(/usr/share/texmf/tex/generic/pgf/utilities/pgfkeys.code.tex))
(/usr/share/texmf/tex/generic/pgf/utilities/pgffor.code.tex
Package: pgffor 2010/03/23 v2.10 (rcs-revision 1.18)
\pgffor@iter=\dimen187
\pgffor@skip=\dimen188
\pgffor@stack=\toks40
\pgffor@toks=\toks41
))
(/usr/share/texmf/tex/generic/pgf/frontendlayer/tikz/tikz.code.tex
Package: tikz 2010/10/13 v2.10 (rcs-revision 1.76)

(/usr/share/texmf/tex/generic/pgf/libraries/pgflibraryplothandlers.code.tex
File: pgflibraryplothandlers.code.tex 2010/05/31 v2.10 (rcs-revision 1.15)
\pgf@plot@mark@count=\count153
\pgfplotmarksize=\dimen189
)
\tikz@lastx=\dimen190
\tikz@lasty=\dimen191
\tikz@lastxsaved=\dimen192
\tikz@lastysaved=\dimen193
\tikzleveldistance=\dimen194
\tikzsiblingdistance=\dimen195
\tikz@figbox=\box54
\tikz@tempbox=\box55
\tikztreelevel=\count154
\tikznumberofchildren=\count155
\tikznumberofcurrentchild=\count156
\tikz@fig@count=\count157

(/usr/share/texmf/tex/generic/pgf/modules/pgfmodulematrix.code.tex
File: pgfmodulematrix.code.tex 2010/08/24  (rcs-revision 1.4)
\pgfmatrixcurrentrow=\count158
\pgfmatrixcurrentcolumn=\count159
\pgf@matrix@numberofcolumns=\count160
)
\tikz@expandcount=\count161

(/usr/share/texmf/tex/generic/pgf/frontendlayer/tikz/libraries/tikzlibrarytopat
hs.code.tex
File: tikzlibrarytopaths.code.tex 2008/06/17 v2.10 (rcs-revision 1.2)
))) (/usr/share/texlive/texmf-dist/tex/latex/tools/calc.sty
Package: calc 2007/08/22 v4.3 Infix arithmetic (KKT,FJ)
\calc@Acount=\count162
\calc@Bcount=\count163
\calc@Adimen=\dimen196
\calc@Bdimen=\dimen197
\calc@Askip=\skip57
\calc@Bskip=\skip58
LaTeX Info: Redefining \setlength on input line 76.
LaTeX Info: Redefining \addtolength on input line 77.
\calc@Ccount=\count164
\calc@Cskip=\skip59
)
(./beamerinnerthemeFeather.sty
Package: beamerinnerthemeFeather 2014/04/08 v1.0.0 The Feather Beamer Theme
) (./beamerouterthemeFeather.sty
Package: beamerouterthemeFeather 2014/04/08 v1.0.0 The Feather Beamer Theme
\beamer@height=\skip60
\beamer@logoradius=\skip61
\beamer@borderwidth=\skip62
\beamer@logoinnerradius=\skip63
\beamer@logoouterradius=\skip64
\beamer@counterradius=\skip65
)
(./beamercolorthemeFeather.sty
Package: beamercolorthemeFeather 2014/04/08 v1.0.0 The Feather Beamer Theme
))
(/usr/share/texlive/texmf-dist/tex/latex/base/inputenc.sty
Package: inputenc 2008/03/30 v1.1d Input encoding file
\inpenc@prehook=\toks42
\inpenc@posthook=\toks43

(/usr/share/texlive/texmf-dist/tex/latex/base/utf8.def
File: utf8.def 2008/04/05 v1.1m UTF-8 support for inputenc
Now handling font encoding OML ...
... no UTF-8 mapping file for font encoding OML
Now handling font encoding T1 ...
... processing UTF-8 mapping file for font encoding T1

(/usr/share/texlive/texmf-dist/tex/latex/base/t1enc.dfu
File: t1enc.dfu 2008/04/05 v1.1m UTF-8 support for inputenc
   defining Unicode char U+00A1 (decimal 161)
   defining Unicode char U+00A3 (decimal 163)
   defining Unicode char U+00AB (decimal 171)
   defining Unicode char U+00BB (decimal 187)
   defining Unicode char U+00BF (decimal 191)
   defining Unicode char U+00C0 (decimal 192)
   defining Unicode char U+00C1 (decimal 193)
   defining Unicode char U+00C2 (decimal 194)
   defining Unicode char U+00C3 (decimal 195)
   defining Unicode char U+00C4 (decimal 196)
   defining Unicode char U+00C5 (decimal 197)
   defining Unicode char U+00C6 (decimal 198)
   defining Unicode char U+00C7 (decimal 199)
   defining Unicode char U+00C8 (decimal 200)
   defining Unicode char U+00C9 (decimal 201)
   defining Unicode char U+00CA (decimal 202)
   defining Unicode char U+00CB (decimal 203)
   defining Unicode char U+00CC (decimal 204)
   defining Unicode char U+00CD (decimal 205)
   defining Unicode char U+00CE (decimal 206)
   defining Unicode char U+00CF (decimal 207)
   defining Unicode char U+00D0 (decimal 208)
   defining Unicode char U+00D1 (decimal 209)
   defining Unicode char U+00D2 (decimal 210)
   defining Unicode char U+00D3 (decimal 211)
   defining Unicode char U+00D4 (decimal 212)
   defining Unicode char U+00D5 (decimal 213)
   defining Unicode char U+00D6 (decimal 214)
   defining Unicode char U+00D8 (decimal 216)
   defining Unicode char U+00D9 (decimal 217)
   defining Unicode char U+00DA (decimal 218)
   defining Unicode char U+00DB (decimal 219)
   defining Unicode char U+00DC (decimal 220)
   defining Unicode char U+00DD (decimal 221)
   defining Unicode char U+00DE (decimal 222)
   defining Unicode char U+00DF (decimal 223)
   defining Unicode char U+00E0 (decimal 224)
   defining Unicode char U+00E1 (decimal 225)
   defining Unicode char U+00E2 (decimal 226)
   defining Unicode char U+00E3 (decimal 227)
   defining Unicode char U+00E4 (decimal 228)
   defining Unicode char U+00E5 (decimal 229)
   defining Unicode char U+00E6 (decimal 230)
   defining Unicode char U+00E7 (decimal 231)
   defining Unicode char U+00E8 (decimal 232)
   defining Unicode char U+00E9 (decimal 233)
   defining Unicode char U+00EA (decimal 234)
   defining Unicode char U+00EB (decimal 235)
   defining Unicode char U+00EC (decimal 236)
   defining Unicode char U+00ED (decimal 237)
   defining Unicode char U+00EE (decimal 238)
   defining Unicode char U+00EF (decimal 239)
   defining Unicode char U+00F0 (decimal 240)
   defining Unicode char U+00F1 (decimal 241)
   defining Unicode char U+00F2 (decimal 242)
   defining Unicode char U+00F3 (decimal 243)
   defining Unicode char U+00F4 (decimal 244)
   defining Unicode char U+00F5 (decimal 245)
   defining Unicode char U+00F6 (decimal 246)
   defining Unicode char U+00F8 (decimal 248)
   defining Unicode char U+00F9 (decimal 249)
   defining Unicode char U+00FA (decimal 250)
   defining Unicode char U+00FB (decimal 251)
   defining Unicode char U+00FC (decimal 252)
   defining Unicode char U+00FD (decimal 253)
   defining Unicode char U+00FE (decimal 254)
   defining Unicode char U+00FF (decimal 255)
   defining Unicode char U+0102 (decimal 258)
   defining Unicode char U+0103 (decimal 259)
   defining Unicode char U+0104 (decimal 260)
   defining Unicode char U+0105 (decimal 261)
   defining Unicode char U+0106 (decimal 262)
   defining Unicode char U+0107 (decimal 263)
   defining Unicode char U+010C (decimal 268)
   defining Unicode char U+010D (decimal 269)
   defining Unicode char U+010E (decimal 270)
   defining Unicode char U+010F (decimal 271)
   defining Unicode char U+0110 (decimal 272)
   defining Unicode char U+0111 (decimal 273)
   defining Unicode char U+0118 (decimal 280)
   defining Unicode char U+0119 (decimal 281)
   defining Unicode char U+011A (decimal 282)
   defining Unicode char U+011B (decimal 283)
   defining Unicode char U+011E (decimal 286)
   defining Unicode char U+011F (decimal 287)
   defining Unicode char U+0130 (decimal 304)
   defining Unicode char U+0131 (decimal 305)
   defining Unicode char U+0132 (decimal 306)
   defining Unicode char U+0133 (decimal 307)
   defining Unicode char U+0139 (decimal 313)
   defining Unicode char U+013A (decimal 314)
   defining Unicode char U+013D (decimal 317)
   defining Unicode char U+013E (decimal 318)
   defining Unicode char U+0141 (decimal 321)
   defining Unicode char U+0142 (decimal 322)
   defining Unicode char U+0143 (decimal 323)
   defining Unicode char U+0144 (decimal 324)
   defining Unicode char U+0147 (decimal 327)
   defining Unicode char U+0148 (decimal 328)
   defining Unicode char U+014A (decimal 330)
   defining Unicode char U+014B (decimal 331)
   defining Unicode char U+0150 (decimal 336)
   defining Unicode char U+0151 (decimal 337)
   defining Unicode char U+0152 (decimal 338)
   defining Unicode char U+0153 (decimal 339)
   defining Unicode char U+0154 (decimal 340)
   defining Unicode char U+0155 (decimal 341)
   defining Unicode char U+0158 (decimal 344)
   defining Unicode char U+0159 (decimal 345)
   defining Unicode char U+015A (decimal 346)
   defining Unicode char U+015B (decimal 347)
   defining Unicode char U+015E (decimal 350)
   defining Unicode char U+015F (decimal 351)
   defining Unicode char U+0160 (decimal 352)
   defining Unicode char U+0161 (decimal 353)
   defining Unicode char U+0162 (decimal 354)
   defining Unicode char U+0163 (decimal 355)
   defining Unicode char U+0164 (decimal 356)
   defining Unicode char U+0165 (decimal 357)
   defining Unicode char U+016E (decimal 366)
   defining Unicode char U+016F (decimal 367)
   defining Unicode char U+0170 (decimal 368)
   defining Unicode char U+0171 (decimal 369)
   defining Unicode char U+0178 (decimal 376)
   defining Unicode char U+0179 (decimal 377)
   defining Unicode char U+017A (decimal 378)
   defining Unicode char U+017B (decimal 379)
   defining Unicode char U+017C (decimal 380)
   defining Unicode char U+017D (decimal 381)
   defining Unicode char U+017E (decimal 382)
   defining Unicode char U+200C (decimal 8204)
   defining Unicode char U+2013 (decimal 8211)
   defining Unicode char U+2014 (decimal 8212)
   defining Unicode char U+2018 (decimal 8216)
   defining Unicode char U+2019 (decimal 8217)
   defining Unicode char U+201A (decimal 8218)
   defining Unicode char U+201C (decimal 8220)
   defining Unicode char U+201D (decimal 8221)
   defining Unicode char U+201E (decimal 8222)
   defining Unicode char U+2030 (decimal 8240)
   defining Unicode char U+2031 (decimal 8241)
   defining Unicode char U+2039 (decimal 8249)
   defining Unicode char U+203A (decimal 8250)
   defining Unicode char U+2423 (decimal 9251)
)
Now handling font encoding OT1 ...
... processing UTF-8 mapping file for font encoding OT1

(/usr/share/texlive/texmf-dist/tex/latex/base/ot1enc.dfu
File: ot1enc.dfu 2008/04/05 v1.1m UTF-8 support for inputenc
   defining Unicode char U+00A1 (decimal 161)
   defining Unicode char U+00A3 (decimal 163)
   defining Unicode char U+00B8 (decimal 184)
   defining Unicode char U+00BF (decimal 191)
   defining Unicode char U+00C5 (decimal 197)
   defining Unicode char U+00C6 (decimal 198)
   defining Unicode char U+00D8 (decimal 216)
   defining Unicode char U+00DF (decimal 223)
   defining Unicode char U+00E6 (decimal 230)
   defining Unicode char U+00EC (decimal 236)
   defining Unicode char U+00ED (decimal 237)
   defining Unicode char U+00EE (decimal 238)
   defining Unicode char U+00EF (decimal 239)
   defining Unicode char U+00F8 (decimal 248)
   defining Unicode char U+0131 (decimal 305)
   defining Unicode char U+0141 (decimal 321)
   defining Unicode char U+0142 (decimal 322)
   defining Unicode char U+0152 (decimal 338)
   defining Unicode char U+0153 (decimal 339)
   defining Unicode char U+2013 (decimal 8211)
   defining Unicode char U+2014 (decimal 8212)
   defining Unicode char U+2018 (decimal 8216)
   defining Unicode char U+2019 (decimal 8217)
   defining Unicode char U+201C (decimal 8220)
   defining Unicode char U+201D (decimal 8221)
)
Now handling font encoding OMS ...
... processing UTF-8 mapping file for font encoding OMS

(/usr/share/texlive/texmf-dist/tex/latex/base/omsenc.dfu
File: omsenc.dfu 2008/04/05 v1.1m UTF-8 support for inputenc
   defining Unicode char U+00A7 (decimal 167)
   defining Unicode char U+00B6 (decimal 182)
   defining Unicode char U+00B7 (decimal 183)
   defining Unicode char U+2020 (decimal 8224)
   defining Unicode char U+2021 (decimal 8225)
   defining Unicode char U+2022 (decimal 8226)
)
Now handling font encoding OMX ...
... no UTF-8 mapping file for font encoding OMX
Now handling font encoding U ...
... no UTF-8 mapping file for font encoding U
Now handling font encoding PD1 ...
... no UTF-8 mapping file for font encoding PD1
   defining Unicode char U+00A9 (decimal 169)
   defining Unicode char U+00AA (decimal 170)
   defining Unicode char U+00AE (decimal 174)
   defining Unicode char U+00BA (decimal 186)
   defining Unicode char U+02C6 (decimal 710)
   defining Unicode char U+02DC (decimal 732)
   defining Unicode char U+200C (decimal 8204)
   defining Unicode char U+2026 (decimal 8230)
   defining Unicode char U+2122 (decimal 8482)
   defining Unicode char U+2423 (decimal 9251)
))
(/usr/share/texlive/texmf-dist/tex/generic/babel/babel.sty
Package: babel 2013/12/03 3.9h The Babel package

(/usr/share/texlive/texmf-dist/tex/generic/babel-spanish/spanish.ldf
Language: spanish.ldf 2014/01/29 v5.0m Spanish support from the babel system

(/usr/share/texlive/texmf-dist/tex/generic/babel/babel.def
File: babel.def 2013/12/03 3.9h Babel common definitions
LaTeX Info: Redefining \textlatin on input line 137.
\babel@savecnt=\count165
\U@D=\dimen198
)
\es@datefmt=\count166
\es@quottoks=\toks44
\es@quotdepth=\count167
Package babel Info: Making " an active character on input line 496.
Package babel Info: Making . an active character on input line 599.
Package babel Info: Making < an active character on input line 644.
Package babel Info: Making > an active character on input line 644.
))
(/usr/share/texlive/texmf-dist/tex/latex/base/fontenc.sty
Package: fontenc 2005/09/27 v1.99g Standard LaTeX package

(/usr/share/texlive/texmf-dist/tex/latex/base/t1enc.def
File: t1enc.def 2005/09/27 v1.99g Standard LaTeX file
LaTeX Font Info:    Redeclaring font encoding T1 on input line 43.
))
(/usr/share/texlive/texmf-dist/tex/latex/psnfss/helvet.sty
Package: helvet 2005/04/12 PSNFSS-v9.2a (WaS) 
)
(/usr/share/texlive/texmf-dist/tex/latex/tools/array.sty
Package: array 2008/09/09 v2.4c Tabular extension package (FMi)
\col@sep=\dimen199
\extrarowheight=\dimen200
\NC@list=\toks45
\extratabsurround=\skip66
\backup@length=\skip67
)
(/usr/share/texlive/texmf-dist/tex/latex/float/float.sty
Package: float 2001/11/08 v1.3d Float enhancements (AL)
\c@float@type=\count168
\float@exts=\toks46
\float@box=\box56
\@float@everytoks=\toks47
\@floatcapt=\box57
)
(/usr/share/texlive/texmf-dist/tex/latex/multirow/multirow.sty
\bigstrutjot=\dimen201
)

Package hyperref Warning: Token not allowed in a PDF string (PDFDocEncoding):
(hyperref)                removing `\\' on input line 66.

No file Feathertheme.aux.
\openout1 = `Feathertheme.aux'.

LaTeX Font Info:    Checking defaults for OML/cmm/m/it on input line 83.
LaTeX Font Info:    ... okay on input line 83.
LaTeX Font Info:    Checking defaults for T1/cmr/m/n on input line 83.
LaTeX Font Info:    ... okay on input line 83.
LaTeX Font Info:    Checking defaults for OT1/cmr/m/n on input line 83.
LaTeX Font Info:    ... okay on input line 83.
LaTeX Font Info:    Checking defaults for OMS/cmsy/m/n on input line 83.
LaTeX Font Info:    ... okay on input line 83.
LaTeX Font Info:    Checking defaults for OMX/cmex/m/n on input line 83.
LaTeX Font Info:    ... okay on input line 83.
LaTeX Font Info:    Checking defaults for U/cmr/m/n on input line 83.
LaTeX Font Info:    ... okay on input line 83.
LaTeX Font Info:    Checking defaults for PD1/pdf/m/n on input line 83.
LaTeX Font Info:    ... okay on input line 83.
LaTeX Font Info:    Try loading font information for T1+phv on input line 83.
(/usr/share/texlive/texmf-dist/tex/latex/psnfss/t1phv.fd
File: t1phv.fd 2001/06/04 scalable font definitions for T1/phv.
)
*geometry* driver: auto-detecting
*geometry* detected driver: pdftex
*geometry* verbose mode - [ preamble ] result:
* driver: pdftex
* paper: custom
* layout: <same size as paper>
* layoutoffset:(h,v)=(0.0pt,0.0pt)
* modes: includehead includefoot 
* h-part:(L,W,R)=(28.45274pt, 307.28987pt, 28.45274pt)
* v-part:(T,H,B)=(0.0pt, 273.14662pt, 0.0pt)
* \paperwidth=364.19536pt
* \paperheight=273.14662pt
* \textwidth=307.28987pt
* \textheight=244.6939pt
* \oddsidemargin=-43.81725pt
* \evensidemargin=-43.81725pt
* \topmargin=-72.26999pt
* \headheight=14.22636pt
* \headsep=0.0pt
* \topskip=10.0pt
* \footskip=14.22636pt
* \marginparwidth=3.0pt
* \marginparsep=11.0pt
* \columnsep=10.0pt
* \skip\footins=9.0pt plus 4.0pt minus 2.0pt
* \hoffset=0.0pt
* \voffset=0.0pt
* \mag=1000
* \@twocolumnfalse
* \@twosidefalse
* \@mparswitchfalse
* \@reversemarginfalse
* (1in=72.27pt=25.4mm, 1cm=28.453pt)

(/usr/share/texlive/texmf-dist/tex/context/base/supp-pdf.mkii
[Loading MPS to PDF converter (version 2006.09.02).]
\scratchcounter=\count169
\scratchdimen=\dimen202
\scratchbox=\box58
\nofMPsegments=\count170
\nofMParguments=\count171
\everyMPshowfont=\toks48
\MPscratchCnt=\count172
\MPscratchDim=\dimen203
\MPnumerator=\count173
\makeMPintoPDFobject=\count174
\everyMPtoPDFconversion=\toks49
) (/usr/share/texlive/texmf-dist/tex/latex/oberdiek/epstopdf-base.sty
Package: epstopdf-base 2010/02/09 v2.5 Base part for package epstopdf

(/usr/share/texlive/texmf-dist/tex/latex/oberdiek/grfext.sty
Package: grfext 2010/08/19 v1.1 Manage graphics extensions (HO)
)
Package grfext Info: Graphics extension search list:
(grfext)             [.png,.pdf,.jpg,.mps,.jpeg,.jbig2,.jb2,.PNG,.PDF,.JPG,.JPE
G,.JBIG2,.JB2,.eps]
(grfext)             \AppendGraphicsExtensions on input line 452.

(/usr/share/texlive/texmf-dist/tex/latex/latexconfig/epstopdf-sys.cfg
File: epstopdf-sys.cfg 2010/07/13 v1.3 Configuration of (r)epstopdf for TeX Liv
e
))
ABD: EveryShipout initializing macros
\AtBeginShipoutBox=\box59
Package hyperref Info: Link coloring OFF on input line 83.

(/usr/share/texlive/texmf-dist/tex/latex/hyperref/nameref.sty
Package: nameref 2012/10/27 v2.43 Cross-referencing by name of section

(/usr/share/texlive/texmf-dist/tex/generic/oberdiek/gettitlestring.sty
Package: gettitlestring 2010/12/03 v1.4 Cleanup title references (HO)
)
\c@section@level=\count175
)
LaTeX Info: Redefining \ref on input line 83.
LaTeX Info: Redefining \pageref on input line 83.
LaTeX Info: Redefining \nameref on input line 83.
\@outlinefile=\write5
\openout5 = `Feathertheme.out'.

LaTeX Font Info:    Overwriting symbol font `operators' in version `normal'
(Font)                  OT1/cmr/m/n --> OT1/cmss/m/n on input line 83.
LaTeX Font Info:    Overwriting symbol font `operators' in version `bold'
(Font)                  OT1/cmr/bx/n --> OT1/cmss/bx/n on input line 83.
\symnumbers=\mathgroup6
\sympureletters=\mathgroup7
LaTeX Font Info:    Overwriting math alphabet `\mathrm' in version `normal'
(Font)                  OT1/cmss/m/n --> T1/cmr/m/n on input line 83.
LaTeX Font Info:    Redeclaring math alphabet \mathbf on input line 83.
LaTeX Font Info:    Overwriting math alphabet `\mathbf' in version `normal'
(Font)                  OT1/cmr/bx/n --> T1/phv/bx/n on input line 83.
LaTeX Font Info:    Overwriting math alphabet `\mathbf' in version `bold'
(Font)                  OT1/cmr/bx/n --> T1/phv/bx/n on input line 83.
LaTeX Font Info:    Redeclaring math alphabet \mathsf on input line 83.
LaTeX Font Info:    Overwriting math alphabet `\mathsf' in version `normal'
(Font)                  OT1/cmss/m/n --> T1/phv/m/n on input line 83.
LaTeX Font Info:    Overwriting math alphabet `\mathsf' in version `bold'
(Font)                  OT1/cmss/bx/n --> T1/phv/m/n on input line 83.
LaTeX Font Info:    Redeclaring math alphabet \mathit on input line 83.
LaTeX Font Info:    Overwriting math alphabet `\mathit' in version `normal'
(Font)                  OT1/cmr/m/it --> T1/phv/m/it on input line 83.
LaTeX Font Info:    Overwriting math alphabet `\mathit' in version `bold'
(Font)                  OT1/cmr/bx/it --> T1/phv/m/it on input line 83.
LaTeX Font Info:    Redeclaring math alphabet \mathtt on input line 83.
LaTeX Font Info:    Overwriting math alphabet `\mathtt' in version `normal'
(Font)                  OT1/cmtt/m/n --> T1/cmtt/m/n on input line 83.
LaTeX Font Info:    Overwriting math alphabet `\mathtt' in version `bold'
(Font)                  OT1/cmtt/m/n --> T1/cmtt/m/n on input line 83.
LaTeX Font Info:    Overwriting symbol font `numbers' in version `bold'
(Font)                  T1/phv/m/n --> T1/phv/bx/n on input line 83.
LaTeX Font Info:    Overwriting symbol font `pureletters' in version `bold'
(Font)                  T1/phv/m/it --> T1/phv/bx/it on input line 83.
LaTeX Font Info:    Overwriting math alphabet `\mathrm' in version `bold'
(Font)                  OT1/cmss/bx/n --> T1/cmr/bx/n on input line 83.
LaTeX Font Info:    Overwriting math alphabet `\mathbf' in version `bold'
(Font)                  T1/phv/bx/n --> T1/phv/bx/n on input line 83.
LaTeX Font Info:    Overwriting math alphabet `\mathsf' in version `bold'
(Font)                  T1/phv/m/n --> T1/phv/bx/n on input line 83.
LaTeX Font Info:    Overwriting math alphabet `\mathit' in version `bold'
(Font)                  T1/phv/m/it --> T1/phv/bx/it on input line 83.
LaTeX Font Info:    Overwriting math alphabet `\mathtt' in version `bold'
(Font)                  T1/cmtt/m/n --> T1/cmtt/bx/n on input line 83.

(/usr/share/texmf/tex/latex/beamer/base/translator/dicts/translator-basic-dicti
onary/translator-basic-dictionary-English.dict
Dictionary: translator-basic-dictionary, Language: English 
)
(/usr/share/texmf/tex/latex/beamer/base/translator/dicts/translator-bibliograph
y-dictionary/translator-bibliography-dictionary-English.dict
Dictionary: translator-bibliography-dictionary, Language: English 
)
(/usr/share/texmf/tex/latex/beamer/base/translator/dicts/translator-environment
-dictionary/translator-environment-dictionary-English.dict
Dictionary: translator-environment-dictionary, Language: English 
)
(/usr/share/texmf/tex/latex/beamer/base/translator/dicts/translator-months-dict
ionary/translator-months-dictionary-English.dict
Dictionary: translator-months-dictionary, Language: English 
)
(/usr/share/texmf/tex/latex/beamer/base/translator/dicts/translator-numbers-dic
tionary/translator-numbers-dictionary-English.dict
Dictionary: translator-numbers-dictionary, Language: English 
)
(/usr/share/texmf/tex/latex/beamer/base/translator/dicts/translator-theorem-dic
tionary/translator-theorem-dictionary-English.dict
Dictionary: translator-theorem-dictionary, Language: English 
)
LaTeX Info: Redefining \includegraphics on input line 83.
LaTeX Info: Redefining \. on input line 83.
LaTeX Info: Redefining \% on input line 83.

No file Feathertheme.nav.
<Feathergraphics/2.png, id=15, 1003.75pt x 888.31876pt>
File: Feathergraphics/2.png Graphic file (type png)

<use Feathergraphics/2.png>
Package pdftex.def Info: Feathergraphics/2.png used on input line 83.
(pdftex.def)             Requested size: 39.375pt x 34.8354pt.
Missing character: There is no ; in font nullfont!
LaTeX Font Info:    Try loading font information for T1+cmtt on input line 92.

(/usr/share/texlive/texmf-dist/tex/latex/base/t1cmtt.fd
File: t1cmtt.fd 1999/05/25 v2.5h Standard LaTeX font definitions
)
LaTeX Font Info:    Try loading font information for U+msa on input line 92.

(/usr/share/texlive/texmf-dist/tex/latex/amsfonts/umsa.fd
File: umsa.fd 2013/01/14 v3.01 AMS symbols A
)
LaTeX Font Info:    Try loading font information for U+msb on input line 92.

(/usr/share/texlive/texmf-dist/tex/latex/amsfonts/umsb.fd
File: umsb.fd 2013/01/14 v3.01 AMS symbols B
)
LaTeX Font Info:    Font shape `T1/phv/m/it' in size <10> not available
(Font)              Font shape `T1/phv/m/sl' tried instead on input line 92.
LaTeX Font Info:    Font shape `T1/phv/m/it' in size <7> not available
(Font)              Font shape `T1/phv/m/sl' tried instead on input line 92.
LaTeX Font Info:    Font shape `T1/phv/m/it' in size <5> not available
(Font)              Font shape `T1/phv/m/sl' tried instead on input line 92.

<Feathergraphics/GIBM.png, id=17, 948.54375pt x 977.6525pt>
File: Feathergraphics/GIBM.png Graphic file (type png)

<use Feathergraphics/GIBM.png>
Package pdftex.def Info: Feathergraphics/GIBM.png used on input line 92.
(pdftex.def)             Requested size: 265.59044pt x 273.74083pt.
 [1

{/var/lib/texmf/fonts/map/pdftex/updmap/pdftex.map} <./Feathergraphics/GIBM.png
>]
No file Feathertheme.toc.
LaTeX Font Info:    Font shape `T1/phv/m/it' in size <14.4> not available
(Font)              Font shape `T1/phv/m/sl' tried instead on input line 100.
File: Feathergraphics/2.png Graphic file (type png)
<use Feathergraphics/2.png>
Package pdftex.def Info: Feathergraphics/2.png used on input line 100.
(pdftex.def)             Requested size: 39.375pt x 34.8354pt.
Missing character: There is no ; in font nullfont!
 [2

 <./Feathergraphics/2.png>]
No file Feathertheme.toc.
File: Feathergraphics/2.png Graphic file (type png)
<use Feathergraphics/2.png>
Package pdftex.def Info: Feathergraphics/2.png used on input line 116.
(pdftex.def)             Requested size: 39.375pt x 34.8354pt.
Missing character: There is no ; in font nullfont!
 [3

]
<Feathergraphics/tesismaestria.png, id=45, 1072.005pt x 477.785pt>
File: Feathergraphics/tesismaestria.png Graphic file (type png)

<use Feathergraphics/tesismaestria.png>
Package pdftex.def Info: Feathergraphics/tesismaestria.png used on input line 1
29.
(pdftex.def)             Requested size: 321.60399pt x 143.3366pt.

Overfull \hbox (14.31412pt too wide) in paragraph at lines 129--129
 [] 
 []

File: Feathergraphics/2.png Graphic file (type png)
<use Feathergraphics/2.png>
Package pdftex.def Info: Feathergraphics/2.png used on input line 129.
(pdftex.def)             Requested size: 39.375pt x 34.8354pt.
Missing character: There is no ; in font nullfont!
 [4

 <./Feathergraphics/tesismaestria.png>]
<Feathergraphics/experienciaIndumil.png, id=55, 1036.87375pt x 471.7625pt>
File: Feathergraphics/experienciaIndumil.png Graphic file (type png)

<use Feathergraphics/experienciaIndumil.png>
Package pdftex.def Info: Feathergraphics/experienciaIndumil.png used on input l
ine 143.
(pdftex.def)             Requested size: 311.06451pt x 141.52983pt.

Overfull \hbox (3.77464pt too wide) in paragraph at lines 143--143
 [] 
 []

File: Feathergraphics/2.png Graphic file (type png)
<use Feathergraphics/2.png>
Package pdftex.def Info: Feathergraphics/2.png used on input line 143.
(pdftex.def)             Requested size: 39.375pt x 34.8354pt.
Missing character: There is no ; in font nullfont!
 [5

 <./Feathergraphics/experienciaIndumil.png (PNG copy)>] <Feathergraphics/proyec
ciondiabetes.png, id=66, 457.71pt x 495.8525pt>
File: Feathergraphics/proyecciondiabetes.png Graphic file (type png)

<use Feathergraphics/proyecciondiabetes.png>
Package pdftex.def Info: Feathergraphics/proyecciondiabetes.png used on input l
ine 174.
(pdftex.def)             Requested size: 114.42722pt x 123.96281pt.
LaTeX Font Info:    Font shape `T1/phv/bx/n' in size <9> not available
(Font)              Font shape `T1/phv/b/n' tried instead on input line 174.


LaTeX Warning: Citation `ref1' on page 6 undefined on input line 174.


LaTeX Warning: Citation `ref1' on page 6 undefined on input line 174.

<Feathergraphics/ampperyear.png, id=67, 770.88pt x 358.33875pt>
File: Feathergraphics/ampperyear.png Graphic file (type png)

<use Feathergraphics/ampperyear.png>
Package pdftex.def Info: Feathergraphics/ampperyear.png used on input line 174.

(pdftex.def)             Requested size: 231.26578pt x 107.50244pt.

Overfull \hbox (17.87012pt too wide) in paragraph at lines 174--174
 [] 
 []


LaTeX Warning: Citation `KrogerKnut2015' on page 6 undefined on input line 174.



LaTeX Warning: Citation `KrogerKnut2015' on page 6 undefined on input line 174.



Overfull \hbox (5.69044pt too wide) detected at line 174
[][][] [][][][][][][][][] [][][][][][][] 
 []

File: Feathergraphics/2.png Graphic file (type png)
<use Feathergraphics/2.png>
Package pdftex.def Info: Feathergraphics/2.png used on input line 174.
(pdftex.def)             Requested size: 39.375pt x 34.8354pt.
Missing character: There is no ; in font nullfont!
 [6

 <./Feathergraphics/proyecciondiabetes.png> <./Feathergraphics/ampperyear.png>]

<Feathergraphics/DiabetesCol.png, id=80, 720.6925pt x 388.45125pt>
File: Feathergraphics/DiabetesCol.png Graphic file (type png)

<use Feathergraphics/DiabetesCol.png>
Package pdftex.def Info: Feathergraphics/DiabetesCol.png used on input line 205
.
(pdftex.def)             Requested size: 194.58957pt x 104.88322pt.

Overfull \hbox (23.87305pt too wide) in paragraph at lines 205--205
 [] 
 []

LaTeX Font Info:    Font shape `T1/phv/bx/n' in size <7> not available
(Font)              Font shape `T1/phv/b/n' tried instead on input line 205.

LaTeX Warning: Citation `Ramirez2014' on page 7 undefined on input line 205.

LaTeX Font Info:    Font shape `T1/phv/m/it' in size <8> not available
(Font)              Font shape `T1/phv/m/sl' tried instead on input line 205.
LaTeX Font Info:    Font shape `T1/phv/m/it' in size <6> not available
(Font)              Font shape `T1/phv/m/sl' tried instead on input line 205.
LaTeX Font Info:    Font shape `T1/phv/bx/n' in size <8> not available
(Font)              Font shape `T1/phv/b/n' tried instead on input line 205.

LaTeX Warning: Citation `Ramirez2014' on page 7 undefined on input line 205.


LaTeX Warning: Citation `Pinilla2011' on page 7 undefined on input line 205.

File: Feathergraphics/2.png Graphic file (type png)
<use Feathergraphics/2.png>
Package pdftex.def Info: Feathergraphics/2.png used on input line 205.
(pdftex.def)             Requested size: 39.375pt x 34.8354pt.
Missing character: There is no ; in font nullfont!
 [7

 <./Feathergraphics/DiabetesCol.png>]
<Feathergraphics/DAICMA.png, id=90, 897.3525pt x 762.85pt>
File: Feathergraphics/DAICMA.png Graphic file (type png)

<use Feathergraphics/DAICMA.png>
Package pdftex.def Info: Feathergraphics/DAICMA.png used on input line 216.
(pdftex.def)             Requested size: 206.38673pt x 175.45181pt.


LaTeX Warning: Citation `PAICMA' on page 8 undefined on input line 216.

File: Feathergraphics/2.png Graphic file (type png)
<use Feathergraphics/2.png>
Package pdftex.def Info: Feathergraphics/2.png used on input line 216.
(pdftex.def)             Requested size: 39.375pt x 34.8354pt.
Missing character: There is no ; in font nullfont!
 [8

 <./Feathergraphics/DAICMA.png>]
<Feathergraphics/Estadisticasestudios.png, id=99, 1132.23pt x 626.34pt>
File: Feathergraphics/Estadisticasestudios.png Graphic file (type png)

<use Feathergraphics/Estadisticasestudios.png>
Package pdftex.def Info: Feathergraphics/Estadisticasestudios.png used on input
 line 228.
(pdftex.def)             Requested size: 283.05681pt x 156.58461pt.


LaTeX Warning: Citation `Eshraghi2013' on page 9 undefined on input line 228.


LaTeX Warning: Citation `Eshraghi2013' on page 9 undefined on input line 228.

File: Feathergraphics/2.png Graphic file (type png)
<use Feathergraphics/2.png>
Package pdftex.def Info: Feathergraphics/2.png used on input line 228.
(pdftex.def)             Requested size: 39.375pt x 34.8354pt.
Missing character: There is no ; in font nullfont!
 [9

 <./Feathergraphics/Estadisticasestudios.png>]
<Feathergraphics/Generacionesprotesis.png, id=109, 704.6325pt x 381.425pt>
File: Feathergraphics/Generacionesprotesis.png Graphic file (type png)

<use Feathergraphics/Generacionesprotesis.png>
Package pdftex.def Info: Feathergraphics/Generacionesprotesis.png used on input
 line 241.
(pdftex.def)             Requested size: 267.76314pt x 144.943pt.


LaTeX Warning: Citation `Cherelle2014a' on page 10 undefined on input line 241.


File: Feathergraphics/2.png Graphic file (type png)
<use Feathergraphics/2.png>
Package pdftex.def Info: Feathergraphics/2.png used on input line 241.
(pdftex.def)             Requested size: 39.375pt x 34.8354pt.
Missing character: There is no ; in font nullfont!
 [10

 <./Feathergraphics/Generacionesprotesis.png>]
No file Feathertheme.toc.
File: Feathergraphics/2.png Graphic file (type png)
<use Feathergraphics/2.png>
Package pdftex.def Info: Feathergraphics/2.png used on input line 244.
(pdftex.def)             Requested size: 39.375pt x 34.8354pt.
Missing character: There is no ; in font nullfont!
 [11

]
<Feathergraphics/hystheresis.png, id=126, 794.97pt x 531.9875pt>
File: Feathergraphics/hystheresis.png Graphic file (type png)

<use Feathergraphics/hystheresis.png>
Package pdftex.def Info: Feathergraphics/hystheresis.png used on input line 273
.
(pdftex.def)             Requested size: 198.742pt x 132.99655pt.


LaTeX Warning: Citation `Nolan2008' on page 12 undefined on input line 273.


LaTeX Warning: Citation `Nolan2008' on page 12 undefined on input line 273.


LaTeX Warning: Citation `Zelik2014' on page 12 undefined on input line 273.


LaTeX Warning: Citation `Varol2010' on page 12 undefined on input line 273.


LaTeX Warning: Citation `Au2008' on page 12 undefined on input line 273.

File: Feathergraphics/2.png Graphic file (type png)
<use Feathergraphics/2.png>
Package pdftex.def Info: Feathergraphics/2.png used on input line 273.
(pdftex.def)             Requested size: 39.375pt x 34.8354pt.
Missing character: There is no ; in font nullfont!
 [12

 <./Feathergraphics/hystheresis.png>]

LaTeX Warning: Citation `Au2009' on page 13 undefined on input line 294.


LaTeX Warning: Citation `Martinez-Villalpando2011' on page 13 undefined on inpu
t line 294.


LaTeX Warning: Citation `Hill2013a' on page 13 undefined on input line 294.


LaTeX Warning: Citation `Bateni2002' on page 13 undefined on input line 294.


LaTeX Warning: Citation `Grabowski2013' on page 13 undefined on input line 294.


<Feathergraphics/Henry.png, id=135, 1027.84pt x 301.125pt>
File: Feathergraphics/Henry.png Graphic file (type png)

<use Feathergraphics/Henry.png>
Package pdftex.def Info: Feathergraphics/Henry.png used on input line 294.
(pdftex.def)             Requested size: 256.95937pt x 75.28105pt.
File: Feathergraphics/2.png Graphic file (type png)
 <use Feathergraphics/2.png>
Package pdftex.def Info: Feathergraphics/2.png used on input line 294.
(pdftex.def)             Requested size: 39.375pt x 34.8354pt.
Missing character: There is no ; in font nullfont!
 [13

 <./Feathergraphics/Henry.png>]
<Feathergraphics/cinneticatobillo.png, id=145, 445.665pt x 304.88907pt>
File: Feathergraphics/cinneticatobillo.png Graphic file (type png)

<use Feathergraphics/cinneticatobillo.png>
Package pdftex.def Info: Feathergraphics/cinneticatobillo.png used on input lin
e 308.
(pdftex.def)             Requested size: 222.83195pt x 152.44415pt.


LaTeX Warning: Citation `Au2009' on page 14 undefined on input line 308.


LaTeX Warning: Citation `Au2009' on page 14 undefined on input line 308.

File: Feathergraphics/2.png Graphic file (type png)
<use Feathergraphics/2.png>
Package pdftex.def Info: Feathergraphics/2.png used on input line 308.
(pdftex.def)             Requested size: 39.375pt x 34.8354pt.
Missing character: There is no ; in font nullfont!
 [14

 <./Feathergraphics/cinneticatobillo.png>]
<Feathergraphics/cinneticatobillo3.png, id=154, 284.56313pt x 255.20343pt>
File: Feathergraphics/cinneticatobillo3.png Graphic file (type png)

<use Feathergraphics/cinneticatobillo3.png>
Package pdftex.def Info: Feathergraphics/cinneticatobillo3.png used on input li
ne 348.
(pdftex.def)             Requested size: 147.97366pt x 132.70654pt.


LaTeX Warning: Citation `Au2009' on page 15 undefined on input line 348.


LaTeX Warning: Citation `Au2009' on page 15 undefined on input line 348.


LaTeX Warning: Citation `Esposito2015' on page 15 undefined on input line 348.


LaTeX Warning: Citation `Hill2013a' on page 15 undefined on input line 348.


LaTeX Warning: Citation `Hill2013a' on page 15 undefined on input line 348.

File: Feathergraphics/2.png Graphic file (type png)
<use Feathergraphics/2.png>
Package pdftex.def Info: Feathergraphics/2.png used on input line 348.
(pdftex.def)             Requested size: 39.375pt x 34.8354pt.
Missing character: There is no ; in font nullfont!
 [15

 <./Feathergraphics/cinneticatobillo3.png>]
<Feathergraphics/consumo.png, id=163, 432.11438pt x 295.1025pt>
File: Feathergraphics/consumo.png Graphic file (type png)

<use Feathergraphics/consumo.png>
Package pdftex.def Info: Feathergraphics/consumo.png used on input line 387.
(pdftex.def)             Requested size: 181.48679pt x 123.94218pt.


LaTeX Warning: Citation `Schmalz2002' on page 16 undefined on input line 387.


LaTeX Warning: Citation `Schmalz2002' on page 16 undefined on input line 387.


LaTeX Warning: Citation `Schmalz2002' on page 16 undefined on input line 387.


LaTeX Warning: Citation `Herr2010' on page 16 undefined on input line 387.


LaTeX Warning: Citation `Esposito2015' on page 16 undefined on input line 387.


LaTeX Warning: Citation `Gates2013' on page 16 undefined on input line 387.

File: Feathergraphics/2.png Graphic file (type png)
<use Feathergraphics/2.png>
Package pdftex.def Info: Feathergraphics/2.png used on input line 387.
(pdftex.def)             Requested size: 39.375pt x 34.8354pt.
Missing character: There is no ; in font nullfont!
 [16

 <./Feathergraphics/consumo.png>]
<Feathergraphics/echelon.png, id=173, 301.125pt x 250.9375pt>
File: Feathergraphics/echelon.png Graphic file (type png)

<use Feathergraphics/echelon.png>
Package pdftex.def Info: Feathergraphics/echelon.png used on input line 418.
(pdftex.def)             Requested size: 120.44786pt x 100.37321pt.


LaTeX Warning: Citation `springking' on page 17 undefined on input line 418.


LaTeX Warning: Citation `springking' on page 17 undefined on input line 418.


LaTeX Warning: Citation `DeAsha2014' on page 17 undefined on input line 418.


LaTeX Warning: Citation `Hill2013a' on page 17 undefined on input line 418.


LaTeX Warning: Citation `Grabowski2013' on page 17 undefined on input line 418.


File: Feathergraphics/2.png Graphic file (type png)
<use Feathergraphics/2.png>
Package pdftex.def Info: Feathergraphics/2.png used on input line 418.
(pdftex.def)             Requested size: 39.375pt x 34.8354pt.
Missing character: There is no ; in font nullfont!
 [17

 <./Feathergraphics/echelon.png>]

LaTeX Warning: Citation `boston' on page 18 undefined on input line 456.


LaTeX Warning: Citation `BIOMASME' on page 18 undefined on input line 456.


LaTeX Warning: Citation `BIOMASME' on page 18 undefined on input line 456.


LaTeX Warning: Citation `Varol2010' on page 18 undefined on input line 456.


LaTeX Warning: Citation `Lawson2011' on page 18 undefined on input line 456.


LaTeX Warning: Citation `Martinez-Villalpando2009' on page 18 undefined on inpu
t line 456.

<Feathergraphics/Bionaked.png, id=182, 1204.5pt x 1311.90125pt>
File: Feathergraphics/Bionaked.png Graphic file (type png)

<use Feathergraphics/Bionaked.png>
Package pdftex.def Info: Feathergraphics/Bionaked.png used on input line 456.
(pdftex.def)             Requested size: 132.4954pt x 144.30959pt.


LaTeX Warning: Citation `boston' on page 18 undefined on input line 456.

File: Feathergraphics/2.png Graphic file (type png)
<use Feathergraphics/2.png>
Package pdftex.def Info: Feathergraphics/2.png used on input line 456.
(pdftex.def)             Requested size: 39.375pt x 34.8354pt.
Missing character: There is no ; in font nullfont!
 [18

 <./Feathergraphics/Bionaked.png>]
<Feathergraphics/axtion.png, id=191, 461.725pt x 365.365pt>
File: Feathergraphics/axtion.png Graphic file (type png)

<use Feathergraphics/axtion.png>
Package pdftex.def Info: Feathergraphics/axtion.png used on input line 480.
(pdftex.def)             Requested size: 69.25575pt x 54.80238pt.

<Feathergraphics/niagara.png, id=192, 979.66pt x 469.755pt>
File: Feathergraphics/niagara.png Graphic file (type png)

<use Feathergraphics/niagara.png>
Package pdftex.def Info: Feathergraphics/niagara.png used on input line 480.
(pdftex.def)             Requested size: 97.97174pt x 46.97824pt.

<Feathergraphics/proprio.PNG, id=193, 341.77687pt x 317.68687pt>
File: Feathergraphics/proprio.PNG Graphic file (type png)

<use Feathergraphics/proprio.PNG>
Package pdftex.def Info: Feathergraphics/proprio.PNG used on input line 480.
(pdftex.def)             Requested size: 51.26431pt x 47.65097pt.

<Feathergraphics/BiOM.PNG, id=194, 1049.9225pt x 1260.71pt>
File: Feathergraphics/BiOM.PNG Graphic file (type png)

<use Feathergraphics/BiOM.PNG>
Package pdftex.def Info: Feathergraphics/BiOM.PNG used on input line 480.
(pdftex.def)             Requested size: 52.49919pt x 63.03918pt.


LaTeX Warning: Citation `Niagara' on page 19 undefined on input line 480.


LaTeX Warning: Citation `bloomberg' on page 19 undefined on input line 480.


LaTeX Warning: Citation `boston' on page 19 undefined on input line 480.


Overfull \hbox (13.7011pt too wide) in paragraph at lines 480--480
 [] 
 []

LaTeX Font Info:    Font shape `T1/phv/m/it' in size <9> not available
(Font)              Font shape `T1/phv/m/sl' tried instead on input line 480.
File: Feathergraphics/2.png Graphic file (type png)
<use Feathergraphics/2.png>
Package pdftex.def Info: Feathergraphics/2.png used on input line 480.
(pdftex.def)             Requested size: 39.375pt x 34.8354pt.
Missing character: There is no ; in font nullfont!
 [19

 <./Feathergraphics/axtion.png (PNG copy)> <./Feathergraphics/niagara.png> <./F
eathergraphics/proprio.PNG> <./Feathergraphics/BiOM.PNG>]
File: Feathergraphics/2.png Graphic file (type png)
 <use Feathergraphics/2.png>
Package pdftex.def Info: Feathergraphics/2.png used on input line 517.
(pdftex.def)             Requested size: 39.375pt x 34.8354pt.
Missing character: There is no ; in font nullfont!
 [20

]
LaTeX Font Info:    Font shape `T1/phv/bx/n' in size <10> not available
(Font)              Font shape `T1/phv/b/n' tried instead on input line 541.

<Feathergraphics/DD.PNG, id=214, 68.50594pt x 97.86563pt>
File: Feathergraphics/DD.PNG Graphic file (type png)

<use Feathergraphics/DD.PNG>
Package pdftex.def Info: Feathergraphics/DD.PNG used on input line 541.
(pdftex.def)             Requested size: 27.40189pt x 39.14554pt.

<Feathergraphics/SEAmodel.png, id=215, 94.85437pt x 83.5622pt>
File: Feathergraphics/SEAmodel.png Graphic file (type png)

<use Feathergraphics/SEAmodel.png>
Package pdftex.def Info: Feathergraphics/SEAmodel.png used on input line 541.
(pdftex.def)             Requested size: 56.91304pt x 50.1377pt.


LaTeX Warning: Citation `Holgate2008' on page 21 undefined on input line 541.


LaTeX Warning: Citation `Bellman2008' on page 21 undefined on input line 541.


LaTeX Warning: Citation `Sup2008' on page 21 undefined on input line 541.


LaTeX Warning: Citation `Sup2009' on page 21 undefined on input line 541.

<Feathergraphics/CSEA.png, id=216, 222.8325pt x 100.87688pt>
File: Feathergraphics/CSEA.png Graphic file (type png)

<use Feathergraphics/CSEA.png>
Package pdftex.def Info: Feathergraphics/CSEA.png used on input line 541.
(pdftex.def)             Requested size: 77.99254pt x 35.30742pt.

Overfull \hbox (0.61127pt too wide) in paragraph at lines 541--541
[][]  
 []

File: Feathergraphics/2.png Graphic file (type png)
<use Feathergraphics/2.png>
Package pdftex.def Info: Feathergraphics/2.png used on input line 541.
(pdftex.def)             Requested size: 39.375pt x 34.8354pt.
Missing character: There is no ; in font nullfont!
 [21

 <./Feathergraphics/DD.PNG> <./Feathergraphics/SEAmodel.png> <./Feathergraphics
/CSEA.png>]
<Feathergraphics/CVSEA.PNG, id=227, 238.64156pt x 98.61844pt>
File: Feathergraphics/CVSEA.PNG Graphic file (type png)

<use Feathergraphics/CVSEA.PNG>
Package pdftex.def Info: Feathergraphics/CVSEA.PNG used on input line 558.
(pdftex.def)             Requested size: 83.52579pt x 34.51695pt.

<Feathergraphics/BiOMmodel.png, id=228, 195.73125pt x 221.32687pt>
File: Feathergraphics/BiOMmodel.png Graphic file (type png)

<use Feathergraphics/BiOMmodel.png>
Package pdftex.def Info: Feathergraphics/BiOMmodel.png used on input line 558.
(pdftex.def)             Requested size: 68.50696pt x 77.46555pt.


LaTeX Warning: Citation `herr2011controlling' on page 22 undefined on input lin
e 558.


LaTeX Warning: Citation `herr2014powered' on page 22 undefined on input line 55
8.


LaTeX Warning: Citation `han2012controlling' on page 22 undefined on input line
 558.


LaTeX Warning: Citation `han2014controlling' on page 22 undefined on input line
 558.


Overfull \hbox (14.83765pt too wide) in paragraph at lines 558--558
[][]  
 []

File: Feathergraphics/2.png Graphic file (type png)
<use Feathergraphics/2.png>
Package pdftex.def Info: Feathergraphics/2.png used on input line 558.
(pdftex.def)             Requested size: 39.375pt x 34.8354pt.
Missing character: There is no ; in font nullfont!
 [22

 <./Feathergraphics/CVSEA.PNG> <./Feathergraphics/BiOMmodel.png>]
<Feathergraphics/SEDA.PNG, id=239, 315.42844pt x 104.64093pt>
File: Feathergraphics/SEDA.PNG Graphic file (type png)

<use Feathergraphics/SEDA.PNG>
Package pdftex.def Info: Feathergraphics/SEDA.PNG used on input line 580.
(pdftex.def)             Requested size: 94.62926pt x 31.3925pt.


LaTeX Warning: Citation `Eslamy2013' on page 23 undefined on input line 580.

<Feathergraphics/PEDA.PNG, id=240, 307.1475pt x 132.495pt>
File: Feathergraphics/PEDA.PNG Graphic file (type png)

<use Feathergraphics/PEDA.PNG>
Package pdftex.def Info: Feathergraphics/PEDA.PNG used on input line 580.
(pdftex.def)             Requested size: 92.14496pt x 39.7488pt.


LaTeX Warning: Citation `Eslamy2013' on page 23 undefined on input line 580.

<Feathergraphics/maccepa2.PNG, id=241, 358.33875pt x 134.00063pt>
File: Feathergraphics/maccepa2.PNG Graphic file (type png)

<use Feathergraphics/maccepa2.PNG>
Package pdftex.def Info: Feathergraphics/maccepa2.PNG used on input line 580.
(pdftex.def)             Requested size: 89.58446pt x 33.50006pt.


LaTeX Warning: Citation `Cherelle2014' on page 23 undefined on input line 580.

File: Feathergraphics/2.png Graphic file (type png)
<use Feathergraphics/2.png>
Package pdftex.def Info: Feathergraphics/2.png used on input line 580.
(pdftex.def)             Requested size: 39.375pt x 34.8354pt.
Missing character: There is no ; in font nullfont!
 [23

 <./Feathergraphics/SEDA.PNG> <./Feathergraphics/PEDA.PNG> <./Feathergraphics/m
accepa2.PNG>]
No file Feathertheme.toc.
File: Feathergraphics/2.png Graphic file (type png)
<use Feathergraphics/2.png>
Package pdftex.def Info: Feathergraphics/2.png used on input line 583.
(pdftex.def)             Requested size: 39.375pt x 34.8354pt.
Missing character: There is no ; in font nullfont!
 [24

]
<Feathergraphics/transicion.png, id=260, 828.09375pt x 345.29pt>
File: Feathergraphics/transicion.png Graphic file (type png)

<use Feathergraphics/transicion.png>
Package pdftex.def Info: Feathergraphics/transicion.png used on input line 595.

(pdftex.def)             Requested size: 289.83716pt x 120.8533pt.


LaTeX Warning: Citation `Collins2010' on page 25 undefined on input line 595.

File: Feathergraphics/2.png Graphic file (type png)
<use Feathergraphics/2.png>
Package pdftex.def Info: Feathergraphics/2.png used on input line 595.
(pdftex.def)             Requested size: 39.375pt x 34.8354pt.
Missing character: There is no ; in font nullfont!
 [25

 <./Feathergraphics/transicion.png>]
<Feathergraphics/transicion2.png, id=271, 827.09pt x 336.25626pt>
File: Feathergraphics/transicion2.png Graphic file (type png)

<use Feathergraphics/transicion2.png>
Package pdftex.def Info: Feathergraphics/transicion2.png used on input line 606
.
(pdftex.def)             Requested size: 289.48582pt x 117.69145pt.


LaTeX Warning: Citation `Collins2010' on page 26 undefined on input line 606.

File: Feathergraphics/2.png Graphic file (type png)
<use Feathergraphics/2.png>
Package pdftex.def Info: Feathergraphics/2.png used on input line 606.
(pdftex.def)             Requested size: 39.375pt x 34.8354pt.
Missing character: There is no ; in font nullfont!
 [26

 <./Feathergraphics/transicion2.png>]
<Feathergraphics/20160310072328.png, id=280, 824.32968pt x 606.01407pt>
File: Feathergraphics/20160310072328.png Graphic file (type png)

<use Feathergraphics/20160310072328.png>
Package pdftex.def Info: Feathergraphics/20160310072328.png used on input line 
621.
(pdftex.def)             Requested size: 255.53955pt x 187.86241pt.


LaTeX Warning: Citation `Cherelle2014a' on page 27 undefined on input line 621.



Overfull \vbox (3.01411pt too high) detected at line 621
 []

File: Feathergraphics/2.png Graphic file (type png)
<use Feathergraphics/2.png>
Package pdftex.def Info: Feathergraphics/2.png used on input line 621.
(pdftex.def)             Requested size: 39.375pt x 34.8354pt.
Missing character: There is no ; in font nullfont!
 [27

 <./Feathergraphics/20160310072328.png (PNG copy)>] <Feathergraphics/2016011311
0039.png, id=289, 887.315pt x 652.4375pt>
File: Feathergraphics/20160113110039.png Graphic file (type png)

<use Feathergraphics/20160113110039.png>
Package pdftex.def Info: Feathergraphics/20160113110039.png used on input line 
634.
(pdftex.def)             Requested size: 248.4465pt x 182.68124pt.
LaTeX Font Info:    Font shape `T1/phv/bx/n' in size <5> not available
(Font)              Font shape `T1/phv/b/n' tried instead on input line 634.


LaTeX Warning: Citation `Cherelle2014a' on page 28 undefined on input line 634.


File: Feathergraphics/2.png Graphic file (type png)
<use Feathergraphics/2.png>
Package pdftex.def Info: Feathergraphics/2.png used on input line 634.
(pdftex.def)             Requested size: 39.375pt x 34.8354pt.
Missing character: There is no ; in font nullfont!
 [28

 <./Feathergraphics/20160113110039.png (PNG copy)>]
<Feathergraphics/Afectaciones_energeticas_en_protesis_transtibiales.png, id=297
, 1400.23125pt x 433.62pt>
File: Feathergraphics/Afectaciones_energeticas_en_protesis_transtibiales.png Gr
aphic file (type png)

<use Feathergraphics/Afectaciones_energeticas_en_protesis_transtibiales.png>
Package pdftex.def Info: Feathergraphics/Afectaciones_energeticas_en_protesis_t
ranstibiales.png used on input line 646.
(pdftex.def)             Requested size: 336.06236pt x 104.07092pt.

Overfull \hbox (28.77249pt too wide) in paragraph at lines 646--646
 [] 
 []

File: Feathergraphics/2.png Graphic file (type png)
<use Feathergraphics/2.png>
Package pdftex.def Info: Feathergraphics/2.png used on input line 646.
(pdftex.def)             Requested size: 39.375pt x 34.8354pt.
Missing character: There is no ; in font nullfont!
 [29

 <./Feathergraphics/Afectaciones_energeticas_en_protesis_transtibiales.png (PNG
 copy)>]
File: Feathergraphics/2.png Graphic file (type png)
 <use Feathergraphics/2.png>
Package pdftex.def Info: Feathergraphics/2.png used on input line 658.
(pdftex.def)             Requested size: 39.375pt x 34.8354pt.
Missing character: There is no ; in font nullfont!
 [30

]
File: Feathergraphics/2.png Graphic file (type png)

<use Feathergraphics/2.png>
Package pdftex.def Info: Feathergraphics/2.png used on input line 673.
(pdftex.def)             Requested size: 39.375pt x 34.8354pt.
Missing character: There is no ; in font nullfont!
 [31

]
File: Feathergraphics/2.png Graphic file (type png)
 <use Feathergraphics/2.png>
Package pdftex.def Info: Feathergraphics/2.png used on input line 685.
(pdftex.def)             Requested size: 39.375pt x 34.8354pt.
Missing character: There is no ; in font nullfont!
 [32

]
No file Feathertheme.toc.
File: Feathergraphics/2.png Graphic file (type png)
<use Feathergraphics/2.png>
Package pdftex.def Info: Feathergraphics/2.png used on input line 688.
(pdftex.def)             Requested size: 39.375pt x 34.8354pt.
Missing character: There is no ; in font nullfont!
 [33

]
File: Feathergraphics/2.png Graphic file (type png)
 <use Feathergraphics/2.png>
Package pdftex.def Info: Feathergraphics/2.png used on input line 700.
(pdftex.def)             Requested size: 39.375pt x 34.8354pt.
Missing character: There is no ; in font nullfont!
 [34

]
File: Feathergraphics/2.png Graphic file (type png)

<use Feathergraphics/2.png>
Package pdftex.def Info: Feathergraphics/2.png used on input line 720.
(pdftex.def)             Requested size: 39.375pt x 34.8354pt.
Missing character: There is no ; in font nullfont!
 [35

]
No file Feathertheme.toc.
File: Feathergraphics/2.png Graphic file (type png)
<use Feathergraphics/2.png>
Package pdftex.def Info: Feathergraphics/2.png used on input line 723.
(pdftex.def)             Requested size: 39.375pt x 34.8354pt.
Missing character: There is no ; in font nullfont!
 [36

]
<Feathergraphics/Fase_exploratoria.png, id=363, 592.2125pt x 614.295pt>
File: Feathergraphics/Fase_exploratoria.png Graphic file (type png)

<use Feathergraphics/Fase_exploratoria.png>
Package pdftex.def Info: Feathergraphics/Fase_exploratoria.png used on input li
ne 730.
(pdftex.def)             Requested size: 207.27747pt x 215.00647pt.

Overfull \vbox (6.74326pt too high) detected at line 730
 []

File: Feathergraphics/2.png Graphic file (type png)
<use Feathergraphics/2.png>
Package pdftex.def Info: Feathergraphics/2.png used on input line 730.
(pdftex.def)             Requested size: 39.375pt x 34.8354pt.
Missing character: There is no ; in font nullfont!
 [37

 <./Feathergraphics/Fase_exploratoria.png (PNG copy)>]

LaTeX Warning: Citation `Sagawa2011' on page 38 undefined on input line 760.

File: Feathergraphics/2.png Graphic file (type png)
<use Feathergraphics/2.png>
Package pdftex.def Info: Feathergraphics/2.png used on input line 760.
(pdftex.def)             Requested size: 39.375pt x 34.8354pt.
Missing character: There is no ; in font nullfont!
 [38

]
File: Feathergraphics/2.png Graphic file (type png)
 <use Feathergraphics/2.png>
Package pdftex.def Info: Feathergraphics/2.png used on input line 804.
(pdftex.def)             Requested size: 39.375pt x 34.8354pt.
Missing character: There is no ; in font nullfont!
 [39

]
<Feathergraphics/muscle-driven-sim.png, id=386, 534.99875pt x 176.66pt>
File: Feathergraphics/muscle-driven-sim.png Graphic file (type png)

<use Feathergraphics/muscle-driven-sim.png>
Package pdftex.def Info: Feathergraphics/muscle-driven-sim.png used on input li
ne 821.
(pdftex.def)             Requested size: 294.25021pt x 97.16328pt.
File: Feathergraphics/2.png Graphic file (type png)
 <use Feathergraphics/2.png>
Package pdftex.def Info: Feathergraphics/2.png used on input line 821.
(pdftex.def)             Requested size: 39.375pt x 34.8354pt.
Missing character: There is no ; in font nullfont!

[40

 <./Feathergraphics/muscle-driven-sim.png>]

LaTeX Warning: Citation `Hicks2014' on page 41 undefined on input line 845.

<Feathergraphics/verificationprocess.png, id=395, 490.08093pt x 520.19344pt>
File: Feathergraphics/verificationprocess.png Graphic file (type png)

<use Feathergraphics/verificationprocess.png>
Package pdftex.def Info: Feathergraphics/verificationprocess.png used on input 
line 845.
(pdftex.def)             Requested size: 147.0254pt x 156.05922pt.


LaTeX Warning: Citation `Hicks2014' on page 41 undefined on input line 845.

File: Feathergraphics/2.png Graphic file (type png)
<use Feathergraphics/2.png>
Package pdftex.def Info: Feathergraphics/2.png used on input line 845.
(pdftex.def)             Requested size: 39.375pt x 34.8354pt.
Missing character: There is no ; in font nullfont!
 [41

 <./Feathergraphics/verificationprocess.png>]
<Feathergraphics/Actividades2.png, id=404, 1101.11375pt x 322.20375pt>
File: Feathergraphics/Actividades2.png Graphic file (type png)

<use Feathergraphics/Actividades2.png>
Package pdftex.def Info: Feathergraphics/Actividades2.png used on input line 85
3.
(pdftex.def)             Requested size: 308.30975pt x 90.21643pt.

Overfull \hbox (1.01988pt too wide) in paragraph at lines 853--853
[][]  
 []

File: Feathergraphics/2.png Graphic file (type png)
<use Feathergraphics/2.png>
Package pdftex.def Info: Feathergraphics/2.png used on input line 853.
(pdftex.def)             Requested size: 39.375pt x 34.8354pt.
Missing character: There is no ; in font nullfont!
 [42

 <./Feathergraphics/Actividades2.png>]
File: Feathergraphics/2.png Graphic file (type png)

<use Feathergraphics/2.png>
Package pdftex.def Info: Feathergraphics/2.png used on input line 882.
(pdftex.def)             Requested size: 39.375pt x 34.8354pt.
Missing character: There is no ; in font nullfont!
 [43

]
<Feathergraphics/Actividades3.png, id=422, 641.39626pt x 299.1175pt>
File: Feathergraphics/Actividades3.png Graphic file (type png)

<use Feathergraphics/Actividades3.png>
Package pdftex.def Info: Feathergraphics/Actividades3.png used on input line 91
0.
(pdftex.def)             Requested size: 256.55396pt x 119.64487pt.


LaTeX Warning: Citation `Collins2010' on page 44 undefined on input line 910.


LaTeX Warning: Citation `Collins2010' on page 44 undefined on input line 910.

File: Feathergraphics/2.png Graphic file (type png)
<use Feathergraphics/2.png>
Package pdftex.def Info: Feathergraphics/2.png used on input line 910.
(pdftex.def)             Requested size: 39.375pt x 34.8354pt.
Missing character: There is no ; in font nullfont!
 [44

 <./Feathergraphics/Actividades3.png>]
File: Feathergraphics/2.png Graphic file (type png)

<use Feathergraphics/2.png>
Package pdftex.def Info: Feathergraphics/2.png used on input line 922.
(pdftex.def)             Requested size: 39.375pt x 34.8354pt.
Missing character: There is no ; in font nullfont!
 [45

]
<Feathergraphics/Biomvscontrol.png, id=438, 330.23375pt x 270.00874pt>
File: Feathergraphics/Biomvscontrol.png Graphic file (type png)

<use Feathergraphics/Biomvscontrol.png>
Package pdftex.def Info: Feathergraphics/Biomvscontrol.png used on input line 9
56.
(pdftex.def)             Requested size: 115.58353pt x 94.50447pt.


LaTeX Warning: Citation `Esposito2015' on page 46 undefined on input line 956.


LaTeX Warning: Citation `Esposito2015' on page 46 undefined on input line 956.

<Feathergraphics/2354_2392_SIMM.png, id=439, 277.78781pt x 319.94531pt>
File: Feathergraphics/2354_2392_SIMM.png Graphic file (type png)

<use Feathergraphics/2354_2392_SIMM.png>
Package pdftex.def Info: Feathergraphics/2354_2392_SIMM.png used on input line 
956.
(pdftex.def)             Requested size: 111.11314pt x 127.97585pt.
File: Feathergraphics/2.png Graphic file (type png)
 <use Feathergraphics/2.png>
Package pdftex.def Info: Feathergraphics/2.png used on input line 956.
(pdftex.def)             Requested size: 39.375pt x 34.8354pt.
Missing character: There is no ; in font nullfont!
 [46

 <./Feathergraphics/Biomvscontrol.png> <./Feathergraphics/2354_2392_SIMM.png>]
<Feathergraphics/strainshoe.png, id=449, 574.145pt x 599.23875pt>
File: Feathergraphics/strainshoe.png Graphic file (type png)

<use Feathergraphics/strainshoe.png>
Package pdftex.def Info: Feathergraphics/strainshoe.png used on input line 986.

(pdftex.def)             Requested size: 132.05057pt x 137.822pt.
File: Feathergraphics/2.png Graphic file (type png)
 <use Feathergraphics/2.png>
Package pdftex.def Info: Feathergraphics/2.png used on input line 986.
(pdftex.def)             Requested size: 39.375pt x 34.8354pt.
Missing character: There is no ; in font nullfont!
 [47

 <./Feathergraphics/strainshoe.png (PNG copy)>]
No file Feathertheme.toc.
File: Feathergraphics/2.png Graphic file (type png)
<use Feathergraphics/2.png>
Package pdftex.def Info: Feathergraphics/2.png used on input line 989.
(pdftex.def)             Requested size: 39.375pt x 34.8354pt.
Missing character: There is no ; in font nullfont!
 [48

]
Overfull \hbox (16.49057pt too wide) in paragraph at lines 1022--1022
 [] 
 []

File: Feathergraphics/2.png Graphic file (type png)
<use Feathergraphics/2.png>
Package pdftex.def Info: Feathergraphics/2.png used on input line 1022.
(pdftex.def)             Requested size: 39.375pt x 34.8354pt.
Missing character: There is no ; in font nullfont!
 [49

]
Overfull \hbox (27.23763pt too wide) in paragraph at lines 1060--1060
 [] 
 []

File: Feathergraphics/2.png Graphic file (type png)
<use Feathergraphics/2.png>
Package pdftex.def Info: Feathergraphics/2.png used on input line 1060.
(pdftex.def)             Requested size: 39.375pt x 34.8354pt.
Missing character: There is no ; in font nullfont!
 [50

]
No file Feathertheme.toc.
File: Feathergraphics/2.png Graphic file (type png)
<use Feathergraphics/2.png>
Package pdftex.def Info: Feathergraphics/2.png used on input line 1061.
(pdftex.def)             Requested size: 39.375pt x 34.8354pt.
Missing character: There is no ; in font nullfont!
 [51

]
No file Feathertheme.bbl.
File: Feathergraphics/2.png Graphic file (type png)
<use Feathergraphics/2.png>
Package pdftex.def Info: Feathergraphics/2.png used on input line 1066.
(pdftex.def)             Requested size: 39.375pt x 34.8354pt.
Missing character: There is no ; in font nullfont!
 [52

]
File: Feathergraphics/GIBM.png Graphic file (type png)
 <use Feathergraphics/GIBM.png>
Package pdftex.def Info: Feathergraphics/GIBM.png used on input line 1071.
(pdftex.def)             Requested size: 265.59044pt x 273.74083pt.
 [53

]
\tf@nav=\write6
\openout6 = `Feathertheme.nav'.

\tf@toc=\write7
\openout7 = `Feathertheme.toc'.

\tf@snm=\write8
\openout8 = `Feathertheme.snm'.

Package atveryend Info: Empty hook `BeforeClearDocument' on input line 1073.
Package atveryend Info: Empty hook `AfterLastShipout' on input line 1073.

(./Feathertheme.aux
LaTeX Info: Redefining \. on input line 25.
LaTeX Info: Redefining \% on input line 25.
)
Package atveryend Info: Executing hook `AtVeryEndDocument' on input line 1073.
Package atveryend Info: Executing hook `AtEndAfterFileList' on input line 1073.



Package rerunfilecheck Warning: File `Feathertheme.out' has changed.
(rerunfilecheck)                Rerun to get outlines right
(rerunfilecheck)                or use package `bookmark'.

Package rerunfilecheck Info: Checksums for `Feathertheme.out':
(rerunfilecheck)             Before: <no file>
(rerunfilecheck)             After:  8D32FB14EF3BD5C8FDC909618F513C5A;950.

LaTeX Warning: There were undefined references.

Package atveryend Info: Empty hook `AtVeryVeryEnd' on input line 1073.
 ) 
Here is how much of TeX's memory you used:
 19751 strings out of 493304
 366919 string characters out of 6139872
 466071 words of memory out of 5000000
 22548 multiletter control sequences out of 15000+600000
 69424 words of font info for 91 fonts, out of 8000000 for 9000
 957 hyphenation exceptions out of 8191
 52i,17n,60p,411b,870s stack positions out of 5000i,500n,10000p,200000b,80000s
{/usr/share/texlive/texmf-dist/fonts/enc/dvips/base/8r.enc}{/usr/share/texmf/
fonts/enc/dvips/cm-super/cm-super-t1.enc}</usr/share/texlive/texmf-dist/fonts/t
ype1/public/amsfonts/cm/cmmi9.pfb></usr/share/texlive/texmf-dist/fonts/type1/pu
blic/amsfonts/symbols/msam10.pfb></usr/share/texlive/texmf-dist/fonts/type1/pub
lic/amsfonts/symbols/msam7.pfb></usr/share/texmf/fonts/type1/public/cm-super/sf
bx1200.pfb></usr/share/texmf/fonts/type1/public/cm-super/sfbx1440.pfb></usr/sha
re/texmf/fonts/type1/public/cm-super/sfrm0800.pfb></usr/share/texmf/fonts/type1
/public/cm-super/sfrm1000.pfb></usr/share/texmf/fonts/type1/public/cm-super/sft
t1000.pfb></usr/share/texlive/texmf-dist/fonts/type1/urw/helvetic/uhvb8a.pfb></
usr/share/texlive/texmf-dist/fonts/type1/urw/helvetic/uhvr8a.pfb></usr/share/te
xlive/texmf-dist/fonts/type1/urw/helvetic/uhvro8a.pfb>
Output written on Feathertheme.pdf (53 pages, 5931832 bytes).
PDF statistics:
 567 PDF objects out of 1000 (max. 8388607)
 411 compressed objects within 5 object streams
 119 named destinations out of 1000 (max. 500000)
 283 words of extra memory for PDF output out of 10000 (max. 10000000)

