This is pdfTeX, Version 3.14159265-2.6-1.40.19 (TeX Live 2018) (preloaded format=pdflatex 2018.6.20)  3 SEP 2018 17:23
entering extended mode
 restricted \write18 enabled.
 %&-line parsing enabled.
**3-point.tex
(./3-point.tex
LaTeX2e <2018-04-01> patch level 5
(/home/eprietop/Workspace/texlive/2018/texmf-dist/tex/latex/beamer/beamer.cls
Document Class: beamer 2018/02/20 v3.50 A class for typesetting presentations

(/home/eprietop/Workspace/texlive/2018/texmf-dist/tex/latex/beamer/beamerbasemo
des.sty
(/home/eprietop/Workspace/texlive/2018/texmf-dist/tex/latex/etoolbox/etoolbox.s
ty
Package: etoolbox 2018/02/11 v2.5e e-TeX tools for LaTeX (JAW)
\etb@tempcnta=\count80
)
\beamer@tempbox=\box26
\beamer@tempcount=\count81
\c@beamerpauses=\count82

(/home/eprietop/Workspace/texlive/2018/texmf-dist/tex/latex/beamer/beamerbasede
code.sty
\beamer@slideinframe=\count83
\beamer@minimum=\count84
)
\beamer@commentbox=\box27
\beamer@modecount=\count85
)
(/home/eprietop/Workspace/texlive/2018/texmf-dist/tex/generic/oberdiek/ifpdf.st
y
Package: ifpdf 2017/03/15 v3.2 Provides the ifpdf switch
)
\headdp=\dimen102
\footheight=\dimen103
\sidebarheight=\dimen104
\beamer@tempdim=\dimen105
\beamer@finalheight=\dimen106
\beamer@animht=\dimen107
\beamer@animdp=\dimen108
\beamer@animwd=\dimen109
\beamer@leftmargin=\dimen110
\beamer@rightmargin=\dimen111
\beamer@leftsidebar=\dimen112
\beamer@rightsidebar=\dimen113
\beamer@boxsize=\dimen114
\beamer@vboxoffset=\dimen115
\beamer@descdefault=\dimen116
\beamer@descriptionwidth=\dimen117
\beamer@lastskip=\skip41
\beamer@areabox=\box28
\beamer@animcurrent=\box29
\beamer@animshowbox=\box30
\beamer@sectionbox=\box31
\beamer@logobox=\box32
\beamer@linebox=\box33
\beamer@sectioncount=\count86
\beamer@subsubsectionmax=\count87
\beamer@subsectionmax=\count88
\beamer@sectionmax=\count89
\beamer@totalheads=\count90
\beamer@headcounter=\count91
\beamer@partstartpage=\count92
\beamer@sectionstartpage=\count93
\beamer@subsectionstartpage=\count94
\beamer@animationtempa=\count95
\beamer@animationtempb=\count96
\beamer@xpos=\count97
\beamer@ypos=\count98
\beamer@ypos@offset=\count99
\beamer@showpartnumber=\count100
\beamer@currentsubsection=\count101
\beamer@coveringdepth=\count102
\beamer@sectionadjust=\count103
\beamer@tocsectionnumber=\count104

(/home/eprietop/Workspace/texlive/2018/texmf-dist/tex/latex/beamer/beamerbaseop
tions.sty
(/home/eprietop/Workspace/texlive/2018/texmf-dist/tex/latex/graphics/keyval.sty
Package: keyval 2014/10/28 v1.15 key=value parser (DPC)
\KV@toks@=\toks14
))
\beamer@paperwidth=\skip42
\beamer@paperheight=\skip43

(/home/eprietop/Workspace/texlive/2018/texmf-dist/tex/latex/geometry/geometry.s
ty
Package: geometry 2018/04/16 v5.8 Page Geometry

(/home/eprietop/Workspace/texlive/2018/texmf-dist/tex/generic/oberdiek/ifvtex.s
ty
Package: ifvtex 2016/05/16 v1.6 Detect VTeX and its facilities (HO)
Package ifvtex Info: VTeX not detected.
)
(/home/eprietop/Workspace/texlive/2018/texmf-dist/tex/generic/ifxetex/ifxetex.s
ty
Package: ifxetex 2010/09/12 v0.6 Provides ifxetex conditional
)
\Gm@cnth=\count105
\Gm@cntv=\count106
\c@Gm@tempcnt=\count107
\Gm@bindingoffset=\dimen118
\Gm@wd@mp=\dimen119
\Gm@odd@mp=\dimen120
\Gm@even@mp=\dimen121
\Gm@layoutwidth=\dimen122
\Gm@layoutheight=\dimen123
\Gm@layouthoffset=\dimen124
\Gm@layoutvoffset=\dimen125
\Gm@dimlist=\toks15
)
(/home/eprietop/Workspace/texlive/2018/texmf-dist/tex/latex/base/size10.clo
File: size10.clo 2014/09/29 v1.4h Standard LaTeX file (size option)
)
(/home/eprietop/Workspace/texlive/2018/texmf-dist/tex/latex/pgf/basiclayer/pgfc
ore.sty
(/home/eprietop/Workspace/texlive/2018/texmf-dist/tex/latex/graphics/graphicx.s
ty
Package: graphicx 2017/06/01 v1.1a Enhanced LaTeX Graphics (DPC,SPQR)

(/home/eprietop/Workspace/texlive/2018/texmf-dist/tex/latex/graphics/graphics.s
ty
Package: graphics 2017/06/25 v1.2c Standard LaTeX Graphics (DPC,SPQR)

(/home/eprietop/Workspace/texlive/2018/texmf-dist/tex/latex/graphics/trig.sty
Package: trig 2016/01/03 v1.10 sin cos tan (DPC)
)
(/home/eprietop/Workspace/texlive/2018/texmf-dist/tex/latex/graphics-cfg/graphi
cs.cfg
File: graphics.cfg 2016/06/04 v1.11 sample graphics configuration
)
Package graphics Info: Driver file: pdftex.def on input line 99.

(/home/eprietop/Workspace/texlive/2018/texmf-dist/tex/latex/graphics-def/pdftex
.def
File: pdftex.def 2018/01/08 v1.0l Graphics/color driver for pdftex
))
\Gin@req@height=\dimen126
\Gin@req@width=\dimen127
)
(/home/eprietop/Workspace/texlive/2018/texmf-dist/tex/latex/pgf/systemlayer/pgf
sys.sty
(/home/eprietop/Workspace/texlive/2018/texmf-dist/tex/latex/pgf/utilities/pgfrc
s.sty
(/home/eprietop/Workspace/texlive/2018/texmf-dist/tex/generic/pgf/utilities/pgf
util-common.tex
\pgfutil@everybye=\toks16
\pgfutil@tempdima=\dimen128
\pgfutil@tempdimb=\dimen129

(/home/eprietop/Workspace/texlive/2018/texmf-dist/tex/generic/pgf/utilities/pgf
util-common-lists.tex))
(/home/eprietop/Workspace/texlive/2018/texmf-dist/tex/generic/pgf/utilities/pgf
util-latex.def
\pgfutil@abb=\box34

(/home/eprietop/Workspace/texlive/2018/texmf-dist/tex/latex/ms/everyshi.sty
Package: everyshi 2001/05/15 v3.00 EveryShipout Package (MS)
))
(/home/eprietop/Workspace/texlive/2018/texmf-dist/tex/generic/pgf/utilities/pgf
rcs.code.tex
Package: pgfrcs 2015/08/07 v3.0.1a (rcs-revision 1.31)
))
(/home/eprietop/Workspace/texlive/2018/texmf-dist/tex/generic/pgf/systemlayer/p
gfsys.code.tex
Package: pgfsys 2014/07/09 v3.0.1a (rcs-revision 1.48)

(/home/eprietop/Workspace/texlive/2018/texmf-dist/tex/generic/pgf/utilities/pgf
keys.code.tex
\pgfkeys@pathtoks=\toks17
\pgfkeys@temptoks=\toks18

(/home/eprietop/Workspace/texlive/2018/texmf-dist/tex/generic/pgf/utilities/pgf
keysfiltered.code.tex
\pgfkeys@tmptoks=\toks19
))
\pgf@x=\dimen130
\pgf@y=\dimen131
\pgf@xa=\dimen132
\pgf@ya=\dimen133
\pgf@xb=\dimen134
\pgf@yb=\dimen135
\pgf@xc=\dimen136
\pgf@yc=\dimen137
\w@pgf@writea=\write3
\r@pgf@reada=\read1
\c@pgf@counta=\count108
\c@pgf@countb=\count109
\c@pgf@countc=\count110
\c@pgf@countd=\count111
\t@pgf@toka=\toks20
\t@pgf@tokb=\toks21
\t@pgf@tokc=\toks22

(/home/eprietop/Workspace/texlive/2018/texmf-dist/tex/generic/pgf/systemlayer/p
gf.cfg
File: pgf.cfg 2008/05/14  (rcs-revision 1.7)
)
Driver file for pgf: pgfsys-pdftex.def

(/home/eprietop/Workspace/texlive/2018/texmf-dist/tex/generic/pgf/systemlayer/p
gfsys-pdftex.def
File: pgfsys-pdftex.def 2014/10/11  (rcs-revision 1.35)

(/home/eprietop/Workspace/texlive/2018/texmf-dist/tex/generic/pgf/systemlayer/p
gfsys-common-pdf.def
File: pgfsys-common-pdf.def 2013/10/10  (rcs-revision 1.13)
)))
(/home/eprietop/Workspace/texlive/2018/texmf-dist/tex/generic/pgf/systemlayer/p
gfsyssoftpath.code.tex
File: pgfsyssoftpath.code.tex 2013/09/09  (rcs-revision 1.9)
\pgfsyssoftpath@smallbuffer@items=\count112
\pgfsyssoftpath@bigbuffer@items=\count113
)
(/home/eprietop/Workspace/texlive/2018/texmf-dist/tex/generic/pgf/systemlayer/p
gfsysprotocol.code.tex
File: pgfsysprotocol.code.tex 2006/10/16  (rcs-revision 1.4)
))
(/home/eprietop/Workspace/texlive/2018/texmf-dist/tex/latex/xcolor/xcolor.sty
Package: xcolor 2016/05/11 v2.12 LaTeX color extensions (UK)

(/home/eprietop/Workspace/texlive/2018/texmf-dist/tex/latex/graphics-cfg/color.
cfg
File: color.cfg 2016/01/02 v1.6 sample color configuration
)
Package xcolor Info: Driver file: pdftex.def on input line 225.
Package xcolor Info: Model `cmy' substituted by `cmy0' on input line 1348.
Package xcolor Info: Model `hsb' substituted by `rgb' on input line 1352.
Package xcolor Info: Model `RGB' extended on input line 1364.
Package xcolor Info: Model `HTML' substituted by `rgb' on input line 1366.
Package xcolor Info: Model `Hsb' substituted by `hsb' on input line 1367.
Package xcolor Info: Model `tHsb' substituted by `hsb' on input line 1368.
Package xcolor Info: Model `HSB' substituted by `hsb' on input line 1369.
Package xcolor Info: Model `Gray' substituted by `gray' on input line 1370.
Package xcolor Info: Model `wave' substituted by `hsb' on input line 1371.
)
(/home/eprietop/Workspace/texlive/2018/texmf-dist/tex/generic/pgf/basiclayer/pg
fcore.code.tex
Package: pgfcore 2010/04/11 v3.0.1a (rcs-revision 1.7)

(/home/eprietop/Workspace/texlive/2018/texmf-dist/tex/generic/pgf/math/pgfmath.
code.tex
(/home/eprietop/Workspace/texlive/2018/texmf-dist/tex/generic/pgf/math/pgfmathc
alc.code.tex
(/home/eprietop/Workspace/texlive/2018/texmf-dist/tex/generic/pgf/math/pgfmathu
til.code.tex)
(/home/eprietop/Workspace/texlive/2018/texmf-dist/tex/generic/pgf/math/pgfmathp
arser.code.tex
\pgfmath@dimen=\dimen138
\pgfmath@count=\count114
\pgfmath@box=\box35
\pgfmath@toks=\toks23
\pgfmath@stack@operand=\toks24
\pgfmath@stack@operation=\toks25
)
(/home/eprietop/Workspace/texlive/2018/texmf-dist/tex/generic/pgf/math/pgfmathf
unctions.code.tex
(/home/eprietop/Workspace/texlive/2018/texmf-dist/tex/generic/pgf/math/pgfmathf
unctions.basic.code.tex)
(/home/eprietop/Workspace/texlive/2018/texmf-dist/tex/generic/pgf/math/pgfmathf
unctions.trigonometric.code.tex)
(/home/eprietop/Workspace/texlive/2018/texmf-dist/tex/generic/pgf/math/pgfmathf
unctions.random.code.tex)
(/home/eprietop/Workspace/texlive/2018/texmf-dist/tex/generic/pgf/math/pgfmathf
unctions.comparison.code.tex)
(/home/eprietop/Workspace/texlive/2018/texmf-dist/tex/generic/pgf/math/pgfmathf
unctions.base.code.tex)
(/home/eprietop/Workspace/texlive/2018/texmf-dist/tex/generic/pgf/math/pgfmathf
unctions.round.code.tex)
(/home/eprietop/Workspace/texlive/2018/texmf-dist/tex/generic/pgf/math/pgfmathf
unctions.misc.code.tex)
(/home/eprietop/Workspace/texlive/2018/texmf-dist/tex/generic/pgf/math/pgfmathf
unctions.integerarithmetics.code.tex)))
(/home/eprietop/Workspace/texlive/2018/texmf-dist/tex/generic/pgf/math/pgfmathf
loat.code.tex
\c@pgfmathroundto@lastzeros=\count115
))
(/home/eprietop/Workspace/texlive/2018/texmf-dist/tex/generic/pgf/basiclayer/pg
fcorepoints.code.tex
File: pgfcorepoints.code.tex 2013/10/07  (rcs-revision 1.27)
\pgf@picminx=\dimen139
\pgf@picmaxx=\dimen140
\pgf@picminy=\dimen141
\pgf@picmaxy=\dimen142
\pgf@pathminx=\dimen143
\pgf@pathmaxx=\dimen144
\pgf@pathminy=\dimen145
\pgf@pathmaxy=\dimen146
\pgf@xx=\dimen147
\pgf@xy=\dimen148
\pgf@yx=\dimen149
\pgf@yy=\dimen150
\pgf@zx=\dimen151
\pgf@zy=\dimen152
)
(/home/eprietop/Workspace/texlive/2018/texmf-dist/tex/generic/pgf/basiclayer/pg
fcorepathconstruct.code.tex
File: pgfcorepathconstruct.code.tex 2013/10/07  (rcs-revision 1.29)
\pgf@path@lastx=\dimen153
\pgf@path@lasty=\dimen154
)
(/home/eprietop/Workspace/texlive/2018/texmf-dist/tex/generic/pgf/basiclayer/pg
fcorepathusage.code.tex
File: pgfcorepathusage.code.tex 2014/11/02  (rcs-revision 1.24)
\pgf@shorten@end@additional=\dimen155
\pgf@shorten@start@additional=\dimen156
)
(/home/eprietop/Workspace/texlive/2018/texmf-dist/tex/generic/pgf/basiclayer/pg
fcorescopes.code.tex
File: pgfcorescopes.code.tex 2015/05/08  (rcs-revision 1.46)
\pgfpic=\box36
\pgf@hbox=\box37
\pgf@layerbox@main=\box38
\pgf@picture@serial@count=\count116
)
(/home/eprietop/Workspace/texlive/2018/texmf-dist/tex/generic/pgf/basiclayer/pg
fcoregraphicstate.code.tex
File: pgfcoregraphicstate.code.tex 2014/11/02  (rcs-revision 1.12)
\pgflinewidth=\dimen157
)
(/home/eprietop/Workspace/texlive/2018/texmf-dist/tex/generic/pgf/basiclayer/pg
fcoretransformations.code.tex
File: pgfcoretransformations.code.tex 2015/08/07  (rcs-revision 1.20)
\pgf@pt@x=\dimen158
\pgf@pt@y=\dimen159
\pgf@pt@temp=\dimen160
)
(/home/eprietop/Workspace/texlive/2018/texmf-dist/tex/generic/pgf/basiclayer/pg
fcorequick.code.tex
File: pgfcorequick.code.tex 2008/10/09  (rcs-revision 1.3)
)
(/home/eprietop/Workspace/texlive/2018/texmf-dist/tex/generic/pgf/basiclayer/pg
fcoreobjects.code.tex
File: pgfcoreobjects.code.tex 2006/10/11  (rcs-revision 1.2)
)
(/home/eprietop/Workspace/texlive/2018/texmf-dist/tex/generic/pgf/basiclayer/pg
fcorepathprocessing.code.tex
File: pgfcorepathprocessing.code.tex 2013/09/09  (rcs-revision 1.9)
)
(/home/eprietop/Workspace/texlive/2018/texmf-dist/tex/generic/pgf/basiclayer/pg
fcorearrows.code.tex
File: pgfcorearrows.code.tex 2015/05/14  (rcs-revision 1.43)
\pgfarrowsep=\dimen161
)
(/home/eprietop/Workspace/texlive/2018/texmf-dist/tex/generic/pgf/basiclayer/pg
fcoreshade.code.tex
File: pgfcoreshade.code.tex 2013/07/15  (rcs-revision 1.15)
\pgf@max=\dimen162
\pgf@sys@shading@range@num=\count117
)
(/home/eprietop/Workspace/texlive/2018/texmf-dist/tex/generic/pgf/basiclayer/pg
fcoreimage.code.tex
File: pgfcoreimage.code.tex 2013/07/15  (rcs-revision 1.18)

(/home/eprietop/Workspace/texlive/2018/texmf-dist/tex/generic/pgf/basiclayer/pg
fcoreexternal.code.tex
File: pgfcoreexternal.code.tex 2014/07/09  (rcs-revision 1.21)
\pgfexternal@startupbox=\box39
))
(/home/eprietop/Workspace/texlive/2018/texmf-dist/tex/generic/pgf/basiclayer/pg
fcorelayers.code.tex
File: pgfcorelayers.code.tex 2013/07/18  (rcs-revision 1.7)
)
(/home/eprietop/Workspace/texlive/2018/texmf-dist/tex/generic/pgf/basiclayer/pg
fcoretransparency.code.tex
File: pgfcoretransparency.code.tex 2013/09/30  (rcs-revision 1.5)
)
(/home/eprietop/Workspace/texlive/2018/texmf-dist/tex/generic/pgf/basiclayer/pg
fcorepatterns.code.tex
File: pgfcorepatterns.code.tex 2013/11/07  (rcs-revision 1.5)
)))
(/home/eprietop/Workspace/texlive/2018/texmf-dist/tex/latex/pgf/utilities/xxcol
or.sty
Package: xxcolor 2003/10/24 ver 0.1
\XC@nummixins=\count118
\XC@countmixins=\count119
)
(/home/eprietop/Workspace/texlive/2018/texmf-dist/tex/generic/oberdiek/atbegshi
.sty
Package: atbegshi 2016/06/09 v1.18 At begin shipout hook (HO)

(/home/eprietop/Workspace/texlive/2018/texmf-dist/tex/generic/oberdiek/infwarer
r.sty
Package: infwarerr 2016/05/16 v1.4 Providing info/warning/error messages (HO)
)
(/home/eprietop/Workspace/texlive/2018/texmf-dist/tex/generic/oberdiek/ltxcmds.
sty
Package: ltxcmds 2016/05/16 v1.23 LaTeX kernel commands for general use (HO)
))
(/home/eprietop/Workspace/texlive/2018/texmf-dist/tex/latex/hyperref/hyperref.s
ty
Package: hyperref 2018/02/06 v6.86b Hypertext links for LaTeX

(/home/eprietop/Workspace/texlive/2018/texmf-dist/tex/generic/oberdiek/hobsub-h
yperref.sty
Package: hobsub-hyperref 2016/05/16 v1.14 Bundle oberdiek, subset hyperref (HO)


(/home/eprietop/Workspace/texlive/2018/texmf-dist/tex/generic/oberdiek/hobsub-g
eneric.sty
Package: hobsub-generic 2016/05/16 v1.14 Bundle oberdiek, subset generic (HO)
Package: hobsub 2016/05/16 v1.14 Construct package bundles (HO)
Package hobsub Info: Skipping package `infwarerr' (already loaded).
Package hobsub Info: Skipping package `ltxcmds' (already loaded).
Package: ifluatex 2016/05/16 v1.4 Provides the ifluatex switch (HO)
Package ifluatex Info: LuaTeX not detected.
Package hobsub Info: Skipping package `ifvtex' (already loaded).
Package: intcalc 2016/05/16 v1.2 Expandable calculations with integers (HO)
Package hobsub Info: Skipping package `ifpdf' (already loaded).
Package: etexcmds 2016/05/16 v1.6 Avoid name clashes with e-TeX commands (HO)
Package etexcmds Info: Could not find \expanded.
(etexcmds)             That can mean that you are not using pdfTeX 1.50 or
(etexcmds)             that some package has redefined \expanded.
(etexcmds)             In the latter case, load this package earlier.
Package: kvsetkeys 2016/05/16 v1.17 Key value parser (HO)
Package: kvdefinekeys 2016/05/16 v1.4 Define keys (HO)
Package: pdftexcmds 2018/01/30 v0.27 Utility functions of pdfTeX for LuaTeX (HO
)
Package pdftexcmds Info: LuaTeX not detected.
Package pdftexcmds Info: \pdf@primitive is available.
Package pdftexcmds Info: \pdf@ifprimitive is available.
Package pdftexcmds Info: \pdfdraftmode found.
Package: pdfescape 2016/05/16 v1.14 Implements pdfTeX's escape features (HO)
Package: bigintcalc 2016/05/16 v1.4 Expandable calculations on big integers (HO
)
Package: bitset 2016/05/16 v1.2 Handle bit-vector datatype (HO)
Package: uniquecounter 2016/05/16 v1.3 Provide unlimited unique counter (HO)
)
Package hobsub Info: Skipping package `hobsub' (already loaded).
Package: letltxmacro 2016/05/16 v1.5 Let assignment for LaTeX macros (HO)
Package: hopatch 2016/05/16 v1.3 Wrapper for package hooks (HO)
Package: xcolor-patch 2016/05/16 xcolor patch
Package: atveryend 2016/05/16 v1.9 Hooks at the very end of document (HO)
Package hobsub Info: Skipping package `atbegshi' (already loaded).
Package: refcount 2016/05/16 v3.5 Data extraction from label references (HO)
Package: hycolor 2016/05/16 v1.8 Color options for hyperref/bookmark (HO)
)
(/home/eprietop/Workspace/texlive/2018/texmf-dist/tex/latex/oberdiek/auxhook.st
y
Package: auxhook 2016/05/16 v1.4 Hooks for auxiliary files (HO)
)
(/home/eprietop/Workspace/texlive/2018/texmf-dist/tex/latex/oberdiek/kvoptions.
sty
Package: kvoptions 2016/05/16 v3.12 Key value format for package options (HO)
)
\@linkdim=\dimen163
\Hy@linkcounter=\count120
\Hy@pagecounter=\count121

(/home/eprietop/Workspace/texlive/2018/texmf-dist/tex/latex/hyperref/pd1enc.def
File: pd1enc.def 2018/02/06 v6.86b Hyperref: PDFDocEncoding definition (HO)
Now handling font encoding PD1 ...
... no UTF-8 mapping file for font encoding PD1
)
\Hy@SavedSpaceFactor=\count122

(/home/eprietop/Workspace/texlive/2018/texmf-dist/tex/latex/latexconfig/hyperre
f.cfg
File: hyperref.cfg 2002/06/06 v1.2 hyperref configuration of TeXLive
)
Package hyperref Info: Option `bookmarks' set `true' on input line 4383.
Package hyperref Info: Option `bookmarksopen' set `true' on input line 4383.
Package hyperref Info: Option `implicit' set `false' on input line 4383.
Package hyperref Info: Hyper figures OFF on input line 4509.
Package hyperref Info: Link nesting OFF on input line 4514.
Package hyperref Info: Hyper index ON on input line 4517.
Package hyperref Info: Plain pages OFF on input line 4524.
Package hyperref Info: Backreferencing OFF on input line 4529.
Package hyperref Info: Implicit mode OFF; no redefinition of LaTeX internals.
Package hyperref Info: Bookmarks ON on input line 4762.
\c@Hy@tempcnt=\count123
 (/home/eprietop/Workspace/texlive/2018/texmf-dist/tex/latex/url/url.sty
\Urlmuskip=\muskip10
Package: url 2013/09/16  ver 3.4  Verb mode for urls, etc.
)
LaTeX Info: Redefining \url on input line 5115.
\XeTeXLinkMargin=\dimen164
\Fld@menulength=\count124
\Field@Width=\dimen165
\Fld@charsize=\dimen166
Package hyperref Info: Hyper figures OFF on input line 6369.
Package hyperref Info: Link nesting OFF on input line 6374.
Package hyperref Info: Hyper index ON on input line 6377.
Package hyperref Info: backreferencing OFF on input line 6384.
Package hyperref Info: Link coloring OFF on input line 6389.
Package hyperref Info: Link coloring with OCG OFF on input line 6394.
Package hyperref Info: PDF/A mode OFF on input line 6399.
LaTeX Info: Redefining \ref on input line 6439.
LaTeX Info: Redefining \pageref on input line 6443.
\Hy@abspage=\count125

Package hyperref Message: Stopped early.

)
Package hyperref Info: Driver (autodetected): hpdftex.

(/home/eprietop/Workspace/texlive/2018/texmf-dist/tex/latex/hyperref/hpdftex.de
f
File: hpdftex.def 2018/02/06 v6.86b Hyperref driver for pdfTeX
\Fld@listcount=\count126
\c@bookmark@seq@number=\count127

(/home/eprietop/Workspace/texlive/2018/texmf-dist/tex/latex/oberdiek/rerunfilec
heck.sty
Package: rerunfilecheck 2016/05/16 v1.8 Rerun checks for auxiliary files (HO)
Package uniquecounter Info: New unique counter `rerunfilecheck' on input line 2
82.
))
(/home/eprietop/Workspace/texlive/2018/texmf-dist/tex/latex/beamer/beamerbasere
quires.sty
(/home/eprietop/Workspace/texlive/2018/texmf-dist/tex/latex/beamer/beamerbaseco
mpatibility.sty)
(/home/eprietop/Workspace/texlive/2018/texmf-dist/tex/latex/beamer/beamerbasefo
nt.sty
(/home/eprietop/Workspace/texlive/2018/texmf-dist/tex/latex/amsfonts/amssymb.st
y
Package: amssymb 2013/01/14 v3.01 AMS font symbols

(/home/eprietop/Workspace/texlive/2018/texmf-dist/tex/latex/amsfonts/amsfonts.s
ty
Package: amsfonts 2013/01/14 v3.01 Basic AMSFonts support
\@emptytoks=\toks26
\symAMSa=\mathgroup4
\symAMSb=\mathgroup5
LaTeX Font Info:    Overwriting math alphabet `\mathfrak' in version `bold'
(Font)                  U/euf/m/n --> U/euf/b/n on input line 106.
))
(/home/eprietop/Workspace/texlive/2018/texmf-dist/tex/latex/sansmathaccent/sans
mathaccent.sty
Package: sansmathaccent 2013/03/28

(/home/eprietop/Workspace/texlive/2018/texmf-dist/tex/latex/filehook/filehook.s
ty
Package: filehook 2011/10/12 v0.5d Hooks for input files
)))
(/home/eprietop/Workspace/texlive/2018/texmf-dist/tex/latex/beamer/beamerbasetr
anslator.sty
(/home/eprietop/Workspace/texlive/2018/texmf-dist/tex/latex/translator/translat
or.sty
Package: translator 2018/01/04 v1.12 Easy translation of strings in LaTeX
))
(/home/eprietop/Workspace/texlive/2018/texmf-dist/tex/latex/beamer/beamerbasemi
sc.sty)
(/home/eprietop/Workspace/texlive/2018/texmf-dist/tex/latex/beamer/beamerbasetw
oscreens.sty)
(/home/eprietop/Workspace/texlive/2018/texmf-dist/tex/latex/beamer/beamerbaseov
erlay.sty
\beamer@argscount=\count128
\beamer@lastskipcover=\skip44
\beamer@trivlistdepth=\count129
)
(/home/eprietop/Workspace/texlive/2018/texmf-dist/tex/latex/beamer/beamerbaseti
tle.sty)
(/home/eprietop/Workspace/texlive/2018/texmf-dist/tex/latex/beamer/beamerbasese
ction.sty
\c@lecture=\count130
\c@part=\count131
\c@section=\count132
\c@subsection=\count133
\c@subsubsection=\count134
)
(/home/eprietop/Workspace/texlive/2018/texmf-dist/tex/latex/beamer/beamerbasefr
ame.sty
\beamer@framebox=\box40
\beamer@frametitlebox=\box41
\beamer@zoombox=\box42
\beamer@zoomcount=\count135
\beamer@zoomframecount=\count136
\beamer@frametextheight=\dimen167
\c@subsectionslide=\count137
\beamer@frametopskip=\skip45
\beamer@framebottomskip=\skip46
\beamer@frametopskipautobreak=\skip47
\beamer@framebottomskipautobreak=\skip48
\beamer@envbody=\toks27
\framewidth=\dimen168
\c@framenumber=\count138
)
(/home/eprietop/Workspace/texlive/2018/texmf-dist/tex/latex/beamer/beamerbaseve
rbatim.sty
\beamer@verbatimfileout=\write4
)
(/home/eprietop/Workspace/texlive/2018/texmf-dist/tex/latex/beamer/beamerbasefr
amesize.sty
\beamer@splitbox=\box43
\beamer@autobreakcount=\count139
\beamer@autobreaklastheight=\dimen169
\beamer@frametitletoks=\toks28
\beamer@framesubtitletoks=\toks29
)
(/home/eprietop/Workspace/texlive/2018/texmf-dist/tex/latex/beamer/beamerbasefr
amecomponents.sty
\beamer@footins=\box44
)
(/home/eprietop/Workspace/texlive/2018/texmf-dist/tex/latex/beamer/beamerbaseco
lor.sty
\beamer@bg@ht=\dimen170
\beamer@bg@wd=\dimen171
\beamer@bg@dp=\dimen172
)
(/home/eprietop/Workspace/texlive/2018/texmf-dist/tex/latex/beamer/beamerbaseno
tes.sty
\beamer@frameboxcopy=\box45
)
(/home/eprietop/Workspace/texlive/2018/texmf-dist/tex/latex/beamer/beamerbaseto
c.sty)
(/home/eprietop/Workspace/texlive/2018/texmf-dist/tex/latex/beamer/beamerbasete
mplates.sty
\beamer@sbttoks=\toks30

(/home/eprietop/Workspace/texlive/2018/texmf-dist/tex/latex/beamer/beamerbaseau
xtemplates.sty
(/home/eprietop/Workspace/texlive/2018/texmf-dist/tex/latex/beamer/beamerbasebo
xes.sty
\bmb@box=\box46
\bmb@colorbox=\box47
\bmb@boxshadow=\box48
\bmb@boxshadowball=\box49
\bmb@boxshadowballlarge=\box50
\bmb@temp=\dimen173
\bmb@dima=\dimen174
\bmb@dimb=\dimen175
\bmb@prevheight=\dimen176
)
\beamer@blockheadheight=\dimen177
))
(/home/eprietop/Workspace/texlive/2018/texmf-dist/tex/latex/beamer/beamerbaselo
calstructure.sty
(/home/eprietop/Workspace/texlive/2018/texmf-dist/tex/latex/tools/enumerate.sty
Package: enumerate 2015/07/23 v3.00 enumerate extensions (DPC)
\@enLab=\toks31
)
\c@figure=\count140
\c@table=\count141
\abovecaptionskip=\skip49
\belowcaptionskip=\skip50
)
(/home/eprietop/Workspace/texlive/2018/texmf-dist/tex/latex/beamer/beamerbasena
vigation.sty
\beamer@section@min@dim=\dimen178
)
(/home/eprietop/Workspace/texlive/2018/texmf-dist/tex/latex/beamer/beamerbaseth
eorems.sty
(/home/eprietop/Workspace/texlive/2018/texmf-dist/tex/latex/amsmath/amsmath.sty
Package: amsmath 2017/09/02 v2.17a AMS math features
\@mathmargin=\skip51
For additional information on amsmath, use the `?' option.

(/home/eprietop/Workspace/texlive/2018/texmf-dist/tex/latex/amsmath/amstext.sty
Package: amstext 2000/06/29 v2.01 AMS text
(/home/eprietop/Workspace/texlive/2018/texmf-dist/tex/latex/amsmath/amsgen.sty
File: amsgen.sty 1999/11/30 v2.0 generic functions
\@emptytoks=\toks32
\ex@=\dimen179
))
(/home/eprietop/Workspace/texlive/2018/texmf-dist/tex/latex/amsmath/amsbsy.sty
Package: amsbsy 1999/11/29 v1.2d Bold Symbols
\pmbraise@=\dimen180
) (/home/eprietop/Workspace/texlive/2018/texmf-dist/tex/latex/amsmath/amsopn.st
y
Package: amsopn 2016/03/08 v2.02 operator names
)
\inf@bad=\count142
LaTeX Info: Redefining \frac on input line 213.
\uproot@=\count143
\leftroot@=\count144
LaTeX Info: Redefining \overline on input line 375.
\classnum@=\count145
\DOTSCASE@=\count146
LaTeX Info: Redefining \ldots on input line 472.
LaTeX Info: Redefining \dots on input line 475.
LaTeX Info: Redefining \cdots on input line 596.
\Mathstrutbox@=\box51
\strutbox@=\box52
\big@size=\dimen181
LaTeX Font Info:    Redeclaring font encoding OML on input line 712.
LaTeX Font Info:    Redeclaring font encoding OMS on input line 713.
\macc@depth=\count147
\c@MaxMatrixCols=\count148
\dotsspace@=\muskip11
\c@parentequation=\count149
\dspbrk@lvl=\count150
\tag@help=\toks33
\row@=\count151
\column@=\count152
\maxfields@=\count153
\andhelp@=\toks34
\eqnshift@=\dimen182
\alignsep@=\dimen183
\tagshift@=\dimen184
\tagwidth@=\dimen185
\totwidth@=\dimen186
\lineht@=\dimen187
\@envbody=\toks35
\multlinegap=\skip52
\multlinetaggap=\skip53
\mathdisplay@stack=\toks36
LaTeX Info: Redefining \[ on input line 2817.
LaTeX Info: Redefining \] on input line 2818.
)
(/home/eprietop/Workspace/texlive/2018/texmf-dist/tex/latex/amscls/amsthm.sty
Package: amsthm 2017/10/31 v2.20.4
\thm@style=\toks37
\thm@bodyfont=\toks38
\thm@headfont=\toks39
\thm@notefont=\toks40
\thm@headpunct=\toks41
\thm@preskip=\skip54
\thm@postskip=\skip55
\thm@headsep=\skip56
\dth@everypar=\toks42
)
\c@theorem=\count154
)
(/home/eprietop/Workspace/texlive/2018/texmf-dist/tex/latex/beamer/beamerbaseth
emes.sty))
(/home/eprietop/Workspace/texlive/2018/texmf-dist/tex/latex/beamer/beamerthemed
efault.sty
(/home/eprietop/Workspace/texlive/2018/texmf-dist/tex/latex/beamer/beamerfontth
emedefault.sty)
(/home/eprietop/Workspace/texlive/2018/texmf-dist/tex/latex/beamer/beamercolort
hemedefault.sty)
(/home/eprietop/Workspace/texlive/2018/texmf-dist/tex/latex/beamer/beamerinnert
hemedefault.sty
\beamer@dima=\dimen188
\beamer@dimb=\dimen189
)
(/home/eprietop/Workspace/texlive/2018/texmf-dist/tex/latex/beamer/beameroutert
hemedefault.sty)))
(/home/eprietop/texmf/tex/latex/metropolis/beamerthememetropolis.sty
Package: beamerthememetropolis 2017/01/23 v1.2 Metropolis Beamer theme

(/home/eprietop/Workspace/texlive/2018/texmf-dist/tex/latex/pgfopts/pgfopts.sty
Package: pgfopts 2014/07/10 v2.1a LaTeX package options with pgfkeys

(/home/eprietop/Workspace/texlive/2018/texmf-dist/tex/latex/pgf/utilities/pgfke
ys.sty
(/home/eprietop/Workspace/texlive/2018/texmf-dist/tex/generic/pgf/utilities/pgf
keys.code.tex))
\pgfopts@list@add@a@toks=\toks43
\pgfopts@list@add@b@toks=\toks44
)
(/home/eprietop/texmf/tex/latex/metropolis/beamerinnerthememetropolis.sty
Package: beamerinnerthememetropolis 2017/01/23 Metropolis inner theme

(/home/eprietop/Workspace/texlive/2018/texmf-dist/tex/latex/tools/calc.sty
Package: calc 2017/05/25 v4.3 Infix arithmetic (KKT,FJ)
\calc@Acount=\count155
\calc@Bcount=\count156
\calc@Adimen=\dimen190
\calc@Bdimen=\dimen191
\calc@Askip=\skip57
\calc@Bskip=\skip58
LaTeX Info: Redefining \setlength on input line 80.
LaTeX Info: Redefining \addtolength on input line 81.
\calc@Ccount=\count157
\calc@Cskip=\skip59
)
(/home/eprietop/Workspace/texlive/2018/texmf-dist/tex/latex/pgf/frontendlayer/t
ikz.sty
(/home/eprietop/Workspace/texlive/2018/texmf-dist/tex/latex/pgf/basiclayer/pgf.
sty
Package: pgf 2015/08/07 v3.0.1a (rcs-revision 1.15)

(/home/eprietop/Workspace/texlive/2018/texmf-dist/tex/generic/pgf/modules/pgfmo
duleshapes.code.tex
File: pgfmoduleshapes.code.tex 2014/03/21  (rcs-revision 1.35)
\pgfnodeparttextbox=\box53
)
(/home/eprietop/Workspace/texlive/2018/texmf-dist/tex/generic/pgf/modules/pgfmo
duleplot.code.tex
File: pgfmoduleplot.code.tex 2015/08/03  (rcs-revision 1.13)
)
(/home/eprietop/Workspace/texlive/2018/texmf-dist/tex/latex/pgf/compatibility/p
gfcomp-version-0-65.sty
Package: pgfcomp-version-0-65 2007/07/03 v3.0.1a (rcs-revision 1.7)
\pgf@nodesepstart=\dimen192
\pgf@nodesepend=\dimen193
)
(/home/eprietop/Workspace/texlive/2018/texmf-dist/tex/latex/pgf/compatibility/p
gfcomp-version-1-18.sty
Package: pgfcomp-version-1-18 2007/07/23 v3.0.1a (rcs-revision 1.1)
))
(/home/eprietop/Workspace/texlive/2018/texmf-dist/tex/latex/pgf/utilities/pgffo
r.sty
(/home/eprietop/Workspace/texlive/2018/texmf-dist/tex/latex/pgf/math/pgfmath.st
y
(/home/eprietop/Workspace/texlive/2018/texmf-dist/tex/generic/pgf/math/pgfmath.
code.tex))
(/home/eprietop/Workspace/texlive/2018/texmf-dist/tex/generic/pgf/utilities/pgf
for.code.tex
Package: pgffor 2013/12/13 v3.0.1a (rcs-revision 1.25)

(/home/eprietop/Workspace/texlive/2018/texmf-dist/tex/generic/pgf/math/pgfmath.
code.tex)
\pgffor@iter=\dimen194
\pgffor@skip=\dimen195
\pgffor@stack=\toks45
\pgffor@toks=\toks46
))
(/home/eprietop/Workspace/texlive/2018/texmf-dist/tex/generic/pgf/frontendlayer
/tikz/tikz.code.tex
Package: tikz 2015/08/07 v3.0.1a (rcs-revision 1.151)

(/home/eprietop/Workspace/texlive/2018/texmf-dist/tex/generic/pgf/libraries/pgf
libraryplothandlers.code.tex
File: pgflibraryplothandlers.code.tex 2013/08/31 v3.0.1a (rcs-revision 1.20)
\pgf@plot@mark@count=\count158
\pgfplotmarksize=\dimen196
)
\tikz@lastx=\dimen197
\tikz@lasty=\dimen198
\tikz@lastxsaved=\dimen199
\tikz@lastysaved=\dimen256
\tikzleveldistance=\dimen257
\tikzsiblingdistance=\dimen258
\tikz@figbox=\box54
\tikz@figbox@bg=\box55
\tikz@tempbox=\box56
\tikz@tempbox@bg=\box57
\tikztreelevel=\count159
\tikznumberofchildren=\count160
\tikznumberofcurrentchild=\count161
\tikz@fig@count=\count162

(/home/eprietop/Workspace/texlive/2018/texmf-dist/tex/generic/pgf/modules/pgfmo
dulematrix.code.tex
File: pgfmodulematrix.code.tex 2013/09/17  (rcs-revision 1.8)
\pgfmatrixcurrentrow=\count163
\pgfmatrixcurrentcolumn=\count164
\pgf@matrix@numberofcolumns=\count165
)
\tikz@expandcount=\count166

(/home/eprietop/Workspace/texlive/2018/texmf-dist/tex/generic/pgf/frontendlayer
/tikz/libraries/tikzlibrarytopaths.code.tex
File: tikzlibrarytopaths.code.tex 2008/06/17 v3.0.1a (rcs-revision 1.2)
)))
\metropolis@titleseparator@linewidth=\skip60
\metropolis@progressonsectionpage=\skip61
\metropolis@progressonsectionpage@linewidth=\skip62
\metropolis@blocksep=\skip63
\metropolis@blockadjust=\skip64
\metropolis@parskip=\skip65
)
(/home/eprietop/texmf/tex/latex/metropolis/beamerouterthememetropolis.sty
Package: beamerouterthememetropolis 2017/01/23 Metropolis outer theme
\metropolis@frametitle@padding=\skip66
\metropolis@progressinheadfoot=\skip67
\metropolis@progressinheadfoot@linewidth=\skip68
)
(/home/eprietop/texmf/tex/latex/metropolis/beamercolorthememetropolis.sty
Package: beamercolorthememetropolis 2017/01/23 Metropolis color theme
)
(/home/eprietop/texmf/tex/latex/metropolis/beamerfontthememetropolis.sty
Package: beamerfontthememetropolis 2017/01/23 Metropolis font theme


Package beamerthememetropolis Warning: You need to compile with XeLaTeX or LuaL
aTeX to use the Fira fonts on input line 95.

))
(/home/eprietop/Workspace/texlive/2018/texmf-dist/tex/latex/appendixnumberbeame
r/appendixnumberbeamer.sty)
(/home/eprietop/Workspace/texlive/2018/texmf-dist/tex/latex/booktabs/booktabs.s
ty
Package: booktabs 2016/04/27 v1.618033 publication quality tables
\heavyrulewidth=\dimen259
\lightrulewidth=\dimen260
\cmidrulewidth=\dimen261
\belowrulesep=\dimen262
\belowbottomsep=\dimen263
\aboverulesep=\dimen264
\abovetopsep=\dimen265
\cmidrulesep=\dimen266
\cmidrulekern=\dimen267
\defaultaddspace=\dimen268
\@cmidla=\count167
\@cmidlb=\count168
\@aboverulesep=\dimen269
\@belowrulesep=\dimen270
\@thisruleclass=\count169
\@lastruleclass=\count170
\@thisrulewidth=\dimen271
)
(/home/eprietop/Workspace/texlive/2018/texmf-dist/tex/latex/ccicons/ccicons.sty
Package: ccicons 2017/10/30 v1.6 LaTeX support for Creative Commons icons

(/home/eprietop/Workspace/texlive/2018/texmf-dist/tex/latex/xkeyval/xkeyval.sty
Package: xkeyval 2014/12/03 v2.7a package option processing (HA)

(/home/eprietop/Workspace/texlive/2018/texmf-dist/tex/generic/xkeyval/xkeyval.t
ex
(/home/eprietop/Workspace/texlive/2018/texmf-dist/tex/generic/xkeyval/xkvutils.
tex
\XKV@toks=\toks47
\XKV@tempa@toks=\toks48
)
\XKV@depth=\count171
File: xkeyval.tex 2014/12/03 v2.7a key=value parser (HA)
)))
(/home/eprietop/Workspace/texlive/2018/texmf-dist/tex/latex/multirow/multirow.s
ty
Package: multirow 2016/11/25 v2.2 Span multiple rows of a table
\multirow@colwidth=\skip69
\multirow@cntb=\count172
\multirow@dima=\skip70
\bigstrutjot=\dimen272
)
(/home/eprietop/Workspace/texlive/2018/texmf-dist/tex/latex/pgfgantt/pgfgantt.s
ty
Package: pgfgantt 2018/01/10 v5.0 Draw Gantt diagrams with TikZ

(/home/eprietop/Workspace/texlive/2018/texmf-dist/tex/generic/pgf/frontendlayer
/tikz/libraries/tikzlibraryarrows.code.tex
File: tikzlibraryarrows.code.tex 2008/01/09 v3.0.1a (rcs-revision 1.1)

(/home/eprietop/Workspace/texlive/2018/texmf-dist/tex/generic/pgf/libraries/pgf
libraryarrows.code.tex
File: pgflibraryarrows.code.tex 2013/09/23 v3.0.1a (rcs-revision 1.16)
\arrowsize=\dimen273
))
(/home/eprietop/Workspace/texlive/2018/texmf-dist/tex/generic/pgf/frontendlayer
/tikz/libraries/tikzlibrarybackgrounds.code.tex
File: tikzlibrarybackgrounds.code.tex 2013/07/18 v3.0.1a (rcs-revision 1.3)
\pgf@layerbox@background=\box58
\pgf@layerboxsaved@background=\box59
)
(/home/eprietop/Workspace/texlive/2018/texmf-dist/tex/generic/pgf/frontendlayer
/tikz/libraries/tikzlibrarycalc.code.tex
File: tikzlibrarycalc.code.tex 2013/07/15 v3.0.1a (rcs-revision 1.9)
)
(/home/eprietop/Workspace/texlive/2018/texmf-dist/tex/generic/pgf/frontendlayer
/tikz/libraries/tikzlibrarypatterns.code.tex
File: tikzlibrarypatterns.code.tex 2008/01/15 v3.0.1a (rcs-revision 1.2)

(/home/eprietop/Workspace/texlive/2018/texmf-dist/tex/generic/pgf/libraries/pgf
librarypatterns.code.tex
File: pgflibrarypatterns.code.tex 2008/03/03 v3.0.1a (rcs-revision 1.13)
))
(/home/eprietop/Workspace/texlive/2018/texmf-dist/tex/generic/pgf/frontendlayer
/tikz/libraries/tikzlibrarypositioning.code.tex
File: tikzlibrarypositioning.code.tex 2008/10/06 v3.0.1a (rcs-revision 1.7)
)
(/home/eprietop/Workspace/texlive/2018/texmf-dist/tex/generic/pgf/frontendlayer
/tikz/libraries/tikzlibraryshapes.geometric.code.tex
File: tikzlibraryshapes.geometric.code.tex 2008/01/09 v3.0.1a (rcs-revision 1.1
)

(/home/eprietop/Workspace/texlive/2018/texmf-dist/tex/generic/pgf/libraries/sha
pes/pgflibraryshapes.geometric.code.tex
File: pgflibraryshapes.geometric.code.tex 2008/06/26 v3.0.1a (rcs-revision 1.1)

))
(/home/eprietop/Workspace/texlive/2018/texmf-dist/tex/latex/pgf/utilities/pgfca
lendar.sty
(/home/eprietop/Workspace/texlive/2018/texmf-dist/tex/generic/pgf/utilities/pgf
calendar.code.tex
File: pgfcalendar.code.tex 2007/07/23 v3.0.1a (rcs-revision 1.11)
\pgfcalendarcurrentjulian=\count173
))
\gtt@currentline=\count174
\gtt@lasttitleline=\count175
\gtt@currgrid=\count176
\gtt@chartwidth=\count177
\gtt@lasttitleslot=\count178
\gtt@elementid=\count179
\gtt@today@slot=\count180
\gtt@startjulian=\count181
\gtt@endjulian=\count182
\gtt@chartid=\count183
\gtt@vrule@slot=\count184
\gtt@calendar@slots=\count185
\gtt@calendar@weeknumber=\count186
\gtt@calendar@startofweek=\count187
\gtt@left@slot=\count188
\gtt@right@slot=\count189
)
(/home/eprietop/Workspace/texlive/2018/texmf-dist/tex/latex/smartdiagram/smartd
iagram.sty
Package: smartdiagram 2016/12/23 v0.3b Automatic creation of smart diagrams fro
m lists of items.

(/home/eprietop/Workspace/texlive/2018/texmf-dist/tex/latex/l3packages/xparse/x
parse.sty
(/home/eprietop/Workspace/texlive/2018/texmf-dist/tex/latex/l3kernel/expl3.sty
Package: expl3 2018-06-14 L3 programming layer (loader) 

(/home/eprietop/Workspace/texlive/2018/texmf-dist/tex/latex/l3kernel/expl3-code
.tex
Package: expl3 2018-06-14 L3 programming layer (code)
\c_max_int=\count190
\l_tmpa_int=\count191
\l_tmpb_int=\count192
\g_tmpa_int=\count193
\g_tmpb_int=\count194
\g__kernel_prg_map_int=\count195
\c_log_iow=\count196
\l_iow_line_count_int=\count197
\l__iow_line_target_int=\count198
\l__iow_one_indent_int=\count199
\l__iow_indent_int=\count266
\c_zero_dim=\dimen274
\c_max_dim=\dimen275
\l_tmpa_dim=\dimen276
\l_tmpb_dim=\dimen277
\g_tmpa_dim=\dimen278
\g_tmpb_dim=\dimen279
\c_zero_skip=\skip71
\c_max_skip=\skip72
\l_tmpa_skip=\skip73
\l_tmpb_skip=\skip74
\g_tmpa_skip=\skip75
\g_tmpb_skip=\skip76
\c_zero_muskip=\muskip12
\c_max_muskip=\muskip13
\l_tmpa_muskip=\muskip14
\l_tmpb_muskip=\muskip15
\g_tmpa_muskip=\muskip16
\g_tmpb_muskip=\muskip17
\l_keys_choice_int=\count267
\l__intarray_loop_int=\count268
\c__intarray_sp_dim=\dimen280
\g__intarray_font_int=\count269
\c__fp_leading_shift_int=\count270
\c__fp_middle_shift_int=\count271
\c__fp_trailing_shift_int=\count272
\c__fp_big_leading_shift_int=\count273
\c__fp_big_middle_shift_int=\count274
\c__fp_big_trailing_shift_int=\count275
\c__fp_Bigg_leading_shift_int=\count276
\c__fp_Bigg_middle_shift_int=\count277
\c__fp_Bigg_trailing_shift_int=\count278
\c__kernel_randint_max_int=\count279
\g__fp_array_int=\count280
\l__fp_array_loop_int=\count281
\l__sort_length_int=\count282
\l__sort_min_int=\count283
\l__sort_top_int=\count284
\l__sort_max_int=\count285
\l__sort_true_max_int=\count286
\l__sort_block_int=\count287
\l__sort_begin_int=\count288
\l__sort_end_int=\count289
\l__sort_A_int=\count290
\l__sort_B_int=\count291
\l__sort_C_int=\count292
\l__tl_analysis_normal_int=\count293
\l__tl_analysis_index_int=\count294
\l__tl_analysis_nesting_int=\count295
\l__tl_analysis_type_int=\count296
\l__regex_internal_a_int=\count297
\l__regex_internal_b_int=\count298
\l__regex_internal_c_int=\count299
\l__regex_balance_int=\count300
\l__regex_group_level_int=\count301
\l__regex_mode_int=\count302
\c__regex_cs_in_class_mode_int=\count303
\c__regex_cs_mode_int=\count304
\l__regex_catcodes_int=\count305
\l__regex_default_catcodes_int=\count306
\c__regex_catcode_D_int=\count307
\c__regex_catcode_S_int=\count308
\c__regex_catcode_L_int=\count309
\c__regex_catcode_O_int=\count310
\c__regex_catcode_A_int=\count311
\c__regex_all_catcodes_int=\count312
\l__regex_show_lines_int=\count313
\l__regex_min_state_int=\count314
\l__regex_max_state_int=\count315
\l__regex_left_state_int=\count316
\l__regex_right_state_int=\count317
\l__regex_capturing_group_int=\count318
\l__regex_min_pos_int=\count319
\l__regex_max_pos_int=\count320
\l__regex_curr_pos_int=\count321
\l__regex_start_pos_int=\count322
\l__regex_success_pos_int=\count323
\l__regex_curr_char_int=\count324
\l__regex_curr_catcode_int=\count325
\l__regex_last_char_int=\count326
\l__regex_case_changed_char_int=\count327
\l__regex_curr_state_int=\count328
\l__regex_step_int=\count329
\l__regex_min_active_int=\count330
\l__regex_max_active_int=\count331
\l__regex_replacement_csnames_int=\count332
\l__regex_match_count_int=\count333
\l__regex_min_submatch_int=\count334
\l__regex_submatch_int=\count335
\l__regex_zeroth_submatch_int=\count336
\g__regex_trace_regex_int=\count337
\c_empty_box=\box60
\l_tmpa_box=\box61
\l_tmpb_box=\box62
\g_tmpa_box=\box63
\g_tmpb_box=\box64
\l__box_top_dim=\dimen281
\l__box_bottom_dim=\dimen282
\l__box_left_dim=\dimen283
\l__box_right_dim=\dimen284
\l__box_top_new_dim=\dimen285
\l__box_bottom_new_dim=\dimen286
\l__box_left_new_dim=\dimen287
\l__box_right_new_dim=\dimen288
\l__box_internal_box=\box65
\l__coffin_internal_box=\box66
\l__coffin_internal_dim=\dimen289
\l__coffin_offset_x_dim=\dimen290
\l__coffin_offset_y_dim=\dimen291
\l__coffin_x_dim=\dimen292
\l__coffin_y_dim=\dimen293
\l__coffin_x_prime_dim=\dimen294
\l__coffin_y_prime_dim=\dimen295
\c_empty_coffin=\box67
\l__coffin_aligned_coffin=\box68
\l__coffin_aligned_internal_coffin=\box69
\l_tmpa_coffin=\box70
\l_tmpb_coffin=\box71
\l__coffin_display_coffin=\box72
\l__coffin_display_coord_coffin=\box73
\l__coffin_display_pole_coffin=\box74
\l__coffin_display_offset_dim=\dimen296
\l__coffin_display_x_dim=\dimen297
\l__coffin_display_y_dim=\dimen298
\g__file_internal_ior=\read2
\l__coffin_bounding_shift_dim=\dimen299
\l__coffin_left_corner_dim=\dimen300
\l__coffin_right_corner_dim=\dimen301
\l__coffin_bottom_corner_dim=\dimen302
\l__coffin_top_corner_dim=\dimen303
\l__coffin_scaled_total_height_dim=\dimen304
\l__coffin_scaled_width_dim=\dimen305
\l__seq_internal_a_int=\count338
\l__seq_internal_b_int=\count339
)
(/home/eprietop/Workspace/texlive/2018/texmf-dist/tex/latex/l3kernel/l3pdfmode.
def
File: l3pdfmode.def 2018-06-14 v L3 Experimental driver: PDF mode
\l__driver_color_stack_int=\count340
))
Package: xparse 2018-05-12 L3 Experimental document command parser
\l__xparse_current_arg_int=\count341
\g__xparse_grabber_int=\count342
\l__xparse_m_args_int=\count343
\l__xparse_mandatory_args_int=\count344
\l__xparse_v_nesting_int=\count345
)
(/home/eprietop/Workspace/texlive/2018/texmf-dist/tex/generic/xstring/xstring.s
ty
(/home/eprietop/Workspace/texlive/2018/texmf-dist/tex/generic/xstring/xstring.t
ex
\@xs@message=\write5
\integerpart=\count346
\decimalpart=\count347
)
Package: xstring 2013/10/13  v1.7c  String manipulations (C Tellechea)
)
(/home/eprietop/Workspace/texlive/2018/texmf-dist/tex/generic/pgf/frontendlayer
/tikz/libraries/tikzlibraryfadings.code.tex
File: tikzlibraryfadings.code.tex 2009/11/15 v3.0.1a (rcs-revision 1.2)

(/home/eprietop/Workspace/texlive/2018/texmf-dist/tex/generic/pgf/libraries/pgf
libraryfadings.code.tex
File: pgflibraryfadings.code.tex 2008/02/07 v3.0.1a (rcs-revision 1.3)
))
(/home/eprietop/Workspace/texlive/2018/texmf-dist/tex/generic/pgf/frontendlayer
/tikz/libraries/tikzlibraryshadows.code.tex
File: tikzlibraryshadows.code.tex 2008/01/13 v3.0.1a (rcs-revision 1.3)
)
(/home/eprietop/Workspace/texlive/2018/texmf-dist/tex/generic/pgf/frontendlayer
/tikz/libraries/tikzlibraryshapes.arrows.code.tex
File: tikzlibraryshapes.arrows.code.tex 2008/01/09 v3.0.1a (rcs-revision 1.1)

(/home/eprietop/Workspace/texlive/2018/texmf-dist/tex/generic/pgf/libraries/sha
pes/pgflibraryshapes.arrows.code.tex
File: pgflibraryshapes.arrows.code.tex 2008/06/26 v3.0.1a (rcs-revision 1.1)
))
(/home/eprietop/Workspace/texlive/2018/texmf-dist/tex/generic/pgf/frontendlayer
/tikz/libraries/tikzlibraryshapes.symbols.code.tex
File: tikzlibraryshapes.symbols.code.tex 2008/01/09 v3.0.1a (rcs-revision 1.1)

(/home/eprietop/Workspace/texlive/2018/texmf-dist/tex/generic/pgf/libraries/sha
pes/pgflibraryshapes.symbols.code.tex
File: pgflibraryshapes.symbols.code.tex 2013/09/11 v3.0.1a (rcs-revision 1.6)
))
\pgf@layerbox@smart diagram arrow back=\box75
\pgf@layerboxsaved@smart diagram arrow back=\box76

(/home/eprietop/Workspace/texlive/2018/texmf-dist/tex/latex/smartdiagram/smartd
iagramlibrarycore.definitions.code.tex
.................................................
. LaTeX info: "xparse/define-command"
. 
. Defining command \smartdiagramset with sig. 'm' on line 262.
.................................................
)
(/home/eprietop/Workspace/texlive/2018/texmf-dist/tex/latex/smartdiagram/smartd
iagramlibrarycore.styles.code.tex)
(/home/eprietop/Workspace/texlive/2018/texmf-dist/tex/latex/smartdiagram/smartd
iagramlibrarycore.commands.code.tex
.................................................
. LaTeX info: "xparse/define-command"
. 
. Defining command \smartdiagram with sig. 'r[] m' on line 244.
.................................................
.................................................
. LaTeX info: "xparse/define-command"
. 
. Defining command \smartdiagramanimated with sig. 'r[] m' on line 487.
.................................................
))
(/home/eprietop/Workspace/texlive/2018/texmf-dist/tex/latex/tools/verbatim.sty
Package: verbatim 2014/10/28 v1.5q LaTeX2e package for verbatim enhancements
\every@verbatim=\toks49
\verbatim@line=\toks50
\verbatim@in@stream=\read3
)
(/home/eprietop/Workspace/texlive/2018/texmf-dist/tex/generic/pgf/frontendlayer
/tikz/libraries/tikzlibraryshapes.code.tex
File: tikzlibraryshapes.code.tex 2008/01/09 v3.0.1a (rcs-revision 1.1)

(/home/eprietop/Workspace/texlive/2018/texmf-dist/tex/generic/pgf/frontendlayer
/tikz/libraries/tikzlibraryshapes.misc.code.tex
File: tikzlibraryshapes.misc.code.tex 2008/01/09 v3.0.1a (rcs-revision 1.1)

(/home/eprietop/Workspace/texlive/2018/texmf-dist/tex/generic/pgf/libraries/sha
pes/pgflibraryshapes.misc.code.tex
File: pgflibraryshapes.misc.code.tex 2013/07/18 v3.0.1a (rcs-revision 1.5)
))
(/home/eprietop/Workspace/texlive/2018/texmf-dist/tex/generic/pgf/frontendlayer
/tikz/libraries/tikzlibraryshapes.callouts.code.tex
(/home/eprietop/Workspace/texlive/2018/texmf-dist/tex/generic/pgf/libraries/sha
pes/pgflibraryshapes.callouts.code.tex))
(/home/eprietop/Workspace/texlive/2018/texmf-dist/tex/generic/pgf/frontendlayer
/tikz/libraries/tikzlibraryshapes.multipart.code.tex
File: tikzlibraryshapes.multipart.code.tex 2008/01/09 v3.0.1a (rcs-revision 1.1
)

(/home/eprietop/Workspace/texlive/2018/texmf-dist/tex/generic/pgf/libraries/sha
pes/pgflibraryshapes.multipart.code.tex
File: pgflibraryshapes.multipart.code.tex 2010/01/07 v3.0.1a (rcs-revision 1.2)

\pgfnodepartlowerbox=\box77
\pgfnodeparttwobox=\box78
\pgfnodepartthreebox=\box79
\pgfnodepartfourbox=\box80
\pgfnodeparttwentybox=\box81
\pgfnodepartnineteenbox=\box82
\pgfnodeparteighteenbox=\box83
\pgfnodepartseventeenbox=\box84
\pgfnodepartsixteenbox=\box85
\pgfnodepartfifteenbox=\box86
\pgfnodepartfourteenbox=\box87
\pgfnodepartthirteenbox=\box88
\pgfnodeparttwelvebox=\box89
\pgfnodepartelevenbox=\box90
\pgfnodeparttenbox=\box91
\pgfnodepartninebox=\box92
\pgfnodeparteightbox=\box93
\pgfnodepartsevenbox=\box94
\pgfnodepartsixbox=\box95
\pgfnodepartfivebox=\box96
)))
(/home/eprietop/Workspace/texlive/2018/texmf-dist/tex/latex/pgfplots/pgfplots.s
ty
(/home/eprietop/Workspace/texlive/2018/texmf-dist/tex/generic/pgfplots/pgfplots
.revision.tex)
Package: pgfplots 2018/03/28 v1.16 Data Visualization (1.16)

(/home/eprietop/Workspace/texlive/2018/texmf-dist/tex/generic/pgfplots/pgfplots
.code.tex
(/home/eprietop/Workspace/texlive/2018/texmf-dist/tex/generic/pgfplots/pgfplots
core.code.tex
\t@pgfplots@toka=\toks51
\t@pgfplots@tokb=\toks52
\t@pgfplots@tokc=\toks53
\pgfplots@tmpa=\dimen306
\c@pgfplots@coordindex=\count348
\c@pgfplots@scanlineindex=\count349

(/home/eprietop/Workspace/texlive/2018/texmf-dist/tex/generic/pgfplots/sys/pgfp
lotssysgeneric.code.tex))
(/home/eprietop/Workspace/texlive/2018/texmf-dist/tex/generic/pgfplots/libs/pgf
plotslibrary.code.tex)
(/home/eprietop/Workspace/texlive/2018/texmf-dist/tex/generic/pgfplots/oldpgfco
mpatib/pgfplotsoldpgfsupp_loader.code.tex
(/home/eprietop/Workspace/texlive/2018/texmf-dist/tex/generic/pgf/libraries/pgf
libraryfpu.code.tex)
Package pgfplots: loading complementary arithmetics for your pgf version...

(/home/eprietop/Workspace/texlive/2018/texmf-dist/tex/generic/pgfplots/oldpgfco
mpatib/pgfplotsoldpgfsupp_pgflibraryfpu.code.tex)
(/home/eprietop/Workspace/texlive/2018/texmf-dist/tex/generic/pgfplots/oldpgfco
mpatib/pgfplotsoldpgfsupp_pgfmathfloat.code.tex
\c@pgfmathroundto@lastzeros=\count350
)
(/home/eprietop/Workspace/texlive/2018/texmf-dist/tex/generic/pgfplots/oldpgfco
mpatib/pgfplotsoldpgfsupp_leq.code.tex))
(/home/eprietop/Workspace/texlive/2018/texmf-dist/tex/generic/pgfplots/util/pgf
plotsutil.code.tex
(/home/eprietop/Workspace/texlive/2018/texmf-dist/tex/generic/pgfplots/liststru
cture/pgfplotsliststructure.code.tex)
(/home/eprietop/Workspace/texlive/2018/texmf-dist/tex/generic/pgfplots/liststru
cture/pgfplotsliststructureext.code.tex)
(/home/eprietop/Workspace/texlive/2018/texmf-dist/tex/generic/pgfplots/liststru
cture/pgfplotsarray.code.tex
\c@pgfplotsarray@tmp=\count351
)
(/home/eprietop/Workspace/texlive/2018/texmf-dist/tex/generic/pgfplots/liststru
cture/pgfplotsmatrix.code.tex)
(/home/eprietop/Workspace/texlive/2018/texmf-dist/tex/generic/pgfplots/numtable
/pgfplotstableshared.code.tex
\c@pgfplotstable@counta=\count352
\t@pgfplotstable@a=\toks54
)
(/home/eprietop/Workspace/texlive/2018/texmf-dist/tex/generic/pgfplots/liststru
cture/pgfplotsdeque.code.tex)
(/home/eprietop/Workspace/texlive/2018/texmf-dist/tex/generic/pgfplots/util/pgf
plotsbinary.code.tex
(/home/eprietop/Workspace/texlive/2018/texmf-dist/tex/generic/pgfplots/util/pgf
plotsbinary.data.code.tex))
(/home/eprietop/Workspace/texlive/2018/texmf-dist/tex/generic/pgfplots/util/pgf
plotsutil.verb.code.tex)
(/home/eprietop/Workspace/texlive/2018/texmf-dist/tex/generic/pgfplots/libs/pgf
librarypgfplots.surfshading.code.tex
\c@pgfplotslibrarysurf@no=\count353

(/home/eprietop/Workspace/texlive/2018/texmf-dist/tex/generic/pgfplots/sys/pgfl
ibrarypgfplots.surfshading.pgfsys-pdftex.def)))
(/home/eprietop/Workspace/texlive/2018/texmf-dist/tex/generic/pgfplots/util/pgf
plotscolormap.code.tex
(/home/eprietop/Workspace/texlive/2018/texmf-dist/tex/generic/pgfplots/util/pgf
plotscolor.code.tex))
(/home/eprietop/Workspace/texlive/2018/texmf-dist/tex/generic/pgfplots/pgfplots
stackedplots.code.tex)
(/home/eprietop/Workspace/texlive/2018/texmf-dist/tex/generic/pgfplots/pgfplots
plothandlers.code.tex
(/home/eprietop/Workspace/texlive/2018/texmf-dist/tex/generic/pgfplots/pgfplots
meshplothandler.code.tex
(/home/eprietop/Workspace/texlive/2018/texmf-dist/tex/generic/pgfplots/pgfplots
meshplotimage.code.tex)))
(/home/eprietop/Workspace/texlive/2018/texmf-dist/tex/generic/pgfplots/pgfplots
.scaling.code.tex)
(/home/eprietop/Workspace/texlive/2018/texmf-dist/tex/generic/pgfplots/pgfplots
coordprocessing.code.tex)
(/home/eprietop/Workspace/texlive/2018/texmf-dist/tex/generic/pgfplots/pgfplots
.errorbars.code.tex)
(/home/eprietop/Workspace/texlive/2018/texmf-dist/tex/generic/pgfplots/pgfplots
.markers.code.tex)
(/home/eprietop/Workspace/texlive/2018/texmf-dist/tex/generic/pgfplots/pgfplots
ticks.code.tex)
(/home/eprietop/Workspace/texlive/2018/texmf-dist/tex/generic/pgfplots/pgfplots
.paths.code.tex)
(/home/eprietop/Workspace/texlive/2018/texmf-dist/tex/generic/pgf/frontendlayer
/tikz/libraries/tikzlibrarydecorations.code.tex
(/home/eprietop/Workspace/texlive/2018/texmf-dist/tex/generic/pgf/modules/pgfmo
duledecorations.code.tex
\pgfdecoratedcompleteddistance=\dimen307
\pgfdecoratedremainingdistance=\dimen308
\pgfdecoratedinputsegmentcompleteddistance=\dimen309
\pgfdecoratedinputsegmentremainingdistance=\dimen310
\pgf@decorate@distancetomove=\dimen311
\pgf@decorate@repeatstate=\count354
\pgfdecorationsegmentamplitude=\dimen312
\pgfdecorationsegmentlength=\dimen313
)
\tikz@lib@dec@box=\box97
)
(/home/eprietop/Workspace/texlive/2018/texmf-dist/tex/generic/pgf/frontendlayer
/tikz/libraries/tikzlibrarydecorations.pathmorphing.code.tex
(/home/eprietop/Workspace/texlive/2018/texmf-dist/tex/generic/pgf/libraries/dec
orations/pgflibrarydecorations.pathmorphing.code.tex))
(/home/eprietop/Workspace/texlive/2018/texmf-dist/tex/generic/pgf/frontendlayer
/tikz/libraries/tikzlibrarydecorations.pathreplacing.code.tex
(/home/eprietop/Workspace/texlive/2018/texmf-dist/tex/generic/pgf/libraries/dec
orations/pgflibrarydecorations.pathreplacing.code.tex))
\pgfplots@numplots=\count355
\pgfplots@xmin@reg=\dimen314
\pgfplots@xmax@reg=\dimen315
\pgfplots@ymin@reg=\dimen316
\pgfplots@ymax@reg=\dimen317
\pgfplots@zmin@reg=\dimen318
\pgfplots@zmax@reg=\dimen319
)
(/home/eprietop/Workspace/texlive/2018/texmf-dist/tex/generic/pgf/frontendlayer
/tikz/libraries/tikzlibraryplotmarks.code.tex
File: tikzlibraryplotmarks.code.tex 2008/01/09 v3.0.1a (rcs-revision 1.1)

(/home/eprietop/Workspace/texlive/2018/texmf-dist/tex/generic/pgf/libraries/pgf
libraryplotmarks.code.tex
File: pgflibraryplotmarks.code.tex 2015/08/03 v3.0.1a (rcs-revision 1.14)
)))
(/home/eprietop/Workspace/texlive/2018/texmf-dist/tex/generic/pgfplots/libs/tik
zlibrarypgfplots.dateplot.code.tex)
(/home/eprietop/Workspace/texlive/2018/texmf-dist/tex/latex/tools/xspace.sty
Package: xspace 2014/10/28 v1.13 Space after command names (DPC,MH)
)
(/home/eprietop/texmf/tex/latex/metropolis/pgfplotsthemetol.sty
Package: pgfplotsthemetol 2017/01/23 PGFplots colors based on Paul Tol's SRON t
echnical note
) (./3-point.aux)
\openout1 = `3-point.aux'.

LaTeX Font Info:    Checking defaults for OML/cmm/m/it on input line 54.
LaTeX Font Info:    ... okay on input line 54.
LaTeX Font Info:    Checking defaults for T1/cmr/m/n on input line 54.
LaTeX Font Info:    ... okay on input line 54.
LaTeX Font Info:    Checking defaults for OT1/cmr/m/n on input line 54.
LaTeX Font Info:    ... okay on input line 54.
LaTeX Font Info:    Checking defaults for OMS/cmsy/m/n on input line 54.
LaTeX Font Info:    ... okay on input line 54.
LaTeX Font Info:    Checking defaults for OMX/cmex/m/n on input line 54.
LaTeX Font Info:    ... okay on input line 54.
LaTeX Font Info:    Checking defaults for U/cmr/m/n on input line 54.
LaTeX Font Info:    ... okay on input line 54.
LaTeX Font Info:    Checking defaults for PD1/pdf/m/n on input line 54.
LaTeX Font Info:    ... okay on input line 54.

*geometry* driver: auto-detecting
*geometry* detected driver: pdftex
*geometry* verbose mode - [ preamble ] result:
* driver: pdftex
* paper: custom
* layout: <same size as paper>
* layoutoffset:(h,v)=(0.0pt,0.0pt)
* modes: includehead includefoot 
* h-part:(L,W,R)=(28.45274pt, 307.28987pt, 28.45274pt)
* v-part:(T,H,B)=(0.0pt, 273.14662pt, 0.0pt)
* \paperwidth=364.19536pt
* \paperheight=273.14662pt
* \textwidth=307.28987pt
* \textheight=244.6939pt
* \oddsidemargin=-43.81725pt
* \evensidemargin=-43.81725pt
* \topmargin=-72.26999pt
* \headheight=14.22636pt
* \headsep=0.0pt
* \topskip=10.0pt
* \footskip=14.22636pt
* \marginparwidth=3.0pt
* \marginparsep=11.0pt
* \columnsep=10.0pt
* \skip\footins=9.0pt plus 4.0pt minus 2.0pt
* \hoffset=0.0pt
* \voffset=0.0pt
* \mag=1000
* \@twocolumnfalse
* \@twosidefalse
* \@mparswitchfalse
* \@reversemarginfalse
* (1in=72.27pt=25.4mm, 1cm=28.453pt)


(/home/eprietop/Workspace/texlive/2018/texmf-dist/tex/context/base/mkii/supp-pd
f.mkii
[Loading MPS to PDF converter (version 2006.09.02).]
\scratchcounter=\count356
\scratchdimen=\dimen320
\scratchbox=\box98
\nofMPsegments=\count357
\nofMParguments=\count358
\everyMPshowfont=\toks55
\MPscratchCnt=\count359
\MPscratchDim=\dimen321
\MPnumerator=\count360
\makeMPintoPDFobject=\count361
\everyMPtoPDFconversion=\toks56
)
(/home/eprietop/Workspace/texlive/2018/texmf-dist/tex/latex/oberdiek/epstopdf-b
ase.sty
Package: epstopdf-base 2016/05/15 v2.6 Base part for package epstopdf

(/home/eprietop/Workspace/texlive/2018/texmf-dist/tex/latex/oberdiek/grfext.sty
Package: grfext 2016/05/16 v1.2 Manage graphics extensions (HO)
)
Package epstopdf-base Info: Redefining graphics rule for `.eps' on input line 4
38.
Package grfext Info: Graphics extension search list:
(grfext)             [.pdf,.png,.jpg,.mps,.jpeg,.jbig2,.jb2,.PDF,.PNG,.JPG,.JPE
G,.JBIG2,.JB2,.eps]
(grfext)             \AppendGraphicsExtensions on input line 456.

(/home/eprietop/Workspace/texlive/2018/texmf-dist/tex/latex/latexconfig/epstopd
f-sys.cfg
File: epstopdf-sys.cfg 2010/07/13 v1.3 Configuration of (r)epstopdf for TeX Liv
e
)) ABD: EveryShipout initializing macros
\AtBeginShipoutBox=\box99
Package hyperref Info: Link coloring OFF on input line 54.

(/home/eprietop/Workspace/texlive/2018/texmf-dist/tex/latex/hyperref/nameref.st
y
Package: nameref 2016/05/21 v2.44 Cross-referencing by name of section

(/home/eprietop/Workspace/texlive/2018/texmf-dist/tex/generic/oberdiek/gettitle
string.sty
Package: gettitlestring 2016/05/16 v1.5 Cleanup title references (HO)
)
\c@section@level=\count362
)
LaTeX Info: Redefining \ref on input line 54.
LaTeX Info: Redefining \pageref on input line 54.
LaTeX Info: Redefining \nameref on input line 54.
 (./3-point.out) (./3-point.out)
\@outlinefile=\write6
\openout6 = `3-point.out'.

LaTeX Font Info:    Overwriting symbol font `operators' in version `normal'
(Font)                  OT1/cmr/m/n --> OT1/cmss/m/n on input line 54.
LaTeX Font Info:    Overwriting symbol font `operators' in version `bold'
(Font)                  OT1/cmr/bx/n --> OT1/cmss/bx/n on input line 54.
\symnumbers=\mathgroup6
\sympureletters=\mathgroup7
LaTeX Font Info:    Overwriting math alphabet `\mathrm' in version `normal'
(Font)                  OT1/cmss/m/n --> OT1/cmr/m/n on input line 54.
LaTeX Font Info:    Redeclaring math alphabet \mathbf on input line 54.
LaTeX Font Info:    Overwriting math alphabet `\mathbf' in version `normal'
(Font)                  OT1/cmr/bx/n --> OT1/cmss/bx/n on input line 54.
LaTeX Font Info:    Overwriting math alphabet `\mathbf' in version `bold'
(Font)                  OT1/cmr/bx/n --> OT1/cmss/bx/n on input line 54.
LaTeX Font Info:    Redeclaring math alphabet \mathsf on input line 54.
LaTeX Font Info:    Overwriting math alphabet `\mathsf' in version `normal'
(Font)                  OT1/cmss/m/n --> OT1/cmss/m/n on input line 54.
LaTeX Font Info:    Overwriting math alphabet `\mathsf' in version `bold'
(Font)                  OT1/cmss/bx/n --> OT1/cmss/m/n on input line 54.
LaTeX Font Info:    Redeclaring math alphabet \mathit on input line 54.
LaTeX Font Info:    Overwriting math alphabet `\mathit' in version `normal'
(Font)                  OT1/cmr/m/it --> OT1/cmss/m/it on input line 54.
LaTeX Font Info:    Overwriting math alphabet `\mathit' in version `bold'
(Font)                  OT1/cmr/bx/it --> OT1/cmss/m/it on input line 54.
LaTeX Font Info:    Redeclaring math alphabet \mathtt on input line 54.
LaTeX Font Info:    Overwriting math alphabet `\mathtt' in version `normal'
(Font)                  OT1/cmtt/m/n --> OT1/cmtt/m/n on input line 54.
LaTeX Font Info:    Overwriting math alphabet `\mathtt' in version `bold'
(Font)                  OT1/cmtt/m/n --> OT1/cmtt/m/n on input line 54.
LaTeX Font Info:    Overwriting symbol font `numbers' in version `bold'
(Font)                  OT1/cmss/m/n --> OT1/cmss/bx/n on input line 54.
LaTeX Font Info:    Overwriting symbol font `pureletters' in version `bold'
(Font)                  OT1/cmss/m/it --> OT1/cmss/bx/it on input line 54.
LaTeX Font Info:    Overwriting math alphabet `\mathrm' in version `bold'
(Font)                  OT1/cmss/bx/n --> OT1/cmr/bx/n on input line 54.
LaTeX Font Info:    Overwriting math alphabet `\mathbf' in version `bold'
(Font)                  OT1/cmss/bx/n --> OT1/cmss/bx/n on input line 54.
LaTeX Font Info:    Overwriting math alphabet `\mathsf' in version `bold'
(Font)                  OT1/cmss/m/n --> OT1/cmss/bx/n on input line 54.
LaTeX Font Info:    Overwriting math alphabet `\mathit' in version `bold'
(Font)                  OT1/cmss/m/it --> OT1/cmss/bx/it on input line 54.
LaTeX Font Info:    Overwriting math alphabet `\mathtt' in version `bold'
(Font)                  OT1/cmtt/m/n --> OT1/cmtt/bx/n on input line 54.
LaTeX Font Info:    Redeclaring symbol font `pureletters' on input line 54.
LaTeX Font Info:    Overwriting symbol font `pureletters' in version `normal'
(Font)                  OT1/cmss/m/it --> OT1/mathkerncmss/m/sl on input line 5
4.
LaTeX Font Info:    Overwriting symbol font `pureletters' in version `bold'
(Font)                  OT1/cmss/bx/it --> OT1/mathkerncmss/m/sl on input line 
54.
LaTeX Font Info:    Overwriting symbol font `pureletters' in version `bold'
(Font)                  OT1/mathkerncmss/m/sl --> OT1/mathkerncmss/bx/sl on inp
ut line 54.

(/home/eprietop/Workspace/texlive/2018/texmf-dist/tex/latex/translator/translat
or-basic-dictionary-English.dict
Dictionary: translator-basic-dictionary, Language: English 
)
(/home/eprietop/Workspace/texlive/2018/texmf-dist/tex/latex/translator/translat
or-bibliography-dictionary-English.dict
Dictionary: translator-bibliography-dictionary, Language: English 
)
(/home/eprietop/Workspace/texlive/2018/texmf-dist/tex/latex/translator/translat
or-environment-dictionary-English.dict
Dictionary: translator-environment-dictionary, Language: English 
)
(/home/eprietop/Workspace/texlive/2018/texmf-dist/tex/latex/translator/translat
or-months-dictionary-English.dict
Dictionary: translator-months-dictionary, Language: English 
)
(/home/eprietop/Workspace/texlive/2018/texmf-dist/tex/latex/translator/translat
or-numbers-dictionary-English.dict
Dictionary: translator-numbers-dictionary, Language: English 
)
(/home/eprietop/Workspace/texlive/2018/texmf-dist/tex/latex/translator/translat
or-theorem-dictionary-English.dict
Dictionary: translator-theorem-dictionary, Language: English 
)
Package pgfplots notification 'compat/show suggested version=true': you might b
enefit from \pgfplotsset{compat=1.16} (current compat level: 1.9).

(./3-point.nav)
<IUPUILogo.pdf, id=64, 401.5pt x 146.5475pt>
File: IUPUILogo.pdf Graphic file (type pdf)
<use IUPUILogo.pdf>
Package pdftex.def Info: IUPUILogo.pdf  used on input line 58.
(pdftex.def)             Requested size: 116.92825pt x 42.67912pt.

Overfull \vbox (62.67915pt too high) detected at line 58
 []


Overfull \vbox (13.79993pt too high) detected at line 58
 []

[1

{/home/eprietop/Workspace/texlive/2018/texmf-var/fonts/map/pdftex/updmap/pdftex
.map} <./IUPUILogo.pdf>] (./3-point.toc)
<backgroundIUPUI.png, id=89, 2625.81pt x 148.555pt>
File: backgroundIUPUI.png Graphic file (type png)
<use backgroundIUPUI.png>
Package pdftex.def Info: backgroundIUPUI.png  used on input line 70.
(pdftex.def)             Requested size: 364.19536pt x 20.6026pt.
 [2

 <./backgroundIUPUI.png>]
LaTeX Font Info:    Try loading font information for U+msa on input line 72.

(/home/eprietop/Workspace/texlive/2018/texmf-dist/tex/latex/amsfonts/umsa.fd
File: umsa.fd 2013/01/14 v3.01 AMS symbols A
)
LaTeX Font Info:    Try loading font information for U+msb on input line 72.

(/home/eprietop/Workspace/texlive/2018/texmf-dist/tex/latex/amsfonts/umsb.fd
File: umsb.fd 2013/01/14 v3.01 AMS symbols B
)
LaTeX Font Info:    Try loading font information for OT1+mathkerncmss on input 
line 72.

(/home/eprietop/Workspace/texlive/2018/texmf-dist/tex/latex/sansmathaccent/ot1m
athkerncmss.fd
File: ot1mathkerncmss.fd 2013/03/27 Fontinst v1.933 font definitions for OT1/ma
thkerncmss.
)
File: backgroundIUPUI.png Graphic file (type png)
<use backgroundIUPUI.png>
Package pdftex.def Info: backgroundIUPUI.png  used on input line 72.
(pdftex.def)             Requested size: 364.19536pt x 20.6026pt.
 [3

]
\openout4 = `3-point.vrb'.

 (./3-point.vrb

LaTeX Warning: File `State-art.png' not found on input line 13.


! Package pdftex.def Error: File `State-art.png' not found: using draft setting
.

See the pdftex.def package documentation for explanation.
Type  H <return>  for immediate help.
 ...                                              
                                                  
l.13 \includegraphics[scale=0.5]{State-art.png}
                                               
Try typing  <return>  to proceed.
If that doesn't work, type  X <return>  to quit.

)
File: backgroundIUPUI.png Graphic file (type png)
<use backgroundIUPUI.png>
Package pdftex.def Info: backgroundIUPUI.png  used on input line 89.
(pdftex.def)             Requested size: 364.19536pt x 20.6026pt.
 [4

]
\openout4 = `3-point.vrb'.

 (./3-point.vrb
LaTeX Font Info:    Try loading font information for OMS+cmss on input line 5.
LaTeX Font Info:    No file OMScmss.fd. on input line 5.


LaTeX Font Warning: Font shape `OMS/cmss/m/n' undefined
(Font)              using `OMS/cmsy/m/n' instead
(Font)              for symbol `textbullet' on input line 5.

)
File: backgroundIUPUI.png Graphic file (type png)
<use backgroundIUPUI.png>
Package pdftex.def Info: backgroundIUPUI.png  used on input line 101.
(pdftex.def)             Requested size: 364.19536pt x 20.6026pt.
 [5

] (./3-point.vrb)
File: backgroundIUPUI.png Graphic file (type png)
<use backgroundIUPUI.png>
Package pdftex.def Info: backgroundIUPUI.png  used on input line 101.
(pdftex.def)             Requested size: 364.19536pt x 20.6026pt.
 [6

] (./3-point.vrb)
File: backgroundIUPUI.png Graphic file (type png)
<use backgroundIUPUI.png>
Package pdftex.def Info: backgroundIUPUI.png  used on input line 101.
(pdftex.def)             Requested size: 364.19536pt x 20.6026pt.
 [7

] (./3-point.vrb)
File: backgroundIUPUI.png Graphic file (type png)
<use backgroundIUPUI.png>
Package pdftex.def Info: backgroundIUPUI.png  used on input line 101.
(pdftex.def)             Requested size: 364.19536pt x 20.6026pt.
 [8

]
\openout4 = `3-point.vrb'.


(./3-point.vrb

! LaTeX Error: File `chest-tube-flex' not found.

See the LaTeX manual or LaTeX Companion for explanation.
Type  H <return>  for immediate help.
 ...                                              
                                                  
l.40 ...cludegraphics[width=6cm]{chest-tube-flex}}
                                                  ;
I could not locate the file with any of these extensions:
.pdf,.png,.jpg,.mps,.jpeg,.jbig2,.jb2,.PDF,.PNG,.JPG,.JPEG,.JBIG2,.JB2,.eps
Try typing  <return>  to proceed.
If that doesn't work, type  X <return>  to quit.

)
File: backgroundIUPUI.png Graphic file (type png)
<use backgroundIUPUI.png>
Package pdftex.def Info: backgroundIUPUI.png  used on input line 165.
(pdftex.def)             Requested size: 364.19536pt x 20.6026pt.
 [9

]
\openout4 = `3-point.vrb'.

 (./3-point.vrb

! LaTeX Error: File `chest-tube-flex' not found.

See the LaTeX manual or LaTeX Companion for explanation.
Type  H <return>  for immediate help.
 ...                                              
                                                  
l.15 ...cludegraphics[scale=0.25]{chest-tube-flex}
                                                  
I could not locate the file with any of these extensions:
.pdf,.png,.jpg,.mps,.jpeg,.jbig2,.jb2,.PDF,.PNG,.JPG,.JPEG,.JBIG2,.JB2,.eps
Try typing  <return>  to proceed.
If that doesn't work, type  X <return>  to quit.

)
File: backgroundIUPUI.png Graphic file (type png)
<use backgroundIUPUI.png>
Package pdftex.def Info: backgroundIUPUI.png  used on input line 187.
(pdftex.def)             Requested size: 364.19536pt x 20.6026pt.
 [10

]
\openout4 = `3-point.vrb'.

 (./3-point.vrb)
File: backgroundIUPUI.png Graphic file (type png)
<use backgroundIUPUI.png>
Package pdftex.def Info: backgroundIUPUI.png  used on input line 206.
(pdftex.def)             Requested size: 364.19536pt x 20.6026pt.
 [11

] (./3-point.vrb)
File: backgroundIUPUI.png Graphic file (type png)
<use backgroundIUPUI.png>
Package pdftex.def Info: backgroundIUPUI.png  used on input line 206.
(pdftex.def)             Requested size: 364.19536pt x 20.6026pt.
 [12

] (./3-point.vrb)
File: backgroundIUPUI.png Graphic file (type png)
<use backgroundIUPUI.png>
Package pdftex.def Info: backgroundIUPUI.png  used on input line 206.
(pdftex.def)             Requested size: 364.19536pt x 20.6026pt.
 [13

]
(./3-point.vrb)
File: backgroundIUPUI.png Graphic file (type png)
<use backgroundIUPUI.png>
Package pdftex.def Info: backgroundIUPUI.png  used on input line 206.
(pdftex.def)             Requested size: 364.19536pt x 20.6026pt.
 [14

]
File: backgroundIUPUI.png Graphic file (type png)
<use backgroundIUPUI.png>
Package pdftex.def Info: backgroundIUPUI.png  used on input line 208.
(pdftex.def)             Requested size: 364.19536pt x 20.6026pt.
 [15

]
\openout4 = `3-point.vrb'.

 (./3-point.vrb)
File: backgroundIUPUI.png Graphic file (type png)
<use backgroundIUPUI.png>
Package pdftex.def Info: backgroundIUPUI.png  used on input line 236.
(pdftex.def)             Requested size: 364.19536pt x 20.6026pt.
 [16

]
\openout4 = `3-point.vrb'.

 (./3-point.vrb
\c@nodecount=\count363

Overfull \hbox (5.16733pt too wide) in paragraph at lines 11--30
 [] 
 []

)
File: backgroundIUPUI.png Graphic file (type png)
<use backgroundIUPUI.png>
Package pdftex.def Info: backgroundIUPUI.png  used on input line 277.
(pdftex.def)             Requested size: 364.19536pt x 20.6026pt.
 [17

]
\openout4 = `3-point.vrb'.

 (./3-point.vrb)
File: backgroundIUPUI.png Graphic file (type png)
<use backgroundIUPUI.png>
Package pdftex.def Info: backgroundIUPUI.png  used on input line 305.
(pdftex.def)             Requested size: 364.19536pt x 20.6026pt.
 [18

]
\openout4 = `3-point.vrb'.

 (./3-point.vrb
Overfull \hbox (12.1331pt too wide) in paragraph at lines 6--13
 [] 
 []


! LaTeX Error: File `receptacle' not found.

See the LaTeX manual or LaTeX Companion for explanation.
Type  H <return>  for immediate help.
 ...                                              
                                                  
l.16 \includegraphics[scale=0.25]{receptacle}
                                             
I could not locate the file with any of these extensions:
.pdf,.png,.jpg,.mps,.jpeg,.jbig2,.jb2,.PDF,.PNG,.JPG,.JPEG,.JBIG2,.JB2,.eps
Try typing  <return>  to proceed.
If that doesn't work, type  X <return>  to quit.

)
File: backgroundIUPUI.png Graphic file (type png)
<use backgroundIUPUI.png>
Package pdftex.def Info: backgroundIUPUI.png  used on input line 326.
(pdftex.def)             Requested size: 364.19536pt x 20.6026pt.
 [19

]
\openout4 = `3-point.vrb'.

 (./3-point.vrb

! LaTeX Error: File `chesttube' not found.

See the LaTeX manual or LaTeX Companion for explanation.
Type  H <return>  for immediate help.
 ...                                              
                                                  
l.24 \includegraphics[scale=0.025]{chesttube}
                                             
I could not locate the file with any of these extensions:
.pdf,.png,.jpg,.mps,.jpeg,.jbig2,.jb2,.PDF,.PNG,.JPG,.JPEG,.JBIG2,.JB2,.eps
Try typing  <return>  to proceed.
If that doesn't work, type  X <return>  to quit.

)
File: backgroundIUPUI.png Graphic file (type png)
<use backgroundIUPUI.png>
Package pdftex.def Info: backgroundIUPUI.png  used on input line 355.
(pdftex.def)             Requested size: 364.19536pt x 20.6026pt.
 [20

]
\openout4 = `3-point.vrb'.

 (./3-point.vrb

! LaTeX Error: File `chesttube_top' not found.

See the LaTeX manual or LaTeX Companion for explanation.
Type  H <return>  for immediate help.
 ...                                              
                                                  
l.20 \includegraphics[scale=0.04]{chesttube_top}
                                                
I could not locate the file with any of these extensions:
.pdf,.png,.jpg,.mps,.jpeg,.jbig2,.jb2,.PDF,.PNG,.JPG,.JPEG,.JBIG2,.JB2,.eps
Try typing  <return>  to proceed.
If that doesn't work, type  X <return>  to quit.


! LaTeX Error: File `chesttube_base' not found.

See the LaTeX manual or LaTeX Companion for explanation.
Type  H <return>  for immediate help.
 ...                                              
                                                  
l.21 \includegraphics[scale=0.04]{chesttube_base}
                                                 
I could not locate the file with any of these extensions:
.pdf,.png,.jpg,.mps,.jpeg,.jbig2,.jb2,.PDF,.PNG,.JPG,.JPEG,.JBIG2,.JB2,.eps
Try typing  <return>  to proceed.
If that doesn't work, type  X <return>  to quit.

)
File: backgroundIUPUI.png Graphic file (type png)
<use backgroundIUPUI.png>
Package pdftex.def Info: backgroundIUPUI.png  used on input line 381.
(pdftex.def)             Requested size: 364.19536pt x 20.6026pt.
 [21

]
File: backgroundIUPUI.png Graphic file (type png)
<use backgroundIUPUI.png>
Package pdftex.def Info: backgroundIUPUI.png  used on input line 383.
(pdftex.def)             Requested size: 364.19536pt x 20.6026pt.
 [22

]
\openout4 = `3-point.vrb'.

 (./3-point.vrb)
File: backgroundIUPUI.png Graphic file (type png)
<use backgroundIUPUI.png>
Package pdftex.def Info: backgroundIUPUI.png  used on input line 398.
(pdftex.def)             Requested size: 364.19536pt x 20.6026pt.
 [23

]
\openout4 = `3-point.vrb'.

 (./3-point.vrb)
File: backgroundIUPUI.png Graphic file (type png)
<use backgroundIUPUI.png>
Package pdftex.def Info: backgroundIUPUI.png  used on input line 408.
(pdftex.def)             Requested size: 364.19536pt x 20.6026pt.
 [24

]
File: backgroundIUPUI.png Graphic file (type png)
<use backgroundIUPUI.png>
Package pdftex.def Info: backgroundIUPUI.png  used on input line 409.
(pdftex.def)             Requested size: 364.19536pt x 20.6026pt.
 [25

]
\openout4 = `3-point.vrb'.

 (./3-point.vrb

! LaTeX Error: File `CTSDsimulation' not found.

See the LaTeX manual or LaTeX Companion for explanation.
Type  H <return>  for immediate help.
 ...                                              
                                                  
l.20 	\includegraphics[scale=0.25]{CTSDsimulation}
                                                  
I could not locate the file with any of these extensions:
.pdf,.png,.jpg,.mps,.jpeg,.jbig2,.jb2,.PDF,.PNG,.JPG,.JPEG,.JBIG2,.JB2,.eps
Try typing  <return>  to proceed.
If that doesn't work, type  X <return>  to quit.

)
File: backgroundIUPUI.png Graphic file (type png)
<use backgroundIUPUI.png>
Package pdftex.def Info: backgroundIUPUI.png  used on input line 433.
(pdftex.def)             Requested size: 364.19536pt x 20.6026pt.
 [26

]
File: backgroundIUPUI.png Graphic file (type png)
<use backgroundIUPUI.png>
Package pdftex.def Info: backgroundIUPUI.png  used on input line 435.
(pdftex.def)             Requested size: 364.19536pt x 20.6026pt.
 [27

]
\openout4 = `3-point.vrb'.

 (./3-point.vrb

! LaTeX Error: File `test-CTHD' not found.

See the LaTeX manual or LaTeX Companion for explanation.
Type  H <return>  for immediate help.
 ...                                              
                                                  
l.7 	\includegraphics[scale=0.03]{test-CTHD}
                                            
I could not locate the file with any of these extensions:
.pdf,.png,.jpg,.mps,.jpeg,.jbig2,.jb2,.PDF,.PNG,.JPG,.JPEG,.JBIG2,.JB2,.eps
Try typing  <return>  to proceed.
If that doesn't work, type  X <return>  to quit.


! LaTeX Error: File `Test1ChestHold' not found.

See the LaTeX manual or LaTeX Companion for explanation.
Type  H <return>  for immediate help.
 ...                                              
                                                  
l.13 	\includegraphics[scale=0.5]{Test1ChestHold}
                                                 
I could not locate the file with any of these extensions:
.pdf,.png,.jpg,.mps,.jpeg,.jbig2,.jb2,.PDF,.PNG,.JPG,.JPEG,.JBIG2,.JB2,.eps
Try typing  <return>  to proceed.
If that doesn't work, type  X <return>  to quit.

)
File: backgroundIUPUI.png Graphic file (type png)
<use backgroundIUPUI.png>
Package pdftex.def Info: backgroundIUPUI.png  used on input line 453.
(pdftex.def)             Requested size: 364.19536pt x 20.6026pt.
 [28

]
File: backgroundIUPUI.png Graphic file (type png)
<use backgroundIUPUI.png>
Package pdftex.def Info: backgroundIUPUI.png  used on input line 457.
(pdftex.def)             Requested size: 364.19536pt x 20.6026pt.
 [29

]
\openout4 = `3-point.vrb'.

 (./3-point.vrb)
File: backgroundIUPUI.png Graphic file (type png)
<use backgroundIUPUI.png>
Package pdftex.def Info: backgroundIUPUI.png  used on input line 501.
(pdftex.def)             Requested size: 364.19536pt x 20.6026pt.
 [30

]
File: backgroundIUPUI.png Graphic file (type png)
<use backgroundIUPUI.png>
Package pdftex.def Info: backgroundIUPUI.png  used on input line 505.
(pdftex.def)             Requested size: 364.19536pt x 20.6026pt.
 [31

]
\tf@nav=\write7
\openout7 = `3-point.nav'.

\tf@toc=\write8
\openout8 = `3-point.toc'.

\tf@snm=\write9
\openout9 = `3-point.snm'.

Package atveryend Info: Empty hook `BeforeClearDocument' on input line 518.
Package atveryend Info: Empty hook `AfterLastShipout' on input line 518.
 (./3-point.aux)
Package atveryend Info: Executing hook `AtVeryEndDocument' on input line 518.
Package atveryend Info: Executing hook `AtEndAfterFileList' on input line 518.
Package rerunfilecheck Info: File `3-point.out' has not changed.
(rerunfilecheck)             Checksum: 03636D10ABD752D4D1B73DF057D155C8;313.


LaTeX Font Warning: Some font shapes were not available, defaults substituted.

 )
(\end occurred inside a group at level 1)

### simple group (level 1) entered at line 455 ({)
### bottom level 
Here is how much of TeX's memory you used:
 44382 strings out of 492646
 1062190 string characters out of 6122926
 1308526 words of memory out of 5000000
 47391 multiletter control sequences out of 15000+600000
 539584 words of font info for 50 fonts, out of 8000000 for 9000
 1141 hyphenation exceptions out of 8191
 71i,14n,98p,1898b,1269s stack positions out of 5000i,500n,10000p,200000b,80000s
</home/eprietop/Workspace/texlive/2018/texmf-dist/fonts/type1/p
ublic/amsfonts/cm/cmss10.pfb></home/eprietop/Workspace/texlive/2018/texmf-dist/
fonts/type1/public/amsfonts/cm/cmss12.pfb></home/eprietop/Workspace/texlive/201
8/texmf-dist/fonts/type1/public/amsfonts/cm/cmss8.pfb></home/eprietop/Workspace
/texlive/2018/texmf-dist/fonts/type1/public/amsfonts/cm/cmss9.pfb></home/epriet
op/Workspace/texlive/2018/texmf-dist/fonts/type1/public/amsfonts/cm/cmssbx10.pf
b></home/eprietop/Workspace/texlive/2018/texmf-dist/fonts/type1/public/amsfonts
/cm/cmsy10.pfb></home/eprietop/Workspace/texlive/2018/texmf-dist/fonts/type1/pu
blic/amsfonts/cm/cmtt10.pfb>
Output written on 3-point.pdf (31 pages, 147400 bytes).
PDF statistics:
 313 PDF objects out of 1000 (max. 8388607)
 234 compressed objects within 3 object streams
 69 named destinations out of 1000 (max. 500000)
 245 words of extra memory for PDF output out of 10000 (max. 10000000)

