This is pdfTeX, Version 3.14159265-2.6-1.40.19 (TeX Live 2018) (preloaded format=pdflatex 2018.6.20)  21 JUN 2018 17:52
entering extended mode
 restricted \write18 enabled.
 %&-line parsing enabled.
**demo.tex
(./demo.tex
LaTeX2e <2018-04-01> patch level 5
(/home/eprietop/Workspace/texlive/2018/texmf-dist/tex/latex/beamer/beamer.cls
Document Class: beamer 2018/02/20 v3.50 A class for typesetting presentations

(/home/eprietop/Workspace/texlive/2018/texmf-dist/tex/latex/beamer/beamerbasemo
des.sty
(/home/eprietop/Workspace/texlive/2018/texmf-dist/tex/latex/etoolbox/etoolbox.s
ty
Package: etoolbox 2018/02/11 v2.5e e-TeX tools for LaTeX (JAW)
\etb@tempcnta=\count80
)
\beamer@tempbox=\box26
\beamer@tempcount=\count81
\c@beamerpauses=\count82

(/home/eprietop/Workspace/texlive/2018/texmf-dist/tex/latex/beamer/beamerbasede
code.sty
\beamer@slideinframe=\count83
\beamer@minimum=\count84
)
\beamer@commentbox=\box27
\beamer@modecount=\count85
)
(/home/eprietop/Workspace/texlive/2018/texmf-dist/tex/generic/oberdiek/ifpdf.st
y
Package: ifpdf 2017/03/15 v3.2 Provides the ifpdf switch
)
\headdp=\dimen102
\footheight=\dimen103
\sidebarheight=\dimen104
\beamer@tempdim=\dimen105
\beamer@finalheight=\dimen106
\beamer@animht=\dimen107
\beamer@animdp=\dimen108
\beamer@animwd=\dimen109
\beamer@leftmargin=\dimen110
\beamer@rightmargin=\dimen111
\beamer@leftsidebar=\dimen112
\beamer@rightsidebar=\dimen113
\beamer@boxsize=\dimen114
\beamer@vboxoffset=\dimen115
\beamer@descdefault=\dimen116
\beamer@descriptionwidth=\dimen117
\beamer@lastskip=\skip41
\beamer@areabox=\box28
\beamer@animcurrent=\box29
\beamer@animshowbox=\box30
\beamer@sectionbox=\box31
\beamer@logobox=\box32
\beamer@linebox=\box33
\beamer@sectioncount=\count86
\beamer@subsubsectionmax=\count87
\beamer@subsectionmax=\count88
\beamer@sectionmax=\count89
\beamer@totalheads=\count90
\beamer@headcounter=\count91
\beamer@partstartpage=\count92
\beamer@sectionstartpage=\count93
\beamer@subsectionstartpage=\count94
\beamer@animationtempa=\count95
\beamer@animationtempb=\count96
\beamer@xpos=\count97
\beamer@ypos=\count98
\beamer@ypos@offset=\count99
\beamer@showpartnumber=\count100
\beamer@currentsubsection=\count101
\beamer@coveringdepth=\count102
\beamer@sectionadjust=\count103
\beamer@tocsectionnumber=\count104

(/home/eprietop/Workspace/texlive/2018/texmf-dist/tex/latex/beamer/beamerbaseop
tions.sty
(/home/eprietop/Workspace/texlive/2018/texmf-dist/tex/latex/graphics/keyval.sty
Package: keyval 2014/10/28 v1.15 key=value parser (DPC)
\KV@toks@=\toks14
))
\beamer@paperwidth=\skip42
\beamer@paperheight=\skip43

(/home/eprietop/Workspace/texlive/2018/texmf-dist/tex/latex/geometry/geometry.s
ty
Package: geometry 2018/04/16 v5.8 Page Geometry

(/home/eprietop/Workspace/texlive/2018/texmf-dist/tex/generic/oberdiek/ifvtex.s
ty
Package: ifvtex 2016/05/16 v1.6 Detect VTeX and its facilities (HO)
Package ifvtex Info: VTeX not detected.
)
(/home/eprietop/Workspace/texlive/2018/texmf-dist/tex/generic/ifxetex/ifxetex.s
ty
Package: ifxetex 2010/09/12 v0.6 Provides ifxetex conditional
)
\Gm@cnth=\count105
\Gm@cntv=\count106
\c@Gm@tempcnt=\count107
\Gm@bindingoffset=\dimen118
\Gm@wd@mp=\dimen119
\Gm@odd@mp=\dimen120
\Gm@even@mp=\dimen121
\Gm@layoutwidth=\dimen122
\Gm@layoutheight=\dimen123
\Gm@layouthoffset=\dimen124
\Gm@layoutvoffset=\dimen125
\Gm@dimlist=\toks15
)
(/home/eprietop/Workspace/texlive/2018/texmf-dist/tex/latex/base/size10.clo
File: size10.clo 2014/09/29 v1.4h Standard LaTeX file (size option)
)
(/home/eprietop/Workspace/texlive/2018/texmf-dist/tex/latex/pgf/basiclayer/pgfc
ore.sty
(/home/eprietop/Workspace/texlive/2018/texmf-dist/tex/latex/graphics/graphicx.s
ty
Package: graphicx 2017/06/01 v1.1a Enhanced LaTeX Graphics (DPC,SPQR)

(/home/eprietop/Workspace/texlive/2018/texmf-dist/tex/latex/graphics/graphics.s
ty
Package: graphics 2017/06/25 v1.2c Standard LaTeX Graphics (DPC,SPQR)

(/home/eprietop/Workspace/texlive/2018/texmf-dist/tex/latex/graphics/trig.sty
Package: trig 2016/01/03 v1.10 sin cos tan (DPC)
)
(/home/eprietop/Workspace/texlive/2018/texmf-dist/tex/latex/graphics-cfg/graphi
cs.cfg
File: graphics.cfg 2016/06/04 v1.11 sample graphics configuration
)
Package graphics Info: Driver file: pdftex.def on input line 99.

(/home/eprietop/Workspace/texlive/2018/texmf-dist/tex/latex/graphics-def/pdftex
.def
File: pdftex.def 2018/01/08 v1.0l Graphics/color driver for pdftex
))
\Gin@req@height=\dimen126
\Gin@req@width=\dimen127
)
(/home/eprietop/Workspace/texlive/2018/texmf-dist/tex/latex/pgf/systemlayer/pgf
sys.sty
(/home/eprietop/Workspace/texlive/2018/texmf-dist/tex/latex/pgf/utilities/pgfrc
s.sty
(/home/eprietop/Workspace/texlive/2018/texmf-dist/tex/generic/pgf/utilities/pgf
util-common.tex
\pgfutil@everybye=\toks16
\pgfutil@tempdima=\dimen128
\pgfutil@tempdimb=\dimen129

(/home/eprietop/Workspace/texlive/2018/texmf-dist/tex/generic/pgf/utilities/pgf
util-common-lists.tex))
(/home/eprietop/Workspace/texlive/2018/texmf-dist/tex/generic/pgf/utilities/pgf
util-latex.def
\pgfutil@abb=\box34

(/home/eprietop/Workspace/texlive/2018/texmf-dist/tex/latex/ms/everyshi.sty
Package: everyshi 2001/05/15 v3.00 EveryShipout Package (MS)
))
(/home/eprietop/Workspace/texlive/2018/texmf-dist/tex/generic/pgf/utilities/pgf
rcs.code.tex
Package: pgfrcs 2015/08/07 v3.0.1a (rcs-revision 1.31)
))
(/home/eprietop/Workspace/texlive/2018/texmf-dist/tex/generic/pgf/systemlayer/p
gfsys.code.tex
Package: pgfsys 2014/07/09 v3.0.1a (rcs-revision 1.48)

(/home/eprietop/Workspace/texlive/2018/texmf-dist/tex/generic/pgf/utilities/pgf
keys.code.tex
\pgfkeys@pathtoks=\toks17
\pgfkeys@temptoks=\toks18

(/home/eprietop/Workspace/texlive/2018/texmf-dist/tex/generic/pgf/utilities/pgf
keysfiltered.code.tex
\pgfkeys@tmptoks=\toks19
))
\pgf@x=\dimen130
\pgf@y=\dimen131
\pgf@xa=\dimen132
\pgf@ya=\dimen133
\pgf@xb=\dimen134
\pgf@yb=\dimen135
\pgf@xc=\dimen136
\pgf@yc=\dimen137
\w@pgf@writea=\write3
\r@pgf@reada=\read1
\c@pgf@counta=\count108
\c@pgf@countb=\count109
\c@pgf@countc=\count110
\c@pgf@countd=\count111
\t@pgf@toka=\toks20
\t@pgf@tokb=\toks21
\t@pgf@tokc=\toks22

(/home/eprietop/Workspace/texlive/2018/texmf-dist/tex/generic/pgf/systemlayer/p
gf.cfg
File: pgf.cfg 2008/05/14  (rcs-revision 1.7)
)
Driver file for pgf: pgfsys-pdftex.def

(/home/eprietop/Workspace/texlive/2018/texmf-dist/tex/generic/pgf/systemlayer/p
gfsys-pdftex.def
File: pgfsys-pdftex.def 2014/10/11  (rcs-revision 1.35)

(/home/eprietop/Workspace/texlive/2018/texmf-dist/tex/generic/pgf/systemlayer/p
gfsys-common-pdf.def
File: pgfsys-common-pdf.def 2013/10/10  (rcs-revision 1.13)
)))
(/home/eprietop/Workspace/texlive/2018/texmf-dist/tex/generic/pgf/systemlayer/p
gfsyssoftpath.code.tex
File: pgfsyssoftpath.code.tex 2013/09/09  (rcs-revision 1.9)
\pgfsyssoftpath@smallbuffer@items=\count112
\pgfsyssoftpath@bigbuffer@items=\count113
)
(/home/eprietop/Workspace/texlive/2018/texmf-dist/tex/generic/pgf/systemlayer/p
gfsysprotocol.code.tex
File: pgfsysprotocol.code.tex 2006/10/16  (rcs-revision 1.4)
))
(/home/eprietop/Workspace/texlive/2018/texmf-dist/tex/latex/xcolor/xcolor.sty
Package: xcolor 2016/05/11 v2.12 LaTeX color extensions (UK)

(/home/eprietop/Workspace/texlive/2018/texmf-dist/tex/latex/graphics-cfg/color.
cfg
File: color.cfg 2016/01/02 v1.6 sample color configuration
)
Package xcolor Info: Driver file: pdftex.def on input line 225.
Package xcolor Info: Model `cmy' substituted by `cmy0' on input line 1348.
Package xcolor Info: Model `hsb' substituted by `rgb' on input line 1352.
Package xcolor Info: Model `RGB' extended on input line 1364.
Package xcolor Info: Model `HTML' substituted by `rgb' on input line 1366.
Package xcolor Info: Model `Hsb' substituted by `hsb' on input line 1367.
Package xcolor Info: Model `tHsb' substituted by `hsb' on input line 1368.
Package xcolor Info: Model `HSB' substituted by `hsb' on input line 1369.
Package xcolor Info: Model `Gray' substituted by `gray' on input line 1370.
Package xcolor Info: Model `wave' substituted by `hsb' on input line 1371.
)
(/home/eprietop/Workspace/texlive/2018/texmf-dist/tex/generic/pgf/basiclayer/pg
fcore.code.tex
Package: pgfcore 2010/04/11 v3.0.1a (rcs-revision 1.7)

(/home/eprietop/Workspace/texlive/2018/texmf-dist/tex/generic/pgf/math/pgfmath.
code.tex
(/home/eprietop/Workspace/texlive/2018/texmf-dist/tex/generic/pgf/math/pgfmathc
alc.code.tex
(/home/eprietop/Workspace/texlive/2018/texmf-dist/tex/generic/pgf/math/pgfmathu
til.code.tex)
(/home/eprietop/Workspace/texlive/2018/texmf-dist/tex/generic/pgf/math/pgfmathp
arser.code.tex
\pgfmath@dimen=\dimen138
\pgfmath@count=\count114
\pgfmath@box=\box35
\pgfmath@toks=\toks23
\pgfmath@stack@operand=\toks24
\pgfmath@stack@operation=\toks25
)
(/home/eprietop/Workspace/texlive/2018/texmf-dist/tex/generic/pgf/math/pgfmathf
unctions.code.tex
(/home/eprietop/Workspace/texlive/2018/texmf-dist/tex/generic/pgf/math/pgfmathf
unctions.basic.code.tex)
(/home/eprietop/Workspace/texlive/2018/texmf-dist/tex/generic/pgf/math/pgfmathf
unctions.trigonometric.code.tex)
(/home/eprietop/Workspace/texlive/2018/texmf-dist/tex/generic/pgf/math/pgfmathf
unctions.random.code.tex)
(/home/eprietop/Workspace/texlive/2018/texmf-dist/tex/generic/pgf/math/pgfmathf
unctions.comparison.code.tex)
(/home/eprietop/Workspace/texlive/2018/texmf-dist/tex/generic/pgf/math/pgfmathf
unctions.base.code.tex)
(/home/eprietop/Workspace/texlive/2018/texmf-dist/tex/generic/pgf/math/pgfmathf
unctions.round.code.tex)
(/home/eprietop/Workspace/texlive/2018/texmf-dist/tex/generic/pgf/math/pgfmathf
unctions.misc.code.tex)
(/home/eprietop/Workspace/texlive/2018/texmf-dist/tex/generic/pgf/math/pgfmathf
unctions.integerarithmetics.code.tex)))
(/home/eprietop/Workspace/texlive/2018/texmf-dist/tex/generic/pgf/math/pgfmathf
loat.code.tex
\c@pgfmathroundto@lastzeros=\count115
))
(/home/eprietop/Workspace/texlive/2018/texmf-dist/tex/generic/pgf/basiclayer/pg
fcorepoints.code.tex
File: pgfcorepoints.code.tex 2013/10/07  (rcs-revision 1.27)
\pgf@picminx=\dimen139
\pgf@picmaxx=\dimen140
\pgf@picminy=\dimen141
\pgf@picmaxy=\dimen142
\pgf@pathminx=\dimen143
\pgf@pathmaxx=\dimen144
\pgf@pathminy=\dimen145
\pgf@pathmaxy=\dimen146
\pgf@xx=\dimen147
\pgf@xy=\dimen148
\pgf@yx=\dimen149
\pgf@yy=\dimen150
\pgf@zx=\dimen151
\pgf@zy=\dimen152
)
(/home/eprietop/Workspace/texlive/2018/texmf-dist/tex/generic/pgf/basiclayer/pg
fcorepathconstruct.code.tex
File: pgfcorepathconstruct.code.tex 2013/10/07  (rcs-revision 1.29)
\pgf@path@lastx=\dimen153
\pgf@path@lasty=\dimen154
)
(/home/eprietop/Workspace/texlive/2018/texmf-dist/tex/generic/pgf/basiclayer/pg
fcorepathusage.code.tex
File: pgfcorepathusage.code.tex 2014/11/02  (rcs-revision 1.24)
\pgf@shorten@end@additional=\dimen155
\pgf@shorten@start@additional=\dimen156
)
(/home/eprietop/Workspace/texlive/2018/texmf-dist/tex/generic/pgf/basiclayer/pg
fcorescopes.code.tex
File: pgfcorescopes.code.tex 2015/05/08  (rcs-revision 1.46)
\pgfpic=\box36
\pgf@hbox=\box37
\pgf@layerbox@main=\box38
\pgf@picture@serial@count=\count116
)
(/home/eprietop/Workspace/texlive/2018/texmf-dist/tex/generic/pgf/basiclayer/pg
fcoregraphicstate.code.tex
File: pgfcoregraphicstate.code.tex 2014/11/02  (rcs-revision 1.12)
\pgflinewidth=\dimen157
)
(/home/eprietop/Workspace/texlive/2018/texmf-dist/tex/generic/pgf/basiclayer/pg
fcoretransformations.code.tex
File: pgfcoretransformations.code.tex 2015/08/07  (rcs-revision 1.20)
\pgf@pt@x=\dimen158
\pgf@pt@y=\dimen159
\pgf@pt@temp=\dimen160
)
(/home/eprietop/Workspace/texlive/2018/texmf-dist/tex/generic/pgf/basiclayer/pg
fcorequick.code.tex
File: pgfcorequick.code.tex 2008/10/09  (rcs-revision 1.3)
)
(/home/eprietop/Workspace/texlive/2018/texmf-dist/tex/generic/pgf/basiclayer/pg
fcoreobjects.code.tex
File: pgfcoreobjects.code.tex 2006/10/11  (rcs-revision 1.2)
)
(/home/eprietop/Workspace/texlive/2018/texmf-dist/tex/generic/pgf/basiclayer/pg
fcorepathprocessing.code.tex
File: pgfcorepathprocessing.code.tex 2013/09/09  (rcs-revision 1.9)
)
(/home/eprietop/Workspace/texlive/2018/texmf-dist/tex/generic/pgf/basiclayer/pg
fcorearrows.code.tex
File: pgfcorearrows.code.tex 2015/05/14  (rcs-revision 1.43)
\pgfarrowsep=\dimen161
)
(/home/eprietop/Workspace/texlive/2018/texmf-dist/tex/generic/pgf/basiclayer/pg
fcoreshade.code.tex
File: pgfcoreshade.code.tex 2013/07/15  (rcs-revision 1.15)
\pgf@max=\dimen162
\pgf@sys@shading@range@num=\count117
)
(/home/eprietop/Workspace/texlive/2018/texmf-dist/tex/generic/pgf/basiclayer/pg
fcoreimage.code.tex
File: pgfcoreimage.code.tex 2013/07/15  (rcs-revision 1.18)

(/home/eprietop/Workspace/texlive/2018/texmf-dist/tex/generic/pgf/basiclayer/pg
fcoreexternal.code.tex
File: pgfcoreexternal.code.tex 2014/07/09  (rcs-revision 1.21)
\pgfexternal@startupbox=\box39
))
(/home/eprietop/Workspace/texlive/2018/texmf-dist/tex/generic/pgf/basiclayer/pg
fcorelayers.code.tex
File: pgfcorelayers.code.tex 2013/07/18  (rcs-revision 1.7)
)
(/home/eprietop/Workspace/texlive/2018/texmf-dist/tex/generic/pgf/basiclayer/pg
fcoretransparency.code.tex
File: pgfcoretransparency.code.tex 2013/09/30  (rcs-revision 1.5)
)
(/home/eprietop/Workspace/texlive/2018/texmf-dist/tex/generic/pgf/basiclayer/pg
fcorepatterns.code.tex
File: pgfcorepatterns.code.tex 2013/11/07  (rcs-revision 1.5)
)))
(/home/eprietop/Workspace/texlive/2018/texmf-dist/tex/latex/pgf/utilities/xxcol
or.sty
Package: xxcolor 2003/10/24 ver 0.1
\XC@nummixins=\count118
\XC@countmixins=\count119
)
(/home/eprietop/Workspace/texlive/2018/texmf-dist/tex/generic/oberdiek/atbegshi
.sty
Package: atbegshi 2016/06/09 v1.18 At begin shipout hook (HO)

(/home/eprietop/Workspace/texlive/2018/texmf-dist/tex/generic/oberdiek/infwarer
r.sty
Package: infwarerr 2016/05/16 v1.4 Providing info/warning/error messages (HO)
)
(/home/eprietop/Workspace/texlive/2018/texmf-dist/tex/generic/oberdiek/ltxcmds.
sty
Package: ltxcmds 2016/05/16 v1.23 LaTeX kernel commands for general use (HO)
))
(/home/eprietop/Workspace/texlive/2018/texmf-dist/tex/latex/hyperref/hyperref.s
ty
Package: hyperref 2018/02/06 v6.86b Hypertext links for LaTeX

(/home/eprietop/Workspace/texlive/2018/texmf-dist/tex/generic/oberdiek/hobsub-h
yperref.sty
Package: hobsub-hyperref 2016/05/16 v1.14 Bundle oberdiek, subset hyperref (HO)


(/home/eprietop/Workspace/texlive/2018/texmf-dist/tex/generic/oberdiek/hobsub-g
eneric.sty
Package: hobsub-generic 2016/05/16 v1.14 Bundle oberdiek, subset generic (HO)
Package: hobsub 2016/05/16 v1.14 Construct package bundles (HO)
Package hobsub Info: Skipping package `infwarerr' (already loaded).
Package hobsub Info: Skipping package `ltxcmds' (already loaded).
Package: ifluatex 2016/05/16 v1.4 Provides the ifluatex switch (HO)
Package ifluatex Info: LuaTeX not detected.
Package hobsub Info: Skipping package `ifvtex' (already loaded).
Package: intcalc 2016/05/16 v1.2 Expandable calculations with integers (HO)
Package hobsub Info: Skipping package `ifpdf' (already loaded).
Package: etexcmds 2016/05/16 v1.6 Avoid name clashes with e-TeX commands (HO)
Package etexcmds Info: Could not find \expanded.
(etexcmds)             That can mean that you are not using pdfTeX 1.50 or
(etexcmds)             that some package has redefined \expanded.
(etexcmds)             In the latter case, load this package earlier.
Package: kvsetkeys 2016/05/16 v1.17 Key value parser (HO)
Package: kvdefinekeys 2016/05/16 v1.4 Define keys (HO)
Package: pdftexcmds 2018/01/30 v0.27 Utility functions of pdfTeX for LuaTeX (HO
)
Package pdftexcmds Info: LuaTeX not detected.
Package pdftexcmds Info: \pdf@primitive is available.
Package pdftexcmds Info: \pdf@ifprimitive is available.
Package pdftexcmds Info: \pdfdraftmode found.
Package: pdfescape 2016/05/16 v1.14 Implements pdfTeX's escape features (HO)
Package: bigintcalc 2016/05/16 v1.4 Expandable calculations on big integers (HO
)
Package: bitset 2016/05/16 v1.2 Handle bit-vector datatype (HO)
Package: uniquecounter 2016/05/16 v1.3 Provide unlimited unique counter (HO)
)
Package hobsub Info: Skipping package `hobsub' (already loaded).
Package: letltxmacro 2016/05/16 v1.5 Let assignment for LaTeX macros (HO)
Package: hopatch 2016/05/16 v1.3 Wrapper for package hooks (HO)
Package: xcolor-patch 2016/05/16 xcolor patch
Package: atveryend 2016/05/16 v1.9 Hooks at the very end of document (HO)
Package hobsub Info: Skipping package `atbegshi' (already loaded).
Package: refcount 2016/05/16 v3.5 Data extraction from label references (HO)
Package: hycolor 2016/05/16 v1.8 Color options for hyperref/bookmark (HO)
)
(/home/eprietop/Workspace/texlive/2018/texmf-dist/tex/latex/oberdiek/auxhook.st
y
Package: auxhook 2016/05/16 v1.4 Hooks for auxiliary files (HO)
)
(/home/eprietop/Workspace/texlive/2018/texmf-dist/tex/latex/oberdiek/kvoptions.
sty
Package: kvoptions 2016/05/16 v3.12 Key value format for package options (HO)
)
\@linkdim=\dimen163
\Hy@linkcounter=\count120
\Hy@pagecounter=\count121

(/home/eprietop/Workspace/texlive/2018/texmf-dist/tex/latex/hyperref/pd1enc.def
File: pd1enc.def 2018/02/06 v6.86b Hyperref: PDFDocEncoding definition (HO)
Now handling font encoding PD1 ...
... no UTF-8 mapping file for font encoding PD1
)
\Hy@SavedSpaceFactor=\count122

(/home/eprietop/Workspace/texlive/2018/texmf-dist/tex/latex/latexconfig/hyperre
f.cfg
File: hyperref.cfg 2002/06/06 v1.2 hyperref configuration of TeXLive
)
Package hyperref Info: Option `bookmarks' set `true' on input line 4383.
Package hyperref Info: Option `bookmarksopen' set `true' on input line 4383.
Package hyperref Info: Option `implicit' set `false' on input line 4383.
Package hyperref Info: Hyper figures OFF on input line 4509.
Package hyperref Info: Link nesting OFF on input line 4514.
Package hyperref Info: Hyper index ON on input line 4517.
Package hyperref Info: Plain pages OFF on input line 4524.
Package hyperref Info: Backreferencing OFF on input line 4529.
Package hyperref Info: Implicit mode OFF; no redefinition of LaTeX internals.
Package hyperref Info: Bookmarks ON on input line 4762.
\c@Hy@tempcnt=\count123
 (/home/eprietop/Workspace/texlive/2018/texmf-dist/tex/latex/url/url.sty
\Urlmuskip=\muskip10
Package: url 2013/09/16  ver 3.4  Verb mode for urls, etc.
)
LaTeX Info: Redefining \url on input line 5115.
\XeTeXLinkMargin=\dimen164
\Fld@menulength=\count124
\Field@Width=\dimen165
\Fld@charsize=\dimen166
Package hyperref Info: Hyper figures OFF on input line 6369.
Package hyperref Info: Link nesting OFF on input line 6374.
Package hyperref Info: Hyper index ON on input line 6377.
Package hyperref Info: backreferencing OFF on input line 6384.
Package hyperref Info: Link coloring OFF on input line 6389.
Package hyperref Info: Link coloring with OCG OFF on input line 6394.
Package hyperref Info: PDF/A mode OFF on input line 6399.
LaTeX Info: Redefining \ref on input line 6439.
LaTeX Info: Redefining \pageref on input line 6443.
\Hy@abspage=\count125

Package hyperref Message: Stopped early.

)
Package hyperref Info: Driver (autodetected): hpdftex.

(/home/eprietop/Workspace/texlive/2018/texmf-dist/tex/latex/hyperref/hpdftex.de
f
File: hpdftex.def 2018/02/06 v6.86b Hyperref driver for pdfTeX
\Fld@listcount=\count126
\c@bookmark@seq@number=\count127

(/home/eprietop/Workspace/texlive/2018/texmf-dist/tex/latex/oberdiek/rerunfilec
heck.sty
Package: rerunfilecheck 2016/05/16 v1.8 Rerun checks for auxiliary files (HO)
Package uniquecounter Info: New unique counter `rerunfilecheck' on input line 2
82.
))
(/home/eprietop/Workspace/texlive/2018/texmf-dist/tex/latex/beamer/beamerbasere
quires.sty
(/home/eprietop/Workspace/texlive/2018/texmf-dist/tex/latex/beamer/beamerbaseco
mpatibility.sty)
(/home/eprietop/Workspace/texlive/2018/texmf-dist/tex/latex/beamer/beamerbasefo
nt.sty
(/home/eprietop/Workspace/texlive/2018/texmf-dist/tex/latex/amsfonts/amssymb.st
y
Package: amssymb 2013/01/14 v3.01 AMS font symbols

(/home/eprietop/Workspace/texlive/2018/texmf-dist/tex/latex/amsfonts/amsfonts.s
ty
Package: amsfonts 2013/01/14 v3.01 Basic AMSFonts support
\@emptytoks=\toks26
\symAMSa=\mathgroup4
\symAMSb=\mathgroup5
LaTeX Font Info:    Overwriting math alphabet `\mathfrak' in version `bold'
(Font)                  U/euf/m/n --> U/euf/b/n on input line 106.
))
(/home/eprietop/Workspace/texlive/2018/texmf-dist/tex/latex/sansmathaccent/sans
mathaccent.sty
Package: sansmathaccent 2013/03/28

(/home/eprietop/Workspace/texlive/2018/texmf-dist/tex/latex/filehook/filehook.s
ty
Package: filehook 2011/10/12 v0.5d Hooks for input files
)))
(/home/eprietop/Workspace/texlive/2018/texmf-dist/tex/latex/beamer/beamerbasetr
anslator.sty
(/home/eprietop/Workspace/texlive/2018/texmf-dist/tex/latex/translator/translat
or.sty
Package: translator 2018/01/04 v1.12 Easy translation of strings in LaTeX
))
(/home/eprietop/Workspace/texlive/2018/texmf-dist/tex/latex/beamer/beamerbasemi
sc.sty)
(/home/eprietop/Workspace/texlive/2018/texmf-dist/tex/latex/beamer/beamerbasetw
oscreens.sty)
(/home/eprietop/Workspace/texlive/2018/texmf-dist/tex/latex/beamer/beamerbaseov
erlay.sty
\beamer@argscount=\count128
\beamer@lastskipcover=\skip44
\beamer@trivlistdepth=\count129
)
(/home/eprietop/Workspace/texlive/2018/texmf-dist/tex/latex/beamer/beamerbaseti
tle.sty)
(/home/eprietop/Workspace/texlive/2018/texmf-dist/tex/latex/beamer/beamerbasese
ction.sty
\c@lecture=\count130
\c@part=\count131
\c@section=\count132
\c@subsection=\count133
\c@subsubsection=\count134
)
(/home/eprietop/Workspace/texlive/2018/texmf-dist/tex/latex/beamer/beamerbasefr
ame.sty
\beamer@framebox=\box40
\beamer@frametitlebox=\box41
\beamer@zoombox=\box42
\beamer@zoomcount=\count135
\beamer@zoomframecount=\count136
\beamer@frametextheight=\dimen167
\c@subsectionslide=\count137
\beamer@frametopskip=\skip45
\beamer@framebottomskip=\skip46
\beamer@frametopskipautobreak=\skip47
\beamer@framebottomskipautobreak=\skip48
\beamer@envbody=\toks27
\framewidth=\dimen168
\c@framenumber=\count138
)
(/home/eprietop/Workspace/texlive/2018/texmf-dist/tex/latex/beamer/beamerbaseve
rbatim.sty
\beamer@verbatimfileout=\write4
)
(/home/eprietop/Workspace/texlive/2018/texmf-dist/tex/latex/beamer/beamerbasefr
amesize.sty
\beamer@splitbox=\box43
\beamer@autobreakcount=\count139
\beamer@autobreaklastheight=\dimen169
\beamer@frametitletoks=\toks28
\beamer@framesubtitletoks=\toks29
)
(/home/eprietop/Workspace/texlive/2018/texmf-dist/tex/latex/beamer/beamerbasefr
amecomponents.sty
\beamer@footins=\box44
)
(/home/eprietop/Workspace/texlive/2018/texmf-dist/tex/latex/beamer/beamerbaseco
lor.sty
\beamer@bg@ht=\dimen170
\beamer@bg@wd=\dimen171
\beamer@bg@dp=\dimen172
)
(/home/eprietop/Workspace/texlive/2018/texmf-dist/tex/latex/beamer/beamerbaseno
tes.sty
\beamer@frameboxcopy=\box45
)
(/home/eprietop/Workspace/texlive/2018/texmf-dist/tex/latex/beamer/beamerbaseto
c.sty)
(/home/eprietop/Workspace/texlive/2018/texmf-dist/tex/latex/beamer/beamerbasete
mplates.sty
\beamer@sbttoks=\toks30

(/home/eprietop/Workspace/texlive/2018/texmf-dist/tex/latex/beamer/beamerbaseau
xtemplates.sty
(/home/eprietop/Workspace/texlive/2018/texmf-dist/tex/latex/beamer/beamerbasebo
xes.sty
\bmb@box=\box46
\bmb@colorbox=\box47
\bmb@boxshadow=\box48
\bmb@boxshadowball=\box49
\bmb@boxshadowballlarge=\box50
\bmb@temp=\dimen173
\bmb@dima=\dimen174
\bmb@dimb=\dimen175
\bmb@prevheight=\dimen176
)
\beamer@blockheadheight=\dimen177
))
(/home/eprietop/Workspace/texlive/2018/texmf-dist/tex/latex/beamer/beamerbaselo
calstructure.sty
(/home/eprietop/Workspace/texlive/2018/texmf-dist/tex/latex/tools/enumerate.sty
Package: enumerate 2015/07/23 v3.00 enumerate extensions (DPC)
\@enLab=\toks31
)
\c@figure=\count140
\c@table=\count141
\abovecaptionskip=\skip49
\belowcaptionskip=\skip50
)
(/home/eprietop/Workspace/texlive/2018/texmf-dist/tex/latex/beamer/beamerbasena
vigation.sty
\beamer@section@min@dim=\dimen178
)
(/home/eprietop/Workspace/texlive/2018/texmf-dist/tex/latex/beamer/beamerbaseth
eorems.sty
(/home/eprietop/Workspace/texlive/2018/texmf-dist/tex/latex/amsmath/amsmath.sty
Package: amsmath 2017/09/02 v2.17a AMS math features
\@mathmargin=\skip51
For additional information on amsmath, use the `?' option.

(/home/eprietop/Workspace/texlive/2018/texmf-dist/tex/latex/amsmath/amstext.sty
Package: amstext 2000/06/29 v2.01 AMS text
(/home/eprietop/Workspace/texlive/2018/texmf-dist/tex/latex/amsmath/amsgen.sty
File: amsgen.sty 1999/11/30 v2.0 generic functions
\@emptytoks=\toks32
\ex@=\dimen179
))
(/home/eprietop/Workspace/texlive/2018/texmf-dist/tex/latex/amsmath/amsbsy.sty
Package: amsbsy 1999/11/29 v1.2d Bold Symbols
\pmbraise@=\dimen180
) (/home/eprietop/Workspace/texlive/2018/texmf-dist/tex/latex/amsmath/amsopn.st
y
Package: amsopn 2016/03/08 v2.02 operator names
)
\inf@bad=\count142
LaTeX Info: Redefining \frac on input line 213.
\uproot@=\count143
\leftroot@=\count144
LaTeX Info: Redefining \overline on input line 375.
\classnum@=\count145
\DOTSCASE@=\count146
LaTeX Info: Redefining \ldots on input line 472.
LaTeX Info: Redefining \dots on input line 475.
LaTeX Info: Redefining \cdots on input line 596.
\Mathstrutbox@=\box51
\strutbox@=\box52
\big@size=\dimen181
LaTeX Font Info:    Redeclaring font encoding OML on input line 712.
LaTeX Font Info:    Redeclaring font encoding OMS on input line 713.
\macc@depth=\count147
\c@MaxMatrixCols=\count148
\dotsspace@=\muskip11
\c@parentequation=\count149
\dspbrk@lvl=\count150
\tag@help=\toks33
\row@=\count151
\column@=\count152
\maxfields@=\count153
\andhelp@=\toks34
\eqnshift@=\dimen182
\alignsep@=\dimen183
\tagshift@=\dimen184
\tagwidth@=\dimen185
\totwidth@=\dimen186
\lineht@=\dimen187
\@envbody=\toks35
\multlinegap=\skip52
\multlinetaggap=\skip53
\mathdisplay@stack=\toks36
LaTeX Info: Redefining \[ on input line 2817.
LaTeX Info: Redefining \] on input line 2818.
)
(/home/eprietop/Workspace/texlive/2018/texmf-dist/tex/latex/amscls/amsthm.sty
Package: amsthm 2017/10/31 v2.20.4
\thm@style=\toks37
\thm@bodyfont=\toks38
\thm@headfont=\toks39
\thm@notefont=\toks40
\thm@headpunct=\toks41
\thm@preskip=\skip54
\thm@postskip=\skip55
\thm@headsep=\skip56
\dth@everypar=\toks42
)
\c@theorem=\count154
)
(/home/eprietop/Workspace/texlive/2018/texmf-dist/tex/latex/beamer/beamerbaseth
emes.sty))
(/home/eprietop/Workspace/texlive/2018/texmf-dist/tex/latex/beamer/beamerthemed
efault.sty
(/home/eprietop/Workspace/texlive/2018/texmf-dist/tex/latex/beamer/beamerfontth
emedefault.sty)
(/home/eprietop/Workspace/texlive/2018/texmf-dist/tex/latex/beamer/beamercolort
hemedefault.sty)
(/home/eprietop/Workspace/texlive/2018/texmf-dist/tex/latex/beamer/beamerinnert
hemedefault.sty
\beamer@dima=\dimen188
\beamer@dimb=\dimen189
)
(/home/eprietop/Workspace/texlive/2018/texmf-dist/tex/latex/beamer/beameroutert
hemedefault.sty)))
(/home/eprietop/texmf/tex/latex/metropolis/beamerthememetropolis.sty
Package: beamerthememetropolis 2017/01/23 v1.2 Metropolis Beamer theme

(/home/eprietop/Workspace/texlive/2018/texmf-dist/tex/latex/pgfopts/pgfopts.sty
Package: pgfopts 2014/07/10 v2.1a LaTeX package options with pgfkeys

(/home/eprietop/Workspace/texlive/2018/texmf-dist/tex/latex/pgf/utilities/pgfke
ys.sty
(/home/eprietop/Workspace/texlive/2018/texmf-dist/tex/generic/pgf/utilities/pgf
keys.code.tex))
\pgfopts@list@add@a@toks=\toks43
\pgfopts@list@add@b@toks=\toks44
)
(/home/eprietop/texmf/tex/latex/metropolis/beamerinnerthememetropolis.sty
Package: beamerinnerthememetropolis 2017/01/23 Metropolis inner theme

(/home/eprietop/Workspace/texlive/2018/texmf-dist/tex/latex/tools/calc.sty
Package: calc 2017/05/25 v4.3 Infix arithmetic (KKT,FJ)
\calc@Acount=\count155
\calc@Bcount=\count156
\calc@Adimen=\dimen190
\calc@Bdimen=\dimen191
\calc@Askip=\skip57
\calc@Bskip=\skip58
LaTeX Info: Redefining \setlength on input line 80.
LaTeX Info: Redefining \addtolength on input line 81.
\calc@Ccount=\count157
\calc@Cskip=\skip59
)
(/home/eprietop/Workspace/texlive/2018/texmf-dist/tex/latex/pgf/frontendlayer/t
ikz.sty
(/home/eprietop/Workspace/texlive/2018/texmf-dist/tex/latex/pgf/basiclayer/pgf.
sty
Package: pgf 2015/08/07 v3.0.1a (rcs-revision 1.15)

(/home/eprietop/Workspace/texlive/2018/texmf-dist/tex/generic/pgf/modules/pgfmo
duleshapes.code.tex
File: pgfmoduleshapes.code.tex 2014/03/21  (rcs-revision 1.35)
\pgfnodeparttextbox=\box53
)
(/home/eprietop/Workspace/texlive/2018/texmf-dist/tex/generic/pgf/modules/pgfmo
duleplot.code.tex
File: pgfmoduleplot.code.tex 2015/08/03  (rcs-revision 1.13)
)
(/home/eprietop/Workspace/texlive/2018/texmf-dist/tex/latex/pgf/compatibility/p
gfcomp-version-0-65.sty
Package: pgfcomp-version-0-65 2007/07/03 v3.0.1a (rcs-revision 1.7)
\pgf@nodesepstart=\dimen192
\pgf@nodesepend=\dimen193
)
(/home/eprietop/Workspace/texlive/2018/texmf-dist/tex/latex/pgf/compatibility/p
gfcomp-version-1-18.sty
Package: pgfcomp-version-1-18 2007/07/23 v3.0.1a (rcs-revision 1.1)
))
(/home/eprietop/Workspace/texlive/2018/texmf-dist/tex/latex/pgf/utilities/pgffo
r.sty
(/home/eprietop/Workspace/texlive/2018/texmf-dist/tex/latex/pgf/math/pgfmath.st
y
(/home/eprietop/Workspace/texlive/2018/texmf-dist/tex/generic/pgf/math/pgfmath.
code.tex))
(/home/eprietop/Workspace/texlive/2018/texmf-dist/tex/generic/pgf/utilities/pgf
for.code.tex
Package: pgffor 2013/12/13 v3.0.1a (rcs-revision 1.25)

(/home/eprietop/Workspace/texlive/2018/texmf-dist/tex/generic/pgf/math/pgfmath.
code.tex)
\pgffor@iter=\dimen194
\pgffor@skip=\dimen195
\pgffor@stack=\toks45
\pgffor@toks=\toks46
))
(/home/eprietop/Workspace/texlive/2018/texmf-dist/tex/generic/pgf/frontendlayer
/tikz/tikz.code.tex
Package: tikz 2015/08/07 v3.0.1a (rcs-revision 1.151)

(/home/eprietop/Workspace/texlive/2018/texmf-dist/tex/generic/pgf/libraries/pgf
libraryplothandlers.code.tex
File: pgflibraryplothandlers.code.tex 2013/08/31 v3.0.1a (rcs-revision 1.20)
\pgf@plot@mark@count=\count158
\pgfplotmarksize=\dimen196
)
\tikz@lastx=\dimen197
\tikz@lasty=\dimen198
\tikz@lastxsaved=\dimen199
\tikz@lastysaved=\dimen256
\tikzleveldistance=\dimen257
\tikzsiblingdistance=\dimen258
\tikz@figbox=\box54
\tikz@figbox@bg=\box55
\tikz@tempbox=\box56
\tikz@tempbox@bg=\box57
\tikztreelevel=\count159
\tikznumberofchildren=\count160
\tikznumberofcurrentchild=\count161
\tikz@fig@count=\count162

(/home/eprietop/Workspace/texlive/2018/texmf-dist/tex/generic/pgf/modules/pgfmo
dulematrix.code.tex
File: pgfmodulematrix.code.tex 2013/09/17  (rcs-revision 1.8)
\pgfmatrixcurrentrow=\count163
\pgfmatrixcurrentcolumn=\count164
\pgf@matrix@numberofcolumns=\count165
)
\tikz@expandcount=\count166

(/home/eprietop/Workspace/texlive/2018/texmf-dist/tex/generic/pgf/frontendlayer
/tikz/libraries/tikzlibrarytopaths.code.tex
File: tikzlibrarytopaths.code.tex 2008/06/17 v3.0.1a (rcs-revision 1.2)
)))
\metropolis@titleseparator@linewidth=\skip60
\metropolis@progressonsectionpage=\skip61
\metropolis@progressonsectionpage@linewidth=\skip62
\metropolis@blocksep=\skip63
\metropolis@blockadjust=\skip64
\metropolis@parskip=\skip65
)
(/home/eprietop/texmf/tex/latex/metropolis/beamerouterthememetropolis.sty
Package: beamerouterthememetropolis 2017/01/23 Metropolis outer theme
\metropolis@frametitle@padding=\skip66
\metropolis@progressinheadfoot=\skip67
\metropolis@progressinheadfoot@linewidth=\skip68
)
(/home/eprietop/texmf/tex/latex/metropolis/beamercolorthememetropolis.sty
Package: beamercolorthememetropolis 2017/01/23 Metropolis color theme
)
(/home/eprietop/texmf/tex/latex/metropolis/beamerfontthememetropolis.sty
Package: beamerfontthememetropolis 2017/01/23 Metropolis font theme


Package beamerthememetropolis Warning: You need to compile with XeLaTeX or LuaL
aTeX to use the Fira fonts on input line 95.

))
(/home/eprietop/Workspace/texlive/2018/texmf-dist/tex/latex/appendixnumberbeame
r/appendixnumberbeamer.sty)
(/home/eprietop/Workspace/texlive/2018/texmf-dist/tex/latex/booktabs/booktabs.s
ty
Package: booktabs 2016/04/27 v1.618033 publication quality tables
\heavyrulewidth=\dimen259
\lightrulewidth=\dimen260
\cmidrulewidth=\dimen261
\belowrulesep=\dimen262
\belowbottomsep=\dimen263
\aboverulesep=\dimen264
\abovetopsep=\dimen265
\cmidrulesep=\dimen266
\cmidrulekern=\dimen267
\defaultaddspace=\dimen268
\@cmidla=\count167
\@cmidlb=\count168
\@aboverulesep=\dimen269
\@belowrulesep=\dimen270
\@thisruleclass=\count169
\@lastruleclass=\count170
\@thisrulewidth=\dimen271
)
(/home/eprietop/Workspace/texlive/2018/texmf-dist/tex/latex/ccicons/ccicons.sty
Package: ccicons 2017/10/30 v1.6 LaTeX support for Creative Commons icons

(/home/eprietop/Workspace/texlive/2018/texmf-dist/tex/latex/xkeyval/xkeyval.sty
Package: xkeyval 2014/12/03 v2.7a package option processing (HA)

(/home/eprietop/Workspace/texlive/2018/texmf-dist/tex/generic/xkeyval/xkeyval.t
ex
(/home/eprietop/Workspace/texlive/2018/texmf-dist/tex/generic/xkeyval/xkvutils.
tex
\XKV@toks=\toks47
\XKV@tempa@toks=\toks48
)
\XKV@depth=\count171
File: xkeyval.tex 2014/12/03 v2.7a key=value parser (HA)
)))
(/home/eprietop/Workspace/texlive/2018/texmf-dist/tex/latex/pgfplots/pgfplots.s
ty
(/home/eprietop/Workspace/texlive/2018/texmf-dist/tex/generic/pgfplots/pgfplots
.revision.tex)
Package: pgfplots 2018/03/28 v1.16 Data Visualization (1.16)

(/home/eprietop/Workspace/texlive/2018/texmf-dist/tex/generic/pgfplots/pgfplots
.code.tex
(/home/eprietop/Workspace/texlive/2018/texmf-dist/tex/generic/pgfplots/pgfplots
core.code.tex
\t@pgfplots@toka=\toks49
\t@pgfplots@tokb=\toks50
\t@pgfplots@tokc=\toks51
\pgfplots@tmpa=\dimen272
\c@pgfplots@coordindex=\count172
\c@pgfplots@scanlineindex=\count173

(/home/eprietop/Workspace/texlive/2018/texmf-dist/tex/generic/pgfplots/sys/pgfp
lotssysgeneric.code.tex))
(/home/eprietop/Workspace/texlive/2018/texmf-dist/tex/generic/pgfplots/libs/pgf
plotslibrary.code.tex)
(/home/eprietop/Workspace/texlive/2018/texmf-dist/tex/generic/pgfplots/oldpgfco
mpatib/pgfplotsoldpgfsupp_loader.code.tex
(/home/eprietop/Workspace/texlive/2018/texmf-dist/tex/generic/pgf/libraries/pgf
libraryfpu.code.tex)
Package pgfplots: loading complementary arithmetics for your pgf version...

(/home/eprietop/Workspace/texlive/2018/texmf-dist/tex/generic/pgfplots/oldpgfco
mpatib/pgfplotsoldpgfsupp_pgflibraryfpu.code.tex)
(/home/eprietop/Workspace/texlive/2018/texmf-dist/tex/generic/pgfplots/oldpgfco
mpatib/pgfplotsoldpgfsupp_pgfmathfloat.code.tex
\c@pgfmathroundto@lastzeros=\count174
)
(/home/eprietop/Workspace/texlive/2018/texmf-dist/tex/generic/pgfplots/oldpgfco
mpatib/pgfplotsoldpgfsupp_leq.code.tex))
(/home/eprietop/Workspace/texlive/2018/texmf-dist/tex/generic/pgfplots/util/pgf
plotsutil.code.tex
(/home/eprietop/Workspace/texlive/2018/texmf-dist/tex/generic/pgfplots/liststru
cture/pgfplotsliststructure.code.tex)
(/home/eprietop/Workspace/texlive/2018/texmf-dist/tex/generic/pgfplots/liststru
cture/pgfplotsliststructureext.code.tex)
(/home/eprietop/Workspace/texlive/2018/texmf-dist/tex/generic/pgfplots/liststru
cture/pgfplotsarray.code.tex
\c@pgfplotsarray@tmp=\count175
)
(/home/eprietop/Workspace/texlive/2018/texmf-dist/tex/generic/pgfplots/liststru
cture/pgfplotsmatrix.code.tex)
(/home/eprietop/Workspace/texlive/2018/texmf-dist/tex/generic/pgfplots/numtable
/pgfplotstableshared.code.tex
\c@pgfplotstable@counta=\count176
\t@pgfplotstable@a=\toks52
)
(/home/eprietop/Workspace/texlive/2018/texmf-dist/tex/generic/pgfplots/liststru
cture/pgfplotsdeque.code.tex)
(/home/eprietop/Workspace/texlive/2018/texmf-dist/tex/generic/pgfplots/util/pgf
plotsbinary.code.tex
(/home/eprietop/Workspace/texlive/2018/texmf-dist/tex/generic/pgfplots/util/pgf
plotsbinary.data.code.tex))
(/home/eprietop/Workspace/texlive/2018/texmf-dist/tex/generic/pgfplots/util/pgf
plotsutil.verb.code.tex)
(/home/eprietop/Workspace/texlive/2018/texmf-dist/tex/generic/pgfplots/libs/pgf
librarypgfplots.surfshading.code.tex
\c@pgfplotslibrarysurf@no=\count177

(/home/eprietop/Workspace/texlive/2018/texmf-dist/tex/generic/pgfplots/sys/pgfl
ibrarypgfplots.surfshading.pgfsys-pdftex.def)))
(/home/eprietop/Workspace/texlive/2018/texmf-dist/tex/generic/pgfplots/util/pgf
plotscolormap.code.tex
(/home/eprietop/Workspace/texlive/2018/texmf-dist/tex/generic/pgfplots/util/pgf
plotscolor.code.tex))
(/home/eprietop/Workspace/texlive/2018/texmf-dist/tex/generic/pgfplots/pgfplots
stackedplots.code.tex)
(/home/eprietop/Workspace/texlive/2018/texmf-dist/tex/generic/pgfplots/pgfplots
plothandlers.code.tex
(/home/eprietop/Workspace/texlive/2018/texmf-dist/tex/generic/pgfplots/pgfplots
meshplothandler.code.tex
(/home/eprietop/Workspace/texlive/2018/texmf-dist/tex/generic/pgfplots/pgfplots
meshplotimage.code.tex)))
(/home/eprietop/Workspace/texlive/2018/texmf-dist/tex/generic/pgfplots/pgfplots
.scaling.code.tex)
(/home/eprietop/Workspace/texlive/2018/texmf-dist/tex/generic/pgfplots/pgfplots
coordprocessing.code.tex)
(/home/eprietop/Workspace/texlive/2018/texmf-dist/tex/generic/pgfplots/pgfplots
.errorbars.code.tex)
(/home/eprietop/Workspace/texlive/2018/texmf-dist/tex/generic/pgfplots/pgfplots
.markers.code.tex)
(/home/eprietop/Workspace/texlive/2018/texmf-dist/tex/generic/pgfplots/pgfplots
ticks.code.tex)
(/home/eprietop/Workspace/texlive/2018/texmf-dist/tex/generic/pgfplots/pgfplots
.paths.code.tex)
(/home/eprietop/Workspace/texlive/2018/texmf-dist/tex/generic/pgf/frontendlayer
/tikz/libraries/tikzlibrarydecorations.code.tex
(/home/eprietop/Workspace/texlive/2018/texmf-dist/tex/generic/pgf/modules/pgfmo
duledecorations.code.tex
\pgfdecoratedcompleteddistance=\dimen273
\pgfdecoratedremainingdistance=\dimen274
\pgfdecoratedinputsegmentcompleteddistance=\dimen275
\pgfdecoratedinputsegmentremainingdistance=\dimen276
\pgf@decorate@distancetomove=\dimen277
\pgf@decorate@repeatstate=\count178
\pgfdecorationsegmentamplitude=\dimen278
\pgfdecorationsegmentlength=\dimen279
)
\tikz@lib@dec@box=\box58
)
(/home/eprietop/Workspace/texlive/2018/texmf-dist/tex/generic/pgf/frontendlayer
/tikz/libraries/tikzlibrarydecorations.pathmorphing.code.tex
(/home/eprietop/Workspace/texlive/2018/texmf-dist/tex/generic/pgf/libraries/dec
orations/pgflibrarydecorations.pathmorphing.code.tex))
(/home/eprietop/Workspace/texlive/2018/texmf-dist/tex/generic/pgf/frontendlayer
/tikz/libraries/tikzlibrarydecorations.pathreplacing.code.tex
(/home/eprietop/Workspace/texlive/2018/texmf-dist/tex/generic/pgf/libraries/dec
orations/pgflibrarydecorations.pathreplacing.code.tex))
\pgfplots@numplots=\count179
\pgfplots@xmin@reg=\dimen280
\pgfplots@xmax@reg=\dimen281
\pgfplots@ymin@reg=\dimen282
\pgfplots@ymax@reg=\dimen283
\pgfplots@zmin@reg=\dimen284
\pgfplots@zmax@reg=\dimen285
)
(/home/eprietop/Workspace/texlive/2018/texmf-dist/tex/generic/pgf/frontendlayer
/tikz/libraries/tikzlibraryplotmarks.code.tex
File: tikzlibraryplotmarks.code.tex 2008/01/09 v3.0.1a (rcs-revision 1.1)

(/home/eprietop/Workspace/texlive/2018/texmf-dist/tex/generic/pgf/libraries/pgf
libraryplotmarks.code.tex
File: pgflibraryplotmarks.code.tex 2015/08/03 v3.0.1a (rcs-revision 1.14)
)))
(/home/eprietop/Workspace/texlive/2018/texmf-dist/tex/generic/pgfplots/libs/tik
zlibrarypgfplots.dateplot.code.tex
(/home/eprietop/Workspace/texlive/2018/texmf-dist/tex/latex/pgf/utilities/pgfca
lendar.sty
(/home/eprietop/Workspace/texlive/2018/texmf-dist/tex/generic/pgf/utilities/pgf
calendar.code.tex
File: pgfcalendar.code.tex 2007/07/23 v3.0.1a (rcs-revision 1.11)
\pgfcalendarcurrentjulian=\count180
)))
(/home/eprietop/Workspace/texlive/2018/texmf-dist/tex/latex/media9/media9.sty
(/home/eprietop/Workspace/texlive/2018/texmf-dist/tex/latex/l3kernel/expl3.sty
Package: expl3 2018-06-14 L3 programming layer (loader) 

(/home/eprietop/Workspace/texlive/2018/texmf-dist/tex/latex/l3kernel/expl3-code
.tex
Package: expl3 2018-06-14 L3 programming layer (code)
\c_max_int=\count181
\l_tmpa_int=\count182
\l_tmpb_int=\count183
\g_tmpa_int=\count184
\g_tmpb_int=\count185
\g__kernel_prg_map_int=\count186
\c_log_iow=\count187
\l_iow_line_count_int=\count188
\l__iow_line_target_int=\count189
\l__iow_one_indent_int=\count190
\l__iow_indent_int=\count191
\c_zero_dim=\dimen286
\c_max_dim=\dimen287
\l_tmpa_dim=\dimen288
\l_tmpb_dim=\dimen289
\g_tmpa_dim=\dimen290
\g_tmpb_dim=\dimen291
\c_zero_skip=\skip69
\c_max_skip=\skip70
\l_tmpa_skip=\skip71
\l_tmpb_skip=\skip72
\g_tmpa_skip=\skip73
\g_tmpb_skip=\skip74
\c_zero_muskip=\muskip12
\c_max_muskip=\muskip13
\l_tmpa_muskip=\muskip14
\l_tmpb_muskip=\muskip15
\g_tmpa_muskip=\muskip16
\g_tmpb_muskip=\muskip17
\l_keys_choice_int=\count192
\l__intarray_loop_int=\count193
\c__intarray_sp_dim=\dimen292
\g__intarray_font_int=\count194
\c__fp_leading_shift_int=\count195
\c__fp_middle_shift_int=\count196
\c__fp_trailing_shift_int=\count197
\c__fp_big_leading_shift_int=\count198
\c__fp_big_middle_shift_int=\count199
\c__fp_big_trailing_shift_int=\count266
\c__fp_Bigg_leading_shift_int=\count267
\c__fp_Bigg_middle_shift_int=\count268
\c__fp_Bigg_trailing_shift_int=\count269
\c__kernel_randint_max_int=\count270
\g__fp_array_int=\count271
\l__fp_array_loop_int=\count272
\l__sort_length_int=\count273
\l__sort_min_int=\count274
\l__sort_top_int=\count275
\l__sort_max_int=\count276
\l__sort_true_max_int=\count277
\l__sort_block_int=\count278
\l__sort_begin_int=\count279
\l__sort_end_int=\count280
\l__sort_A_int=\count281
\l__sort_B_int=\count282
\l__sort_C_int=\count283
\l__tl_analysis_normal_int=\count284
\l__tl_analysis_index_int=\count285
\l__tl_analysis_nesting_int=\count286
\l__tl_analysis_type_int=\count287
\l__regex_internal_a_int=\count288
\l__regex_internal_b_int=\count289
\l__regex_internal_c_int=\count290
\l__regex_balance_int=\count291
\l__regex_group_level_int=\count292
\l__regex_mode_int=\count293
\c__regex_cs_in_class_mode_int=\count294
\c__regex_cs_mode_int=\count295
\l__regex_catcodes_int=\count296
\l__regex_default_catcodes_int=\count297
\c__regex_catcode_D_int=\count298
\c__regex_catcode_S_int=\count299
\c__regex_catcode_L_int=\count300
\c__regex_catcode_O_int=\count301
\c__regex_catcode_A_int=\count302
\c__regex_all_catcodes_int=\count303
\l__regex_show_lines_int=\count304
\l__regex_min_state_int=\count305
\l__regex_max_state_int=\count306
\l__regex_left_state_int=\count307
\l__regex_right_state_int=\count308
\l__regex_capturing_group_int=\count309
\l__regex_min_pos_int=\count310
\l__regex_max_pos_int=\count311
\l__regex_curr_pos_int=\count312
\l__regex_start_pos_int=\count313
\l__regex_success_pos_int=\count314
\l__regex_curr_char_int=\count315
\l__regex_curr_catcode_int=\count316
\l__regex_last_char_int=\count317
\l__regex_case_changed_char_int=\count318
\l__regex_curr_state_int=\count319
\l__regex_step_int=\count320
\l__regex_min_active_int=\count321
\l__regex_max_active_int=\count322
\l__regex_replacement_csnames_int=\count323
\l__regex_match_count_int=\count324
\l__regex_min_submatch_int=\count325
\l__regex_submatch_int=\count326
\l__regex_zeroth_submatch_int=\count327
\g__regex_trace_regex_int=\count328
\c_empty_box=\box59
\l_tmpa_box=\box60
\l_tmpb_box=\box61
\g_tmpa_box=\box62
\g_tmpb_box=\box63
\l__box_top_dim=\dimen293
\l__box_bottom_dim=\dimen294
\l__box_left_dim=\dimen295
\l__box_right_dim=\dimen296
\l__box_top_new_dim=\dimen297
\l__box_bottom_new_dim=\dimen298
\l__box_left_new_dim=\dimen299
\l__box_right_new_dim=\dimen300
\l__box_internal_box=\box64
\l__coffin_internal_box=\box65
\l__coffin_internal_dim=\dimen301
\l__coffin_offset_x_dim=\dimen302
\l__coffin_offset_y_dim=\dimen303
\l__coffin_x_dim=\dimen304
\l__coffin_y_dim=\dimen305
\l__coffin_x_prime_dim=\dimen306
\l__coffin_y_prime_dim=\dimen307
\c_empty_coffin=\box66
\l__coffin_aligned_coffin=\box67
\l__coffin_aligned_internal_coffin=\box68
\l_tmpa_coffin=\box69
\l_tmpb_coffin=\box70
\l__coffin_display_coffin=\box71
\l__coffin_display_coord_coffin=\box72
\l__coffin_display_pole_coffin=\box73
\l__coffin_display_offset_dim=\dimen308
\l__coffin_display_x_dim=\dimen309
\l__coffin_display_y_dim=\dimen310
\g__file_internal_ior=\read2
\l__coffin_bounding_shift_dim=\dimen311
\l__coffin_left_corner_dim=\dimen312
\l__coffin_right_corner_dim=\dimen313
\l__coffin_bottom_corner_dim=\dimen314
\l__coffin_top_corner_dim=\dimen315
\l__coffin_scaled_total_height_dim=\dimen316
\l__coffin_scaled_width_dim=\dimen317
\l__seq_internal_a_int=\count329
\l__seq_internal_b_int=\count330
)
(/home/eprietop/Workspace/texlive/2018/texmf-dist/tex/latex/l3kernel/l3pdfmode.
def
File: l3pdfmode.def 2018-06-14 v L3 Experimental driver: PDF mode
\l__driver_color_stack_int=\count331
))
(/home/eprietop/Workspace/texlive/2018/texmf-dist/tex/latex/l3packages/l3keys2e
/l3keys2e.sty
Package: l3keys2e 2018-05-12 LaTeX2e option processing using LaTeX3 keys
)
(/home/eprietop/Workspace/texlive/2018/texmf-dist/tex/latex/l3packages/xparse/x
parse.sty
Package: xparse 2018-05-12 L3 Experimental document command parser
\l__xparse_current_arg_int=\count332
\g__xparse_grabber_int=\count333
\l__xparse_m_args_int=\count334
\l__xparse_mandatory_args_int=\count335
\l__xparse_v_nesting_int=\count336
)
Package: media9 2018/06/07 v0.93 acrobat-9/X compatible media
\g_mix_pkgresizeflag_int=\count337

(/home/eprietop/Workspace/texlive/2018/texmf-dist/tex/latex/media9/pdfbase.sty
Package: pdfbase 2018/06/07 v0.24 driver independent access to low-level PDF fe
atures
\g_pbs_page_int=\count338
\g_pbs_oc_int=\count339
) (/home/eprietop/Workspace/texlive/2018/texmf-dist/tex/latex/ocgx2/ocgbase.sty
Package: ocgbase 2018/06/07 v0.14 support package for ocgx2.sty
\g_ocgbase_nd_int=\count340
)
\l_mix_poster_box=\box74
\g_mix_wd_dim=\dimen318
\g_mix_ht_dim=\dimen319
\g_mix_dp_dim=\dimen320
\g_mix_rmcnt_int=\count341
\l_mix_viewcnt_int=\count342
\g@mix@page@int=\count343
\g_mix_resizeflag_int=\count344
\l_mix_lineno_int=\count345
.................................................
. LaTeX info: "xparse/define-command"
. 
. Defining command \addmediapath with sig. 'm' on line 804.
.................................................
\l_mix_pbtn_box=\box75
\mix@btn@dim=\dimen321
.................................................
. LaTeX info: "xparse/define-command"
. 
. Defining command \includemedia with sig. 'O{}mm' on line 1212.
.................................................
\g_mix_mbtncnt_int=\count346
.................................................
. LaTeX info: "xparse/define-command"
. 
. Defining command \mediabutton with sig. 'O{}m' on line 2418.
.................................................
) (/home/eprietop/Workspace/texlive/2018/texmf-dist/tex/latex/tools/xspace.sty
Package: xspace 2014/10/28 v1.13 Space after command names (DPC,MH)
) (/home/eprietop/Workspace/texlive/2018/texmf-dist/tex/latex/tools/array.sty
Package: array 2018/04/30 v2.4h Tabular extension package (FMi)
\col@sep=\dimen322
\ar@mcellbox=\box76
\extrarowheight=\dimen323
\NC@list=\toks53
\extratabsurround=\skip75
\backup@length=\skip76
\ar@cellbox=\box77
)
(/home/eprietop/Workspace/texlive/2018/texmf-dist/tex/latex/tools/longtable.sty
Package: longtable 2014/10/28 v4.11 Multi-page Table package (DPC)
\LTleft=\skip77
\LTright=\skip78
\LTpre=\skip79
\LTpost=\skip80
\LTchunksize=\count347
\LTcapwidth=\dimen324
\LT@head=\box78
\LT@firsthead=\box79
\LT@foot=\box80
\LT@lastfoot=\box81
\LT@cols=\count348
\LT@rows=\count349
\c@LT@tables=\count350
\c@LT@chunks=\count351
\LT@p@ftn=\toks54
)
(/home/eprietop/Workspace/texlive/2018/texmf-dist/tex/latex/graphics/rotating.s
ty
Package: rotating 2016/08/11 v2.16d rotated objects in LaTeX
 (/home/eprietop/Workspace/texlive/2018/texmf-dist/tex/latex/base/ifthen.sty
Package: ifthen 2014/09/29 v1.1c Standard LaTeX ifthen package (DPC)
)
\c@r@tfl@t=\count352
\rotFPtop=\skip81
\rotFPbot=\skip82
\rot@float@box=\box82
\rot@mess@toks=\toks55
) (/home/eprietop/Workspace/texlive/2018/texmf-dist/tex/latex/float/float.sty
Package: float 2001/11/08 v1.3d Float enhancements (AL)
\c@float@type=\count353
\float@exts=\toks56
\float@box=\box83
\@float@everytoks=\toks57
\@floatcapt=\box84
)
(/home/eprietop/Workspace/texlive/2018/texmf-dist/tex/latex/rotfloat/rotfloat.s
ty
Package: rotfloat 2004/01/04 v1.2 Combining float+rotating package (AS)
Package rotfloat Info: float package v1.3 detected on input line 74.
)
(/home/eprietop/Workspace/texlive/2018/texmf-dist/tex/latex/multirow/multirow.s
ty
Package: multirow 2016/11/25 v2.2 Span multiple rows of a table
\multirow@colwidth=\skip83
\multirow@cntb=\count354
\multirow@dima=\skip84
\bigstrutjot=\dimen325
)
(/home/eprietop/Workspace/texlive/2018/texmf-dist/tex/latex/setspace/setspace.s
ty
Package: setspace 2011/12/19 v6.7a set line spacing
)
(/home/eprietop/Workspace/texlive/2018/texmf-dist/tex/latex/nomencl/nomencl.sty
Package: nomencl 2005/09/22 v4.2 Nomenclature package (LN)
\nomlabelwidth=\dimen326
\nom@tempdim=\dimen327
\nomitemsep=\skip85
) (/home/eprietop/Workspace/texlive/2018/texmf-dist/tex/latex/base/inputenc.sty
Package: inputenc 2018/04/06 v1.3b Input encoding file
\inpenc@prehook=\toks58
\inpenc@posthook=\toks59
)
(/home/eprietop/Workspace/texlive/2018/texmf-dist/tex/generic/pgf/frontendlayer
/tikz/libraries/tikzlibrarymindmap.code.tex
File: tikzlibrarymindmap.code.tex 2013/07/16 v3.0.1a (rcs-revision 1.10)

(/home/eprietop/Workspace/texlive/2018/texmf-dist/tex/generic/pgf/frontendlayer
/tikz/libraries/tikzlibrarytrees.code.tex
File: tikzlibrarytrees.code.tex 2008/02/24 v3.0.1a (rcs-revision 1.2)
))
(/home/eprietop/Workspace/texlive/2018/texmf-dist/tex/generic/pgf/frontendlayer
/tikz/libraries/tikzlibraryshadows.code.tex
File: tikzlibraryshadows.code.tex 2008/01/13 v3.0.1a (rcs-revision 1.3)

(/home/eprietop/Workspace/texlive/2018/texmf-dist/tex/generic/pgf/frontendlayer
/tikz/libraries/tikzlibraryfadings.code.tex
File: tikzlibraryfadings.code.tex 2009/11/15 v3.0.1a (rcs-revision 1.2)

(/home/eprietop/Workspace/texlive/2018/texmf-dist/tex/generic/pgf/libraries/pgf
libraryfadings.code.tex
File: pgflibraryfadings.code.tex 2008/02/07 v3.0.1a (rcs-revision 1.3)
)))
(/home/eprietop/Workspace/texlive/2018/texmf-dist/tex/generic/pgf/frontendlayer
/tikz/libraries/tikzlibraryshapes.code.tex
File: tikzlibraryshapes.code.tex 2008/01/09 v3.0.1a (rcs-revision 1.1)

(/home/eprietop/Workspace/texlive/2018/texmf-dist/tex/generic/pgf/frontendlayer
/tikz/libraries/tikzlibraryshapes.geometric.code.tex
File: tikzlibraryshapes.geometric.code.tex 2008/01/09 v3.0.1a (rcs-revision 1.1
)

(/home/eprietop/Workspace/texlive/2018/texmf-dist/tex/generic/pgf/libraries/sha
pes/pgflibraryshapes.geometric.code.tex
File: pgflibraryshapes.geometric.code.tex 2008/06/26 v3.0.1a (rcs-revision 1.1)

))
(/home/eprietop/Workspace/texlive/2018/texmf-dist/tex/generic/pgf/frontendlayer
/tikz/libraries/tikzlibraryshapes.misc.code.tex
File: tikzlibraryshapes.misc.code.tex 2008/01/09 v3.0.1a (rcs-revision 1.1)

(/home/eprietop/Workspace/texlive/2018/texmf-dist/tex/generic/pgf/libraries/sha
pes/pgflibraryshapes.misc.code.tex
File: pgflibraryshapes.misc.code.tex 2013/07/18 v3.0.1a (rcs-revision 1.5)
))
(/home/eprietop/Workspace/texlive/2018/texmf-dist/tex/generic/pgf/frontendlayer
/tikz/libraries/tikzlibraryshapes.symbols.code.tex
File: tikzlibraryshapes.symbols.code.tex 2008/01/09 v3.0.1a (rcs-revision 1.1)

(/home/eprietop/Workspace/texlive/2018/texmf-dist/tex/generic/pgf/libraries/sha
pes/pgflibraryshapes.symbols.code.tex
File: pgflibraryshapes.symbols.code.tex 2013/09/11 v3.0.1a (rcs-revision 1.6)
))
(/home/eprietop/Workspace/texlive/2018/texmf-dist/tex/generic/pgf/frontendlayer
/tikz/libraries/tikzlibraryshapes.arrows.code.tex
File: tikzlibraryshapes.arrows.code.tex 2008/01/09 v3.0.1a (rcs-revision 1.1)

(/home/eprietop/Workspace/texlive/2018/texmf-dist/tex/generic/pgf/libraries/sha
pes/pgflibraryshapes.arrows.code.tex
File: pgflibraryshapes.arrows.code.tex 2008/06/26 v3.0.1a (rcs-revision 1.1)
))
(/home/eprietop/Workspace/texlive/2018/texmf-dist/tex/generic/pgf/frontendlayer
/tikz/libraries/tikzlibraryshapes.callouts.code.tex
(/home/eprietop/Workspace/texlive/2018/texmf-dist/tex/generic/pgf/libraries/sha
pes/pgflibraryshapes.callouts.code.tex))
(/home/eprietop/Workspace/texlive/2018/texmf-dist/tex/generic/pgf/frontendlayer
/tikz/libraries/tikzlibraryshapes.multipart.code.tex
File: tikzlibraryshapes.multipart.code.tex 2008/01/09 v3.0.1a (rcs-revision 1.1
)

(/home/eprietop/Workspace/texlive/2018/texmf-dist/tex/generic/pgf/libraries/sha
pes/pgflibraryshapes.multipart.code.tex
File: pgflibraryshapes.multipart.code.tex 2010/01/07 v3.0.1a (rcs-revision 1.2)

\pgfnodepartlowerbox=\box85
\pgfnodeparttwobox=\box86
\pgfnodepartthreebox=\box87
\pgfnodepartfourbox=\box88
\pgfnodeparttwentybox=\box89
\pgfnodepartnineteenbox=\box90
\pgfnodeparteighteenbox=\box91
\pgfnodepartseventeenbox=\box92
\pgfnodepartsixteenbox=\box93
\pgfnodepartfifteenbox=\box94
\pgfnodepartfourteenbox=\box95
\pgfnodepartthirteenbox=\box96
\pgfnodeparttwelvebox=\box97
\pgfnodepartelevenbox=\box98
\pgfnodeparttenbox=\box99
\pgfnodepartninebox=\box100
\pgfnodeparteightbox=\box101
\pgfnodepartsevenbox=\box102
\pgfnodepartsixbox=\box103
\pgfnodepartfivebox=\box104
)))
(/home/eprietop/Workspace/texlive/2018/texmf-dist/tex/generic/pgf/frontendlayer
/tikz/libraries/tikzlibraryarrows.code.tex
File: tikzlibraryarrows.code.tex 2008/01/09 v3.0.1a (rcs-revision 1.1)

(/home/eprietop/Workspace/texlive/2018/texmf-dist/tex/generic/pgf/libraries/pgf
libraryarrows.code.tex
File: pgflibraryarrows.code.tex 2013/09/23 v3.0.1a (rcs-revision 1.16)
\arrowsize=\dimen328
))
(/home/eprietop/Workspace/texlive/2018/texmf-dist/tex/generic/pgf/frontendlayer
/tikz/libraries/tikzlibrarymatrix.code.tex
File: tikzlibrarymatrix.code.tex 2013/07/12 v3.0.1a (rcs-revision 1.4)
)
(/home/eprietop/Workspace/texlive/2018/texmf-dist/tex/generic/pgf/frontendlayer
/tikz/libraries/tikzlibrarypositioning.code.tex
File: tikzlibrarypositioning.code.tex 2008/10/06 v3.0.1a (rcs-revision 1.7)
)
(/home/eprietop/Workspace/texlive/2018/texmf-dist/tex/latex/pgfgantt/pgfgantt.s
ty
Package: pgfgantt 2018/01/10 v5.0 Draw Gantt diagrams with TikZ

(/home/eprietop/Workspace/texlive/2018/texmf-dist/tex/generic/pgf/frontendlayer
/tikz/libraries/tikzlibrarybackgrounds.code.tex
File: tikzlibrarybackgrounds.code.tex 2013/07/18 v3.0.1a (rcs-revision 1.3)
\pgf@layerbox@background=\box105
\pgf@layerboxsaved@background=\box106
)
(/home/eprietop/Workspace/texlive/2018/texmf-dist/tex/generic/pgf/frontendlayer
/tikz/libraries/tikzlibrarycalc.code.tex
File: tikzlibrarycalc.code.tex 2013/07/15 v3.0.1a (rcs-revision 1.9)
)
(/home/eprietop/Workspace/texlive/2018/texmf-dist/tex/generic/pgf/frontendlayer
/tikz/libraries/tikzlibrarypatterns.code.tex
File: tikzlibrarypatterns.code.tex 2008/01/15 v3.0.1a (rcs-revision 1.2)

(/home/eprietop/Workspace/texlive/2018/texmf-dist/tex/generic/pgf/libraries/pgf
librarypatterns.code.tex
File: pgflibrarypatterns.code.tex 2008/03/03 v3.0.1a (rcs-revision 1.13)
))
\gtt@currentline=\count355
\gtt@lasttitleline=\count356
\gtt@currgrid=\count357
\gtt@chartwidth=\count358
\gtt@lasttitleslot=\count359
\gtt@elementid=\count360
\gtt@today@slot=\count361
\gtt@startjulian=\count362
\gtt@endjulian=\count363
\gtt@chartid=\count364
\gtt@vrule@slot=\count365
\gtt@calendar@slots=\count366
\gtt@calendar@weeknumber=\count367
\gtt@calendar@startofweek=\count368
\gtt@left@slot=\count369
\gtt@right@slot=\count370
)
(/home/eprietop/Workspace/texlive/2018/texmf-dist/tex/latex/adjustbox/adjustbox
.sty
Package: adjustbox 2018/04/08 v1.1 Adjusting TeX boxes (trim, clip, ...)

(/home/eprietop/Workspace/texlive/2018/texmf-dist/tex/latex/adjustbox/adjcalc.s
ty
Package: adjcalc 2012/05/16 v1.1 Provides advanced setlength with multiple back
-ends (calc, etex, pgfmath)
)
(/home/eprietop/Workspace/texlive/2018/texmf-dist/tex/latex/adjustbox/trimclip.
sty
Package: trimclip 2018/04/08 v1.1 Trim and clip general TeX material

(/home/eprietop/Workspace/texlive/2018/texmf-dist/tex/latex/collectbox/collectb
ox.sty
Package: collectbox 2012/05/17 v0.4b Collect macro arguments as boxes
\collectedbox=\box107
)
\tc@llx=\dimen329
\tc@lly=\dimen330
\tc@urx=\dimen331
\tc@ury=\dimen332
Package trimclip Info: Using driver 'tc-pdftex.def'.

(/home/eprietop/Workspace/texlive/2018/texmf-dist/tex/latex/adjustbox/tc-pdftex
.def
File: tc-pdftex.def 2018/04/08 v2.1 Clipping driver for pdftex
))
\adjbox@Width=\dimen333
\adjbox@Height=\dimen334
\adjbox@Depth=\dimen335
\adjbox@Totalheight=\dimen336
\adjbox@pwidth=\dimen337
\adjbox@pheight=\dimen338
\adjbox@pdepth=\dimen339
\adjbox@ptotalheight=\dimen340

(/home/eprietop/Workspace/texlive/2018/texmf-dist/tex/latex/ifoddpage/ifoddpage
.sty
Package: ifoddpage 2016/04/23 v1.1 Conditionals for odd/even page detection
\c@checkoddpage=\count371
)
(/home/eprietop/Workspace/texlive/2018/texmf-dist/tex/latex/varwidth/varwidth.s
ty
Package: varwidth 2009/03/30 ver 0.92;  Variable-width minipages
\@vwid@box=\box108
\sift@deathcycles=\count372
\@vwid@loff=\dimen341
\@vwid@roff=\dimen342
)) (/home/eprietop/texmf/tex/latex/metropolis/pgfplotsthemetol.sty
Package: pgfplotsthemetol 2017/01/23 PGFplots colors based on Paul Tol's SRON t
echnical note
)
(./demo.aux

LaTeX Warning: Label `fig:N=1' multiply defined.

)
\openout1 = `demo.aux'.

LaTeX Font Info:    Checking defaults for OML/cmm/m/it on input line 64.
LaTeX Font Info:    ... okay on input line 64.
LaTeX Font Info:    Checking defaults for T1/cmr/m/n on input line 64.
LaTeX Font Info:    ... okay on input line 64.
LaTeX Font Info:    Checking defaults for OT1/cmr/m/n on input line 64.
LaTeX Font Info:    ... okay on input line 64.
LaTeX Font Info:    Checking defaults for OMS/cmsy/m/n on input line 64.
LaTeX Font Info:    ... okay on input line 64.
LaTeX Font Info:    Checking defaults for OMX/cmex/m/n on input line 64.
LaTeX Font Info:    ... okay on input line 64.
LaTeX Font Info:    Checking defaults for U/cmr/m/n on input line 64.
LaTeX Font Info:    ... okay on input line 64.
LaTeX Font Info:    Checking defaults for PD1/pdf/m/n on input line 64.
LaTeX Font Info:    ... okay on input line 64.

*geometry* driver: auto-detecting
*geometry* detected driver: pdftex
*geometry* verbose mode - [ preamble ] result:
* driver: pdftex
* paper: custom
* layout: <same size as paper>
* layoutoffset:(h,v)=(0.0pt,0.0pt)
* modes: includehead includefoot 
* h-part:(L,W,R)=(28.45274pt, 307.28987pt, 28.45274pt)
* v-part:(T,H,B)=(0.0pt, 273.14662pt, 0.0pt)
* \paperwidth=364.19536pt
* \paperheight=273.14662pt
* \textwidth=307.28987pt
* \textheight=244.6939pt
* \oddsidemargin=-43.81725pt
* \evensidemargin=-43.81725pt
* \topmargin=-72.26999pt
* \headheight=14.22636pt
* \headsep=0.0pt
* \topskip=10.0pt
* \footskip=14.22636pt
* \marginparwidth=3.0pt
* \marginparsep=11.0pt
* \columnsep=10.0pt
* \skip\footins=9.0pt plus 4.0pt minus 2.0pt
* \hoffset=0.0pt
* \voffset=0.0pt
* \mag=1000
* \@twocolumnfalse
* \@twosidefalse
* \@mparswitchfalse
* \@reversemarginfalse
* (1in=72.27pt=25.4mm, 1cm=28.453pt)


(/home/eprietop/Workspace/texlive/2018/texmf-dist/tex/context/base/mkii/supp-pd
f.mkii
[Loading MPS to PDF converter (version 2006.09.02).]
\scratchcounter=\count373
\scratchdimen=\dimen343
\scratchbox=\box109
\nofMPsegments=\count374
\nofMParguments=\count375
\everyMPshowfont=\toks60
\MPscratchCnt=\count376
\MPscratchDim=\dimen344
\MPnumerator=\count377
\makeMPintoPDFobject=\count378
\everyMPtoPDFconversion=\toks61
)
(/home/eprietop/Workspace/texlive/2018/texmf-dist/tex/latex/oberdiek/epstopdf-b
ase.sty
Package: epstopdf-base 2016/05/15 v2.6 Base part for package epstopdf

(/home/eprietop/Workspace/texlive/2018/texmf-dist/tex/latex/oberdiek/grfext.sty
Package: grfext 2016/05/16 v1.2 Manage graphics extensions (HO)
)
Package epstopdf-base Info: Redefining graphics rule for `.eps' on input line 4
38.
Package grfext Info: Graphics extension search list:
(grfext)             [.pdf,.png,.jpg,.mps,.jpeg,.jbig2,.jb2,.PDF,.PNG,.JPG,.JPE
G,.JBIG2,.JB2,.eps]
(grfext)             \AppendGraphicsExtensions on input line 456.

(/home/eprietop/Workspace/texlive/2018/texmf-dist/tex/latex/latexconfig/epstopd
f-sys.cfg
File: epstopdf-sys.cfg 2010/07/13 v1.3 Configuration of (r)epstopdf for TeX Liv
e
)) ABD: EveryShipout initializing macros
\AtBeginShipoutBox=\box110
Package hyperref Info: Link coloring OFF on input line 64.

(/home/eprietop/Workspace/texlive/2018/texmf-dist/tex/latex/hyperref/nameref.st
y
Package: nameref 2016/05/21 v2.44 Cross-referencing by name of section

(/home/eprietop/Workspace/texlive/2018/texmf-dist/tex/generic/oberdiek/gettitle
string.sty
Package: gettitlestring 2016/05/16 v1.5 Cleanup title references (HO)
)
\c@section@level=\count379
)
LaTeX Info: Redefining \ref on input line 64.
LaTeX Info: Redefining \pageref on input line 64.
LaTeX Info: Redefining \nameref on input line 64.
 (./demo.out) (./demo.out)
\@outlinefile=\write5
\openout5 = `demo.out'.

LaTeX Font Info:    Overwriting symbol font `operators' in version `normal'
(Font)                  OT1/cmr/m/n --> OT1/cmss/m/n on input line 64.
LaTeX Font Info:    Overwriting symbol font `operators' in version `bold'
(Font)                  OT1/cmr/bx/n --> OT1/cmss/bx/n on input line 64.
\symnumbers=\mathgroup6
\sympureletters=\mathgroup7
LaTeX Font Info:    Overwriting math alphabet `\mathrm' in version `normal'
(Font)                  OT1/cmss/m/n --> OT1/cmr/m/n on input line 64.
LaTeX Font Info:    Redeclaring math alphabet \mathbf on input line 64.
LaTeX Font Info:    Overwriting math alphabet `\mathbf' in version `normal'
(Font)                  OT1/cmr/bx/n --> OT1/cmss/bx/n on input line 64.
LaTeX Font Info:    Overwriting math alphabet `\mathbf' in version `bold'
(Font)                  OT1/cmr/bx/n --> OT1/cmss/bx/n on input line 64.
LaTeX Font Info:    Redeclaring math alphabet \mathsf on input line 64.
LaTeX Font Info:    Overwriting math alphabet `\mathsf' in version `normal'
(Font)                  OT1/cmss/m/n --> OT1/cmss/m/n on input line 64.
LaTeX Font Info:    Overwriting math alphabet `\mathsf' in version `bold'
(Font)                  OT1/cmss/bx/n --> OT1/cmss/m/n on input line 64.
LaTeX Font Info:    Redeclaring math alphabet \mathit on input line 64.
LaTeX Font Info:    Overwriting math alphabet `\mathit' in version `normal'
(Font)                  OT1/cmr/m/it --> OT1/cmss/m/it on input line 64.
LaTeX Font Info:    Overwriting math alphabet `\mathit' in version `bold'
(Font)                  OT1/cmr/bx/it --> OT1/cmss/m/it on input line 64.
LaTeX Font Info:    Redeclaring math alphabet \mathtt on input line 64.
LaTeX Font Info:    Overwriting math alphabet `\mathtt' in version `normal'
(Font)                  OT1/cmtt/m/n --> OT1/cmtt/m/n on input line 64.
LaTeX Font Info:    Overwriting math alphabet `\mathtt' in version `bold'
(Font)                  OT1/cmtt/m/n --> OT1/cmtt/m/n on input line 64.
LaTeX Font Info:    Overwriting symbol font `numbers' in version `bold'
(Font)                  OT1/cmss/m/n --> OT1/cmss/bx/n on input line 64.
LaTeX Font Info:    Overwriting symbol font `pureletters' in version `bold'
(Font)                  OT1/cmss/m/it --> OT1/cmss/bx/it on input line 64.
LaTeX Font Info:    Overwriting math alphabet `\mathrm' in version `bold'
(Font)                  OT1/cmss/bx/n --> OT1/cmr/bx/n on input line 64.
LaTeX Font Info:    Overwriting math alphabet `\mathbf' in version `bold'
(Font)                  OT1/cmss/bx/n --> OT1/cmss/bx/n on input line 64.
LaTeX Font Info:    Overwriting math alphabet `\mathsf' in version `bold'
(Font)                  OT1/cmss/m/n --> OT1/cmss/bx/n on input line 64.
LaTeX Font Info:    Overwriting math alphabet `\mathit' in version `bold'
(Font)                  OT1/cmss/m/it --> OT1/cmss/bx/it on input line 64.
LaTeX Font Info:    Overwriting math alphabet `\mathtt' in version `bold'
(Font)                  OT1/cmtt/m/n --> OT1/cmtt/bx/n on input line 64.
LaTeX Font Info:    Redeclaring symbol font `pureletters' on input line 64.
LaTeX Font Info:    Overwriting symbol font `pureletters' in version `normal'
(Font)                  OT1/cmss/m/it --> OT1/mathkerncmss/m/sl on input line 6
4.
LaTeX Font Info:    Overwriting symbol font `pureletters' in version `bold'
(Font)                  OT1/cmss/bx/it --> OT1/mathkerncmss/m/sl on input line 
64.
LaTeX Font Info:    Overwriting symbol font `pureletters' in version `bold'
(Font)                  OT1/mathkerncmss/m/sl --> OT1/mathkerncmss/bx/sl on inp
ut line 64.

(/home/eprietop/Workspace/texlive/2018/texmf-dist/tex/latex/translator/translat
or-basic-dictionary-English.dict
Dictionary: translator-basic-dictionary, Language: English 
)
(/home/eprietop/Workspace/texlive/2018/texmf-dist/tex/latex/translator/translat
or-bibliography-dictionary-English.dict
Dictionary: translator-bibliography-dictionary, Language: English 
)
(/home/eprietop/Workspace/texlive/2018/texmf-dist/tex/latex/translator/translat
or-environment-dictionary-English.dict
Dictionary: translator-environment-dictionary, Language: English 
)
(/home/eprietop/Workspace/texlive/2018/texmf-dist/tex/latex/translator/translat
or-months-dictionary-English.dict
Dictionary: translator-months-dictionary, Language: English 
)
(/home/eprietop/Workspace/texlive/2018/texmf-dist/tex/latex/translator/translat
or-numbers-dictionary-English.dict
Dictionary: translator-numbers-dictionary, Language: English 
)
(/home/eprietop/Workspace/texlive/2018/texmf-dist/tex/latex/translator/translat
or-theorem-dictionary-English.dict
Dictionary: translator-theorem-dictionary, Language: English 
)
Package pgfplots notification 'compat/show suggested version=true': you might b
enefit from \pgfplotsset{compat=1.16} (current compat level: 1.9).

(./demo.nav)
<2.png, id=53, 1003.75pt x 888.31876pt>
File: 2.png Graphic file (type png)
<use 2.png>
Package pdftex.def Info: 2.png  used on input line 66.
(pdftex.def)             Requested size: 48.21468pt x 42.67912pt.

Overfull \vbox (62.67915pt too high) detected at line 66
 []


Overfull \vbox (13.79993pt too high) detected at line 66
 []

[1

{/home/eprietop/Workspace/texlive/2018/texmf-var/fonts/map/pdftex/updmap/pdftex
.map} <./2.png>] (./demo.toc) [2

]
LaTeX Font Info:    Try loading font information for U+msa on input line 73.

(/home/eprietop/Workspace/texlive/2018/texmf-dist/tex/latex/amsfonts/umsa.fd
File: umsa.fd 2013/01/14 v3.01 AMS symbols A
)
LaTeX Font Info:    Try loading font information for U+msb on input line 73.

(/home/eprietop/Workspace/texlive/2018/texmf-dist/tex/latex/amsfonts/umsb.fd
File: umsb.fd 2013/01/14 v3.01 AMS symbols B
)
LaTeX Font Info:    Try loading font information for OT1+mathkerncmss on input 
line 73.

(/home/eprietop/Workspace/texlive/2018/texmf-dist/tex/latex/sansmathaccent/ot1m
athkerncmss.fd
File: ot1mathkerncmss.fd 2013/03/27 Fontinst v1.933 font definitions for OT1/ma
thkerncmss.
) [3

]
\openout4 = `demo.vrb'.

 (./demo.vrb) [4

]
\openout4 = `demo.vrb'.

 (./demo.vrb
<GeneracionesprotesisEng.png, id=90, 704.6325pt x 381.425pt>
File: GeneracionesprotesisEng.png Graphic file (type png)
<use GeneracionesprotesisEng.png>
Package pdftex.def Info: GeneracionesprotesisEng.png  used on input line 5.
(pdftex.def)             Requested size: 281.848pt x 152.56729pt.
)
Overfull \vbox (11.8032pt too high) detected at line 90
 []

[5

 <./GeneracionesprotesisEng.png>]
<RecycledEng.png, id=106, 899.36pt x 629.35126pt>
File: RecycledEng.png Graphic file (type png)
<use RecycledEng.png>
Package pdftex.def Info: RecycledEng.png  used on input line 101.
(pdftex.def)             Requested size: 269.81007pt x 188.80682pt.

Overfull \vbox (30.25356pt too high) detected at line 101
 []

[6

 <./RecycledEng.png>]
\openout4 = `demo.vrb'.

 (./demo.vrb
<Wproduced.png, id=117, 842.14626pt x 403.5075pt>
File: Wproduced.png Graphic file (type png)
<use Wproduced.png>
Package pdftex.def Info: Wproduced.png  used on input line 4.
(pdftex.def)             Requested size: 294.7556pt x 141.22974pt.
) [7

 <./Wproduced.png>]
\openout4 = `demo.vrb'.

 (./demo.vrb
<slopesphases.png, id=127, 779.91376pt x 644.4075pt>
File: slopesphases.png Graphic file (type png)
<use slopesphases.png>
Package pdftex.def Info: slopesphases.png  used on input line 4.
(pdftex.def)             Requested size: 233.97594pt x 193.32373pt.
)
Overfull \vbox (28.1095pt too high) detected at line 119
 []

[8

 <./slopesphases.png>]
\openout4 = `demo.vrb'.

 (./demo.vrb) [9

] [10

] [11

]
Overfull \hbox (3.48009pt too wide) in paragraph at lines 164--164
 []|\OT1/cmss/m/n/10 No.| 
 []


Overfull \hbox (10.32924pt too wide) in paragraph at lines 164--164
 []|\OT1/cmss/m/n/10 Total.| 
 []


Overfull \hbox (20.73955pt too wide) in paragraph at lines 164--164
 [] 
 []

[12

]
Overfull \hbox (3.48009pt too wide) in paragraph at lines 192--192
 []|\OT1/cmss/m/n/10 No.| 
 []


LaTeX Warning: Citation `Bovi2011' on page 13 undefined on input line 192.


LaTeX Warning: Citation `Moore2015' on page 13 undefined on input line 192.


LaTeX Warning: Citation `Stansfield2006' on page 13 undefined on input line 192
.


LaTeX Warning: Citation `Hu2018' on page 13 undefined on input line 192.


Overfull \vbox (0.43483pt too high) detected at line 192
 []

[13

]
Overfull \hbox (8.53583pt too wide) in paragraph at lines 221--221
[]|[]|  
 []


Overfull \hbox (5.69055pt too wide) in paragraph at lines 221--221
[]|[]|  
 []


LaTeX Warning: Citation `Physionet' on page 14 undefined on input line 221.


LaTeX Warning: Citation `clinical-database' on page 14 undefined on input line 
221.


LaTeX Warning: Citation `koroibot' on page 14 undefined on input line 221.


LaTeX Warning: Citation `HDM05' on page 14 undefined on input line 221.


LaTeX Warning: Citation `Mellon' on page 14 undefined on input line 221.


LaTeX Warning: Citation `Khandelwal2017' on page 14 undefined on input line 221
.


LaTeX Warning: Citation `Hu2018' on page 14 undefined on input line 221.


Overfull \hbox (23.54057pt too wide) in paragraph at lines 221--221
 [] 
 []


Overfull \vbox (11.28468pt too high) detected at line 221
 []

[14

]
<quasistiffness.png, id=169, 702.625pt x 702.625pt>
File: quasistiffness.png Graphic file (type png)
<use quasistiffness.png>
Package pdftex.def Info: quasistiffness.png  used on input line 232.
(pdftex.def)             Requested size: 175.6558pt x 175.6558pt.

Overfull \vbox (9.94157pt too high) detected at line 232
 []

[15

 <./quasistiffness.png>] [16

]
<opensim_process.png, id=183, 517.935pt x 290.08376pt>
File: opensim_process.png Graphic file (type png)
<use opensim_process.png>
Package pdftex.def Info: opensim_process.png  used on input line 252.
(pdftex.def)             Requested size: 258.96686pt x 145.04152pt.
pdfTeX warning (ext4): destination with the same identifier (name{fig:N=1}) has
 been already used, duplicate ignored
<to be read again> 
                   \relax 
l.252 \end{frame}
                 pdfTeX warning (ext4): destination with the same identifier (n
ame{fig:N=1}) has been already used, duplicate ignored
<to be read again> 
                   \relax 
l.252 \end{frame}
                  [17

 <./opensim_process.png>] [18

]
<optimiTopo.png, id=195, 724.7075pt x 347.2975pt>
File: optimiTopo.png Graphic file (type png)
<use optimiTopo.png>
Package pdftex.def Info: optimiTopo.png  used on input line 272.
(pdftex.def)             Requested size: 253.65143pt x 121.55594pt.
 [19

 <./optimiTopo.png>]
Overfull \hbox (12.58902pt too wide) in paragraph at lines 319--319
[][]  
 []

[20

] [21

] (./demo.bbl
Underfull \vbox (badness 10000) has occurred while \output is active []

 [22

 </home/eprietop/Workspace/texlive/2018/texmf-dist/tex/latex/beamer/beamericona
rticle.pdf>])
Underfull \vbox (badness 10000) has occurred while \output is active []

 [23]
[24] [25

]
\tf@nav=\write6
\openout6 = `demo.nav'.

\tf@toc=\write7
\openout7 = `demo.toc'.

\tf@snm=\write8
\openout8 = `demo.snm'.

Package atveryend Info: Empty hook `BeforeClearDocument' on input line 334.
Package atveryend Info: Empty hook `AfterLastShipout' on input line 334.
 (./demo.aux)
Package atveryend Info: Executing hook `AtVeryEndDocument' on input line 334.
Package atveryend Info: Executing hook `AtEndAfterFileList' on input line 334.
Package rerunfilecheck Info: File `demo.out' has not changed.
(rerunfilecheck)             Checksum: 5D3CEFDFA0A84A0B76362DB03DF7B096;209.


LaTeX Warning: There were undefined references.


LaTeX Warning: There were multiply-defined labels.

 ) 
Here is how much of TeX's memory you used:
 45631 strings out of 492646
 1089619 string characters out of 6122926
 1266345 words of memory out of 5000000
 48627 multiletter control sequences out of 15000+600000
 543784 words of font info for 64 fonts, out of 8000000 for 9000
 1141 hyphenation exceptions out of 8191
 71i,14n,98p,1875b,858s stack positions out of 5000i,500n,10000p,200000b,80000s
</home/eprietop/Workspace/texlive/2018/texmf-dist/fonts/type1/public/amsfonts
/cm/cmmi10.pfb></home/eprietop/Workspace/texlive/2018/texmf-dist/fonts/type1/pu
blic/amsfonts/cm/cmss10.pfb></home/eprietop/Workspace/texlive/2018/texmf-dist/f
onts/type1/public/amsfonts/cm/cmss12.pfb></home/eprietop/Workspace/texlive/2018
/texmf-dist/fonts/type1/public/amsfonts/cm/cmss8.pfb></home/eprietop/Workspace/
texlive/2018/texmf-dist/fonts/type1/public/amsfonts/cm/cmss9.pfb></home/eprieto
p/Workspace/texlive/2018/texmf-dist/fonts/type1/public/amsfonts/cm/cmssbx10.pfb
></home/eprietop/Workspace/texlive/2018/texmf-dist/fonts/type1/public/amsfonts/
cm/cmssi10.pfb></home/eprietop/Workspace/texlive/2018/texmf-dist/fonts/type1/pu
blic/amsfonts/cm/cmssi8.pfb></home/eprietop/Workspace/texlive/2018/texmf-dist/f
onts/type1/public/amsfonts/cm/cmssi9.pfb></home/eprietop/Workspace/texlive/2018
/texmf-dist/fonts/type1/public/amsfonts/symbols/msam10.pfb>
Output written on demo.pdf (25 pages, 1133530 bytes).
PDF statistics:
 295 PDF objects out of 1000 (max. 8388607)
 212 compressed objects within 3 object streams
 65 named destinations out of 1000 (max. 500000)
 211 words of extra memory for PDF output out of 10000 (max. 10000000)

